# Bundle file v0.3
2 77
5.4324141403e+002 5.8649065458e-003 1.3361551169e-002
9.9975431075e-001 -1.1221346776e-003 -2.2137275106e-002
1.2268069982e-003 9.9998813030e-001 4.7153150606e-003
2.2131721125e-002 -4.7413147224e-003 9.9974382061e-001
-1.0463248201e-001 1.7445144440e-002 1.0790319832e-001
5.4662344206e+002 -8.0044384751e-003 3.8611561716e-002
9.9791772319e-001 1.3062261285e-003 6.4486522048e-002
-3.0809183266e-003 9.9961901756e-001 2.7428592307e-002
-6.4426125871e-002 -2.7570156093e-002 9.9754155843e-001
9.3304549805e-001 -2.6431273311e-003 -1.3730497558e-001
9.0175296633e-001 -3.2378202949e-001 -4.8087773116e+000
114 110 110
2 0 7 104.9700 -38.4500 1 16 166.9200 -50.1600
3.7199486519e+000 -7.1513673787e-001 -1.0497732246e+001
24 24 24
2 0 32 203.1200 -40.0800 1 26 200.2000 -50.4000
3.7199486519e+000 -7.1513673787e-001 -1.0497732246e+001
24 24 24
2 0 33 203.1200 -40.0800 1 27 200.2000 -50.4000
3.9770048177e+000 -8.5752612336e-001 -9.8467133053e+000
166 173 176
2 0 46 230.7600 -50.8700 1 25 228.7400 -60.0600
7.9664542850e-001 -1.1695621522e-001 -4.7956462737e+000
149 157 160
2 0 72 92.8900 -14.2600 1 94 155.9900 -27.7100
1.0237232269e+000 8.1374653638e-001 -4.8455737205e+000
21 30 29
2 0 107 118.1200 93.3900 1 101 177.4600 72.7500
1.0237232269e+000 8.1374653638e-001 -4.8455737205e+000
21 30 29
2 0 108 118.1200 93.3900 1 102 177.4600 72.7500
1.5009879252e-001 1.3851158443e+000 -3.9259168415e+000
255 252 255
2 0 190 18.6300 197.2600 1 194 110.7500 169.4700
2.1734899870e-001 1.4606464876e+000 -3.9602227240e+000
129 152 108
2 0 196 28.0400 206.0000 1 290 118.2700 177.8800
-1.0861881994e+000 -7.7245509910e-001 -3.4356608507e+000
73 70 63
2 0 211 -180.9900 -125.2000 1 321 -58.7400 -136.5500
5.4212315123e-001 -8.1785082309e-001 -4.1763336275e+000
170 170 160
2 0 220 71.1900 -109.9700 1 328 152.3900 -118.5000
6.8597963411e-001 -8.6147124562e-001 -4.4223969789e+000
178 178 166
2 0 315 86.0700 -109.3900 1 327 159.2000 -118.0200
-9.4841676577e-001 -1.1470653947e+000 -6.9134997636e+000
55 56 51
2 0 321 -71.6000 -92.5700 1 330 -36.2700 -105.3200
-9.4841676577e-001 -1.1470653947e+000 -6.9134997636e+000
55 56 51
2 0 322 -71.6000 -92.5700 1 331 -36.2700 -105.3200
5.6555371087e-001 1.4904571331e+000 -5.8507010837e+000
127 128 120
2 0 405 55.7600 140.0000 1 607 101.3500 120.0100
-1.1425204833e+000 -7.5962080655e-001 -3.3451984437e+000
49 51 40
2 0 469 -195.7200 -126.5200 1 692 -68.5100 -137.7500
-1.5119111994e+000 -7.3248728874e-001 -3.2440088338e+000
126 123 114
2 0 471 -265.6700 -126.1600 1 320 -131.9000 -137.3400
-1.2823969925e+000 -6.0224498634e-001 -3.2509315961e+000
101 99 86
2 0 482 -225.7700 -103.2500 1 699 -92.7800 -115.0200
3.2017856740e-001 -6.9281055449e-001 -4.2481845685e+000
103 102 100
2 0 484 40.8300 -91.2300 1 709 122.0700 -101.7100
7.9931366945e-001 -6.7746275928e-001 -4.4193110767e+000
8 10 7
2 0 490 100.4800 -86.0300 1 487 172.4300 -96.0100
7.1581337349e-001 -6.7824594646e-001 -4.3979613874e+000
13 15 14
2 0 491 90.2500 -86.5700 1 719 163.6000 -96.5100
-3.9915346408e+000 -1.1566953390e+000 -7.5297262440e+000
9 13 4
2 0 493 -285.1900 -85.7700 1 482 -262.8800 -100.4600
-1.3715505968e+000 -3.3533536411e-001 -3.2932245361e+000
37 43 30
2 0 508 -237.5400 -56.7600 1 504 -106.5800 -69.6700
-1.3808311695e+000 -1.3610203944e-001 -3.2920425249e+000
69 72 61
2 0 521 -239.1400 -23.2000 1 751 -107.9300 -36.7000
-1.2872607697e+000 9.1588495518e-002 -3.4442988135e+000
35 36 26
2 0 536 -212.6600 14.9700 1 761 -89.7500 -0.4800
1.4332183073e+000 4.3831464093e-001 -4.3996901206e+000
23 28 24
2 0 556 181.8600 55.7300 1 543 245.5500 36.6500
-1.4276878872e+000 3.9709822729e-001 -3.4055751747e+000
113 117 112
2 0 566 -238.1100 64.5800 1 549 -112.4600 48.5700
-1.5358350263e+000 -7.4125074641e-001 -3.2182818135e+000
121 119 107
2 0 704 -272.1000 -128.8300 1 691 -136.7900 -139.7300
1.2217256553e+000 -8.5979975683e-001 -4.3464298587e+000
72 73 69
2 0 714 156.9300 -111.1900 1 695 225.8700 -119.1000
1.2217256553e+000 -8.5979975683e-001 -4.3464298587e+000
72 73 69
2 0 715 156.9300 -111.1900 1 696 225.8700 -119.1000
1.2839795739e+000 -8.5345284547e-001 -4.3412123382e+000
86 82 76
2 0 717 165.2300 -110.4900 1 698 233.4900 -118.4300
1.3693736593e+000 -7.8578432528e-001 -4.5387072050e+000
115 114 109
2 0 727 168.9500 -97.0600 1 1052 231.7700 -106.3900
-1.2717231620e+000 -5.6715121159e-001 -3.2620519848e+000
42 49 33
2 0 728 -223.1000 -97.0000 1 703 -90.7700 -108.6900
7.4916962778e-001 -7.0180461674e-001 -4.4046788460e+000
57 58 58
2 0 737 94.3900 -89.4600 1 1061 167.2400 -99.1800
2.6201465341e-001 -6.7109116274e-001 -4.2896077901e+000
29 26 24
2 0 740 32.9500 -87.2900 1 713 113.5100 -98.4800
-2.4134434723e-002 -7.7627000040e-001 -5.2527651809e+000
50 44 37
2 0 751 -1.2300 -82.6800 1 723 58.1000 -94.3200
-1.8974034456e-002 -7.2160914232e-001 -5.2576917664e+000
181 182 182
2 0 759 -0.6800 -76.6800 1 492 58.5300 -88.8000
-1.8974034456e-002 -7.2160914232e-001 -5.2576917664e+000
181 182 182
2 0 760 -0.6800 -76.6800 1 493 58.5300 -88.8000
-1.5711270692e+000 -7.6171305439e-001 -3.2153445760e+000
66 63 57
2 0 1065 -278.4900 -132.4500 1 1019 -142.9800 -143.4800
5.7963477721e-001 -8.7383685793e-001 -4.1859342923e+000
108 107 102
2 0 1081 76.1000 -117.1200 1 1030 156.6700 -125.4600
9.1326122690e-001 -8.5676600648e-001 -4.2640094086e+000
130 132 121
2 0 1086 118.9300 -112.8600 1 1034 193.6500 -120.9600
5.7119566244e-001 -7.7109721347e-001 -4.1069277190e+000
90 91 79
2 0 1096 76.1900 -105.5900 1 1529 159.0700 -113.9700
7.6800366055e-001 -8.0825569367e-001 -4.3993329393e+000
139 140 134
2 0 1100 96.9300 -102.9600 1 1534 169.7900 -112.2900
4.5819759391e-002 -7.5181433108e-001 -5.1988987402e+000
109 96 87
2 0 1124 6.1000 -81.0400 1 1065 66.1800 -92.4200
-8.1111865398e-002 -7.6030669094e-001 -5.3400322523e+000
84 78 71
2 0 1127 -6.9300 -79.5700 1 1067 50.9300 -91.5900
-1.3424087448e+000 -1.3191078814e+000 -9.4806762982e+000
8 16 5
2 0 1134 -71.4700 -77.1800 1 1066 -58.8100 -91.7900
-1.2994074241e+000 -3.9255531918e-001 -3.2888976394e+000
98 102 88
2 0 1145 -225.7300 -66.5000 1 1070 -94.7500 -79.1700
-1.3981913207e+000 4.1273364470e-001 -3.4024613115e+000
73 77 70
2 0 1256 -233.5500 67.1600 1 789 -107.7900 51.1100
-1.4493230986e+000 4.2448561731e-001 -3.4115655819e+000
54 56 53
2 0 1262 -241.1700 68.9000 1 1145 -115.7500 52.8200
3.4039970498e-001 5.9010510991e-001 -4.3368287229e+000
62 68 68
2 0 1274 42.5800 75.3700 1 1720 120.6500 56.9500
-1.3918834468e+000 5.6493496261e-001 -3.3761395729e+000
74 78 71
2 0 1288 -234.4900 93.0300 1 1169 -107.1700 75.5500
5.9006061506e-001 1.2185705922e+000 -5.6078172806e+000
128 130 129
2 0 1327 60.1800 119.8000 1 1811 109.4000 99.7800
4.9849628661e-001 1.2359045100e+000 -5.6210268056e+000
100 101 99
2 0 1331 51.0200 121.4900 1 1817 100.5600 100.9200
-1.1688902430e+000 -7.4611704466e-001 -3.0200458416e+000
115 113 109
2 0 1563 -223.7100 -138.1200 1 1012 -76.7800 -148.0900
-1.6037836165e+000 -7.6298823330e-001 -3.2178610096e+000
62 59 52
2 0 1569 -283.9000 -132.5900 1 1494 -148.5200 -143.6500
3.8218144165e-001 -8.1473091567e-001 -4.3217996059e+000
122 127 120
2 0 1619 48.3900 -105.8600 1 1523 127.0200 -114.8600
-1.2993613122e+000 -5.6645200830e-001 -3.2549624774e+000
129 120 110
2 0 1636 -228.3400 -97.2800 1 1539 -95.5300 -108.6200
7.3759153071e-001 -3.7449212195e-001 -3.1823750978e+000
46 43 41
2 0 1686 125.1600 -66.5700 1 1563 238.8500 -75.5500
-1.3972035257e+000 -3.2469262807e-001 -3.2910316933e+000
96 95 91
2 0 1720 -242.0300 -55.0900 1 1573 -110.8800 -67.8700
-1.2969262220e+000 -2.9812010068e-001 -3.3225430520e+000
85 87 76
2 0 1725 -222.8100 -50.0700 1 1577 -93.6600 -63.0100
-1.4303271819e+000 -2.1128204600e-001 -3.2856861574e+000
19 20 15
2 0 1753 -248.0100 -36.0500 1 1587 -116.3900 -49.1100
-1.7793625800e+000 2.4153970810e-001 -3.6215624668e+000
158 152 144
2 0 1831 -276.4400 36.7200 1 1653 -161.4100 21.7700
7.8283571498e-001 4.2972906883e-001 -4.2827982701e+000
62 65 58
2 0 1866 100.9300 56.1600 1 1676 175.7700 37.2600
6.5530918154e-002 5.0305765587e-001 -4.2007705434e+000
74 78 81
2 0 1904 7.0900 66.9400 1 1699 91.5500 47.9000
-1.4270392484e+000 4.2190853939e-001 -3.4134035198e+000
106 112 108
2 0 1910 -237.4200 68.3700 1 1711 -112.1500 52.4300
-1.4287131237e+000 4.4829381343e-001 -3.4080841486e+000
105 107 102
2 0 1917 -238.0900 72.9000 1 1148 -112.5100 56.5800
-3.0779573029e-001 7.9236169533e-001 -4.4930221594e+000
229 237 238
2 0 1973 -38.7900 97.7200 1 1755 39.8600 78.6300
9.9504080682e-001 8.6474831362e-001 -4.8191188284e+000
49 51 48
2 0 1979 115.3700 99.8300 1 1756 175.4900 78.7500
9.9252367600e-001 8.9207439039e-001 -4.8319229457e+000
214 210 199
2 0 1987 114.7900 102.6700 1 1769 174.6700 81.5000
1.0555741901e+000 9.0687030397e-001 -4.7959610682e+000
66 67 59
2 0 1995 122.9600 105.2300 1 1186 182.8800 83.7300
1.0555741901e+000 9.0687030397e-001 -4.7959610682e+000
66 67 59
2 0 1996 122.9600 105.2300 1 1187 182.8800 83.7300
8.4491985151e-001 9.9407075720e-001 -5.1656201710e+000
200 197 190
2 0 2001 92.0000 107.1000 1 1191 146.8700 85.5000
8.4491985151e-001 9.9407075720e-001 -5.1656201710e+000
200 197 190
2 0 2002 92.0000 107.1000 1 1192 146.8700 85.5000
4.9512125636e-001 1.1906351548e+000 -5.6092877746e+000
182 183 177
2 0 2036 50.7600 116.9800 1 1805 100.5600 97.2300
2.5924337703e+000 1.5048813551e+000 -6.2023804170e+000
99 103 102
2 0 2099 236.2900 133.9900 1 1843 261.4700 111.7200
4.3396943235e-001 1.4929348992e+000 -5.8720650534e+000
161 164 169
2 0 2114 43.1800 140.0900 1 1864 89.1400 119.4600
4.3396943235e-001 1.4929348992e+000 -5.8720650534e+000
161 164 169
2 0 2115 43.1800 140.0900 1 1865 89.1400 119.4600
