# Bundle file v0.3
2 312
5.9855509252e+002 -2.0325891419e-002 3.1390270540e-002
9.9959722556e-001 -2.4815526820e-003 -2.8270630366e-002
2.3367636235e-003 9.9998399075e-001 -5.1534230917e-003
2.8282966265e-002 5.0852856439e-003 9.9958702157e-001
-1.0167821224e+000 -1.5649960714e-001 -6.0694421608e-001
6.0121948285e+002 -2.0649146614e-002 1.9567793829e-002
9.9867671931e-001 -3.6818192103e-003 -5.1295755279e-002
9.0879621518e-004 9.9854169664e-001 -5.3978274874e-002
5.1419688756e-002 5.3860229077e-002 9.9722369172e-001
-6.9074060164e-001 8.2545291416e-001 -7.3039689829e-001
1.1000626540e+001 2.4589626044e+000 -3.5555493840e+001
251 251 251
2 0 5 182.7200 42.0000 1 3 205.0400 87.9300
1.1000626540e+001 2.4589626044e+000 -3.5555493840e+001
251 251 251
2 0 6 182.7200 42.0000 1 4 205.0400 87.9300
-1.1693572910e+001 2.5446687685e+000 -3.3840186929e+001
229 236 242
2 0 9 -201.8100 43.4800 1 5 -183.0000 89.0800
-1.1693572910e+001 2.5446687685e+000 -3.3840186929e+001
229 236 242
2 0 10 -201.8100 43.4800 1 6 -183.0000 89.0800
-8.5974354073e+000 2.4895349189e+000 -3.2433919877e+001
89 91 88
2 0 17 -156.2200 44.5200 1 38 -137.2300 90.9500
-1.5142932139e+001 3.1572256616e+000 -3.5483240339e+001
93 90 96
2 0 18 -248.0100 51.5100 1 19 -228.6000 95.9700
1.1643472362e+001 -5.1435901812e+000 -3.4985861406e+001
71 72 74
2 0 28 197.1200 -86.3100 1 33 216.3600 -40.8900
-1.1931528512e+001 -4.2971811271e+000 -3.0269422967e+001
72 73 73
2 0 29 -230.7500 -82.7800 1 34 -208.6600 -34.7300
3.4231150472e+000 -2.4404813409e+000 -2.5121555168e+001
17 19 16
2 0 31 71.9500 -57.1300 1 35 94.8800 -6.1700
1.0104598693e+001 4.9898590493e-001 -3.7355668057e+001
80 82 79
2 0 33 160.2200 9.0700 1 36 182.0800 53.4800
8.0665137366e+000 2.7460650038e+000 -3.6569363654e+001
108 108 106
2 0 34 130.7900 45.2900 1 37 151.2100 90.9200
4.8733418424e+000 -6.7194413373e+000 -2.9752260662e+001
122 140 58
2 0 45 93.1200 -132.6400 1 58 112.7500 -84.1300
4.8733418424e+000 -6.7194413373e+000 -2.9752260662e+001
122 140 58
2 0 46 93.1200 -132.6400 1 59 112.7500 -84.1300
-1.2132785638e+001 -6.6483458239e+000 -2.5813822398e+001
14 11 13
2 0 69 -276.5700 -149.0700 1 83 -249.6600 -96.8600
7.5472275301e+000 -6.5144405622e+000 -3.3542111081e+001
19 21 16
2 0 72 132.1000 -114.1300 1 64 150.8300 -67.8400
8.2078940317e+000 -5.6708468859e+000 -3.3671188919e+001
73 77 80
2 0 74 143.2200 -98.9100 1 69 162.3300 -52.8400
3.2417341279e+000 -4.3361246314e+000 -3.1253189832e+001
83 84 86
2 0 76 57.7500 -81.1100 1 44 79.2700 -34.4100
-6.3050852111e+000 -4.1116178413e+000 -3.1788450408e+001
82 86 85
2 0 77 -117.7400 -75.5600 1 73 -97.2400 -28.6400
8.6129280497e+000 -7.4388290191e-001 -3.5534899904e+001
91 95 94
2 0 78 143.0800 -11.5600 1 74 163.6200 33.6600
-1.0323748051e+001 -5.5848334645e-001 -3.3448573443e+001
98 100 97
2 0 79 -180.8800 -9.8400 1 75 -160.7900 35.7400
-1.2619481832e+001 -6.9354772722e+000 -2.8273642272e+001
167 159 148
2 0 90 -261.7600 -142.0800 1 85 -236.0600 -91.9300
-1.2619481832e+001 -6.9354772722e+000 -2.8273642272e+001
167 159 148
2 0 91 -261.7600 -142.0800 1 86 -236.0600 -91.9300
-1.0993175776e+001 -5.5965186260e+000 -3.1233998301e+001
23 28 24
2 0 99 -205.8300 -104.4300 1 93 -184.5100 -56.4300
-1.3352366616e+000 -5.3598118835e+000 -3.4222520660e+001
20 22 20
2 0 109 -23.7000 -91.5800 1 70 -4.0600 -45.8200
7.4636483773e+000 -2.9141379256e+000 -3.4376607567e+001
25 28 27
2 0 112 127.6600 -49.4600 1 101 147.3700 -3.8300
-2.3501919249e+000 -2.6790912876e+000 -3.2373456205e+001
31 34 33
2 0 114 -44.3300 -48.4000 1 105 -24.6300 -1.9100
-2.3501919249e+000 -2.6790912876e+000 -3.2373456205e+001
31 34 33
2 0 115 -44.3300 -48.4000 1 106 -24.6300 -1.9100
-9.2627081299e+000 -2.6233178857e+000 -3.2500885640e+001
31 35 34
2 0 116 -167.4800 -47.1700 1 161 -147.0000 -0.8600
-1.2494243631e+000 -2.1810294007e+000 -3.3776575795e+001
31 36 39
2 0 117 -22.9200 -37.6000 1 108 -3.2200 8.0900
-1.2494243631e+000 -2.1810294007e+000 -3.3776575795e+001
31 36 39
2 0 118 -22.9200 -37.6000 1 107 -3.2200 8.0900
-3.8018886762e+000 -1.9713554498e+000 -3.4417624209e+001
32 34 33
2 0 119 -65.6200 -33.3000 1 110 -45.9400 12.0200
-3.8018886762e+000 -1.9713554498e+000 -3.4417624209e+001
32 34 33
2 0 120 -65.6200 -33.3000 1 109 -45.9400 12.0200
7.0628085257e-002 -1.5160336514e+000 -3.3724022447e+001
18 22 21
2 0 122 -0.0300 -26.0600 1 112 19.6900 19.6900
7.0628085257e-002 -1.5160336514e+000 -3.3724022447e+001
18 22 21
2 0 123 -0.0300 -26.0600 1 113 19.6900 19.6900
1.0703209614e+001 -1.0564768944e+000 -3.5431220083e+001
81 86 89
2 0 124 179.1600 -16.9300 1 114 198.9700 28.6700
-1.2324222193e+001 -7.7667984798e-001 -3.3866766151e+001
75 79 76
2 0 125 -212.3100 -13.5300 1 115 -192.0900 31.8600
-1.2324222193e+001 -7.7667984798e-001 -3.3866766151e+001
75 79 76
2 0 126 -212.3100 -13.5300 1 116 -192.0900 31.8600
1.1427820479e+001 -6.3324240660e-001 -3.4880099564e+001
55 47 46
2 0 129 193.7200 -9.9300 1 119 214.6300 35.8100
9.5424970765e+000 -6.1049211413e-001 -3.4260343871e+001
52 46 46
2 0 130 164.0500 -9.8200 1 120 184.6900 36.1400
3.8007317694e+000 -7.0688210585e+000 -2.2694804880e+001
199 183 165
2 0 138 88.6600 -182.6800 1 258 109.3800 -127.5500
3.8007317694e+000 -7.0688210585e+000 -2.2694804880e+001
199 183 165
2 0 139 88.6600 -182.6800 1 259 109.3800 -127.5500
6.6404552912e+000 -5.6929137856e+000 -3.2802308764e+001
78 83 86
2 0 163 117.9700 -101.8700 1 137 137.4800 -55.4300
6.6404552912e+000 -5.6929137856e+000 -3.2802308764e+001
78 83 86
2 0 164 117.9700 -101.8700 1 138 137.4800 -55.4300
-7.4461022520e+000 -5.2609301162e+000 -3.1533560335e+001
81 84 81
2 0 168 -139.3700 -97.4200 1 144 -118.8600 -49.9200
7.4159068950e+000 -5.5380281497e+000 -3.3915787765e+001
24 29 28
2 0 171 128.4300 -95.8500 1 141 147.5300 -49.9100
7.4159068950e+000 -5.5380281497e+000 -3.3915787765e+001
24 29 28
2 0 172 128.4300 -95.8500 1 142 147.5300 -49.9100
-8.2640858689e+000 -4.8456106997e+000 -3.2544123357e+001
67 67 55
2 0 173 -149.2500 -86.9000 1 146 -128.7900 -40.1100
-8.2640858689e+000 -4.8456106997e+000 -3.2544123357e+001
67 67 55
2 0 174 -149.2500 -86.9000 1 147 -128.7900 -40.1100
1.0230556465e+001 -3.4653279904e+000 -3.3778220929e+001
22 26 26
2 0 177 178.3900 -60.0300 1 149 198.3500 -14.0900
-1.2142717490e+001 -3.2247662676e+000 -3.2937890980e+001
31 39 24
2 0 178 -215.2400 -57.1000 1 150 -194.0600 -10.9500
6.0394219122e+000 -2.9541847024e+000 -3.3205536067e+001
27 31 32
2 0 179 106.1100 -52.0200 1 151 125.7400 -5.8100
6.0394219122e+000 -2.9541847024e+000 -3.3205536067e+001
27 31 32
2 0 180 106.1100 -52.0200 1 152 125.7400 -5.8100
-5.8043672612e+000 -2.6925945662e+000 -3.2052810505e+001
20 26 26
2 0 181 -107.5900 -49.1600 1 154 -87.6800 -2.5000
-7.8533232079e+000 -2.5545650076e+000 -3.1543515311e+001
27 30 29
2 0 183 -147.1100 -47.4200 1 159 -126.8100 -0.5300
-7.8533232079e+000 -2.5545650076e+000 -3.1543515311e+001
27 30 29
2 0 184 -147.1100 -47.4200 1 160 -126.8100 -0.5300
-8.4812887511e+000 -2.2755831983e+000 -3.3976138494e+001
21 24 22
2 0 185 -146.4600 -39.0800 1 165 -126.5200 6.4700
-8.4812887511e+000 -2.2755831983e+000 -3.3976138494e+001
21 24 22
2 0 186 -146.4600 -39.0800 1 164 -126.5200 6.4700
1.3120732047e+001 -7.7205032459e-001 -3.5245449071e+001
82 78 78
2 0 187 220.5200 -12.0600 1 172 241.9300 33.4900
7.0879423070e+000 -7.0919120724e-001 -3.2465195968e+001
22 27 30
2 0 188 127.0400 -12.3700 1 117 147.7000 34.3300
9.0882709116e-002 -5.8184338634e-001 -3.2537598312e+001
27 31 32
2 0 197 -0.1000 -10.3000 1 181 19.4100 36.2200
-6.7609878423e+000 -5.0042921734e-001 -3.1849170912e+001
23 27 26
2 0 204 -125.9500 -9.3200 1 192 -106.1600 37.2700
-7.6338649375e+000 -4.4846326562e-001 -3.1001289432e+001
21 25 26
2 0 205 -145.8400 -8.7700 1 307 -126.1300 38.3600
-8.8131523056e+000 -4.7702506976e-001 -3.1372556185e+001
26 30 29
2 0 207 -165.6800 -9.1900 1 194 -145.7900 37.6500
-1.1096640629e+001 -4.8115561162e-001 -3.2794481299e+001
54 47 43
2 0 208 -198.1800 -8.7700 1 193 -177.9400 37.1300
-1.2752219780e+001 -4.3164633799e-001 -3.3041712548e+001
43 39 36
2 0 209 -225.3300 -7.8700 1 195 -204.8100 37.8300
6.7274611397e+000 -2.5171815601e-001 -3.3888308337e+001
75 81 79
2 0 210 116.2800 -3.8000 1 196 136.4200 42.3200
5.4714913156e+000 -2.8276052585e-001 -3.3428169464e+001
80 84 83
2 0 212 95.2900 -4.4700 1 198 115.4000 41.7900
1.8850849288e+000 -2.4972795080e-001 -3.2627305292e+001
79 84 80
2 0 215 32.2900 -4.2100 1 202 51.9400 42.3600
-8.5610794165e+000 -6.8155186239e-002 -3.2511276068e+001
87 92 88
2 0 228 -155.2500 -1.3500 1 220 -135.2800 44.7400
-1.1776022640e+001 6.8313278316e-001 -3.2881176153e+001
68 69 65
2 0 229 -209.5400 11.8000 1 221 -189.5500 57.6000
1.2099651114e+001 1.1948545029e+000 -3.5494403329e+001
254 254 252
2 0 230 201.7800 20.9200 1 222 223.6100 66.7200
9.2732980259e+000 1.8870176777e+000 -3.5081469867e+001
252 253 251
2 0 232 156.1200 32.6100 1 226 176.8800 78.7900
-1.0050321618e+001 2.0950990975e+000 -3.2856522928e+001
82 84 83
2 0 233 -179.7600 36.9700 1 228 -160.1400 82.8600
3.0096709227e+000 2.3901281480e+000 -3.2946500721e+001
104 101 98
2 0 235 52.2000 43.1300 1 230 72.0900 90.0800
5.7909371255e+000 -7.3929291483e+000 -2.3861342262e+001
198 181 161
2 0 268 134.2800 -181.9800 1 371 154.4000 -128.1900
1.0235942315e+001 -6.1883873104e+000 -3.4137255582e+001
66 70 73
2 0 295 176.8000 -106.5200 1 282 196.0200 -60.7200
7.9071585139e+000 -5.8366991943e+000 -3.3940534855e+001
75 81 81
2 0 299 136.8400 -100.9500 1 285 156.1200 -55.0700
7.9071585139e+000 -5.8366991943e+000 -3.3940534855e+001
75 81 81
2 0 300 136.8400 -100.9500 1 286 156.1200 -55.0700
1.0443572221e+001 -5.6857723023e+000 -3.4024077339e+001
27 32 26
2 0 301 181.0000 -98.1700 1 287 200.3100 -52.3300
7.4011763277e+000 -5.5411992233e+000 -3.3820864957e+001
24 30 28
2 0 304 128.4500 -96.1700 1 288 147.6200 -50.2000
7.4011763277e+000 -5.5411992233e+000 -3.3820864957e+001
24 30 28
2 0 305 128.4500 -96.1700 1 289 147.6200 -50.2000
1.1464238610e+001 -3.7372943047e+000 -3.4369493420e+001
41 40 40
2 0 308 197.0900 -63.6500 1 293 217.0100 -17.9800
-1.1075562704e+001 -3.2927593289e+000 -3.2383390197e+001
41 40 36
2 0 310 -200.1500 -59.3600 1 294 -179.2000 -12.8500
-1.3086373142e+001 -3.3181714624e+000 -3.3077709550e+001
41 39 38
2 0 311 -230.5800 -58.4800 1 295 -209.1700 -12.3800
2.4088957841e+000 -2.4647827883e+000 -2.7346438005e+001
239 237 225
2 0 312 46.6300 -53.1200 1 298 67.0400 -3.3600
2.4088957841e+000 -2.4647827883e+000 -2.7346438005e+001
239 237 225
2 0 313 46.6300 -53.1200 1 299 67.0400 -3.3600
1.0959495555e+001 -2.9655226500e+000 -3.4601929087e+001
80 83 83
2 0 314 187.1000 -49.9800 1 296 207.2800 -4.4200
1.0959495555e+001 -2.9655226500e+000 -3.4601929087e+001
80 83 83
2 0 315 187.1000 -49.9800 1 297 207.2800 -4.4200
-1.1774658371e+001 -2.5852273061e+000 -3.2995339549e+001
76 85 81
2 0 316 -208.4800 -45.7700 1 301 -187.6700 0.2700
1.5088783507e+001 -2.5971149731e+000 -3.5479092761e+001
69 71 68
2 0 317 252.3100 -42.4300 1 302 273.8000 2.7000
1.0474105595e+001 -2.4944400967e+000 -3.4400910420e+001
27 29 30
2 0 318 179.6500 -42.1800 1 303 199.9300 3.5000
1.5961060675e+001 -2.0846631374e+000 -3.6425919490e+001
20 27 26
2 0 319 260.6500 -32.9000 1 306 282.2600 11.9400
-1.3877782848e+001 1.0576541987e+000 -3.3795129639e+001
53 47 47
2 0 325 -239.1100 17.8400 1 461 -219.2800 63.1800
1.2084083954e+001 1.1266039124e+000 -3.5251154479e+001
254 254 255
2 0 326 202.9700 19.8400 1 313 224.4600 65.8400
-1.1260196626e+001 1.2006397326e+000 -3.2799663508e+001
233 236 243
2 0 327 -201.0700 21.0100 1 314 -181.3600 66.9100
-1.1260196626e+001 1.2006397326e+000 -3.2799663508e+001
233 236 243
2 0 328 -201.0700 21.0100 1 315 -181.3600 66.9100
-1.4160224544e+001 1.8144794498e+000 -3.4724557486e+001
72 72 71
2 0 330 -237.3100 30.1500 1 319 -217.6000 74.9700
8.5909956656e+000 2.0906816004e+000 -3.4585878451e+001
76 84 85
2 0 333 146.3300 36.4800 1 322 167.0700 82.9100
8.4463276237e+000 3.1988416331e+000 -3.5046077739e+001
85 102 106
2 0 348 142.1400 54.7700 1 337 163.0000 101.2900
-9.4866043395e+000 3.0550031634e+000 -3.2942105037e+001
79 101 98
2 0 349 -169.5400 53.9400 1 335 -150.0600 99.8800
1.3572002837e+001 5.0834024809e+000 -3.6166721593e+001
64 64 64
2 0 356 222.4500 84.5900 1 342 246.1000 131.4600
5.2157071074e+000 -7.2837115021e+000 -2.3481783456e+001
205 181 162
2 0 367 121.1600 -181.9600 1 372 142.5600 -128.0800
2.4345286467e+000 -7.4483027340e+000 -2.4201251044e+001
196 179 160
2 0 369 51.0800 -180.3100 1 373 71.9400 -126.7000
-1.1005752516e+001 -6.5251837685e+000 -2.4565071584e+001
188 209 229
2 0 383 -264.4800 -153.9500 1 384 -238.3800 -100.2600
4.9924624125e+000 -6.9249993285e+000 -2.7239360979e+001
18 25 12
2 0 389 102.7900 -149.3900 1 386 122.3800 -98.8600
9.5939354140e+000 -6.0668767420e+000 -3.3999144114e+001
15 20 16
2 0 408 166.2300 -104.8400 1 412 185.3800 -58.9500
-1.2119036598e+001 -5.6955322746e+000 -3.2755810623e+001
65 69 70
2 0 410 -215.7600 -101.1700 1 414 -193.9900 -54.2300
-9.5344376548e+000 -5.2915955471e+000 -3.3087020760e+001
25 28 23
2 0 413 -168.7100 -93.2300 1 416 -147.9500 -46.6300
9.4098001323e+000 -3.7435502296e+000 -3.3784000867e+001
41 41 41
2 0 414 164.0100 -64.9200 1 423 183.5500 -18.9300
9.4098001323e+000 -3.7435502296e+000 -3.3784000867e+001
41 41 41
2 0 415 164.0100 -64.9200 1 424 183.5500 -18.9300
1.0423918769e+001 -3.2982898710e+000 -3.4047019662e+001
25 31 26
2 0 416 180.4600 -56.6200 1 629 200.5600 -10.8300
-3.7311160916e+000 -2.8569251730e+000 -3.2375305164e+001
20 24 23
2 0 418 -69.1700 -51.6200 1 428 -49.4500 -5.1100
-1.3736782010e+001 -2.1506409156e+000 -3.2703198222e+001
26 27 22
2 0 422 -244.7200 -38.5000 1 433 -223.4600 7.6000
1.0171801065e+001 -1.1734783599e+000 -3.4693182748e+001
89 93 95
2 0 423 173.2900 -19.3200 1 435 193.3800 26.5000
-1.3749716181e+001 -9.1195804205e-001 -3.2971667665e+001
32 33 27
2 0 424 -243.0500 -16.3800 1 436 -222.1500 29.3700
6.6941898939e+000 -8.7309110882e-001 -3.3754901270e+001
81 86 89
2 0 425 116.1100 -14.7100 1 437 136.1400 31.3900
-8.5734136845e+000 -7.6121848148e-001 -3.2609758323e+001
68 73 69
2 0 430 -154.8700 -13.7400 1 449 -134.8700 32.3500
-8.5734136845e+000 -7.6121848148e-001 -3.2609758323e+001
68 73 69
2 0 431 -154.8700 -13.7400 1 450 -134.8700 32.3500
-1.6084896488e+001 5.6293168358e-001 -3.3554863731e+001
52 42 38
2 0 437 -278.4900 9.3300 1 459 -257.5500 54.5500
-1.6084896488e+001 5.6293168358e-001 -3.3554863731e+001
52 42 38
2 0 438 -278.4900 9.3300 1 460 -257.5500 54.5500
9.8708644729e+000 1.4067910110e+000 -3.5017660596e+001
109 110 106
2 0 441 166.4400 24.6000 1 463 187.4900 70.6500
9.8708644729e+000 1.4067910110e+000 -3.5017660596e+001
109 110 106
2 0 442 166.4400 24.6000 1 464 187.4900 70.6500
-1.0830309187e+001 1.4280409390e+000 -3.2930117071e+001
73 77 76
2 0 443 -192.8400 25.0200 1 465 -173.1100 70.8300
-8.1650631942e+000 2.3428056835e+000 -3.2446115770e+001
43 61 73
2 0 454 -148.6800 41.9900 1 474 -129.2400 88.2700
2.4767771126e+000 2.4020973984e+000 -3.3314592690e+001
42 58 74
2 0 456 42.3000 42.8900 1 477 62.1700 89.5700
-8.3524174780e-001 2.3727443234e+000 -3.2722215781e+001
30 48 60
2 0 462 -16.9200 42.8500 1 483 2.7900 89.5200
-1.1746599665e+001 2.4045866100e+000 -3.3033283814e+001
239 228 210
2 0 469 -208.0700 42.0300 1 468 -188.7200 87.8600
8.7098777150e+000 2.6702593610e+000 -3.4895200192e+001
248 250 249
2 0 470 147.2800 46.0100 1 490 167.9600 92.5100
-9.6538551119e+000 2.5791638019e+000 -3.2487627978e+001
223 231 234
2 0 471 -174.7900 46.0000 1 491 -155.5400 92.2500
2.9301967779e+000 2.6304788574e+000 -1.8987397928e+001
235 239 242
2 0 475 75.4100 79.0000 1 709 98.7100 138.9500
3.0504358167e+000 3.2046369673e+000 -1.8868973359e+001
228 232 234
2 0 476 79.6500 97.1500 1 499 102.7700 157.8000
3.6654443608e+000 -7.3321066909e+000 -2.2413216114e+001
156 114 101
2 0 498 85.5600 -191.6300 1 769 107.2100 -136.2700
5.4545580227e+000 -7.4793583620e+000 -2.3461972182e+001
19 14 9
2 0 500 127.4300 -187.0600 1 539 148.3600 -132.9700
5.4545580227e+000 -7.4793583620e+000 -2.3461972182e+001
19 14 9
2 0 501 127.4300 -187.0600 1 540 148.3600 -132.9700
5.0681663542e+000 -7.3195417177e+000 -2.6987469199e+001
34 42 15
2 0 509 105.1200 -159.3100 1 554 124.8900 -108.5200
-1.0576608735e+001 -5.8325242530e+000 -3.2993947606e+001
74 80 77
2 0 543 -187.0700 -103.0400 1 592 -166.3700 -56.0400
-7.1744763080e+000 -4.7106728732e+000 -3.2280387860e+001
32 37 30
2 0 551 -131.1900 -85.2000 1 603 -110.7300 -38.3700
-7.1744763080e+000 -4.7106728732e+000 -3.2280387860e+001
32 37 30
2 0 552 -131.1900 -85.2000 1 604 -110.7300 -38.3700
-1.2157956164e+001 -4.7771508963e+000 -3.2816777903e+001
103 117 117
2 0 553 -216.0500 -84.7900 1 605 -194.6700 -38.1100
-5.5554635771e+000 -4.5082910088e+000 -3.1908425774e+001
18 20 19
2 0 554 -103.4800 -82.5900 1 606 -83.3300 -35.5800
7.3477989590e+000 -3.8289878114e+000 -3.4000589806e+001
12 21 20
2 0 555 126.8500 -65.9200 1 609 146.4500 -20.1400
7.3477989590e+000 -3.8289878114e+000 -3.4000589806e+001
12 21 20
2 0 556 126.8500 -65.9200 1 610 146.4500 -20.1400
6.0329614065e+000 -3.7414142384e+000 -3.3222725849e+001
14 23 22
2 0 557 105.9400 -65.9600 1 611 125.4900 -19.7800
6.0329614065e+000 -3.7414142384e+000 -3.3222725849e+001
14 23 22
2 0 558 105.9400 -65.9600 1 612 125.4900 -19.7800
-3.4149152789e+000 -3.4858701643e+000 -3.1745508605e+001
18 27 26
2 0 564 -64.9300 -64.2900 1 618 -45.1900 -17.3300
-5.7382360266e+000 -3.4748113294e+000 -3.2063160496e+001
30 37 37
2 0 568 -106.3000 -63.3800 1 622 -86.2900 -16.6300
-5.7382360266e+000 -3.4748113294e+000 -3.2063160496e+001
30 37 37
2 0 569 -106.3000 -63.3800 1 623 -86.2900 -16.6300
-9.2673852209e+000 -3.5160372843e+000 -3.2869134003e+001
22 30 32
2 0 571 -165.4400 -62.4400 1 626 -144.9500 -16.1500
-9.2673852209e+000 -3.5160372843e+000 -3.2869134003e+001
22 30 32
2 0 572 -165.4400 -62.4400 1 627 -144.9500 -16.1500
-9.2369887454e-001 -2.8610384582e+000 -3.2028981048e+001
21 25 26
2 0 573 -18.8600 -52.2900 1 632 0.7700 -5.5600
-7.8461405322e+000 -2.8174470925e+000 -3.2283055218e+001
17 21 20
2 0 575 -143.3300 -51.0300 1 634 -123.1200 -4.5200
-1.1490025133e+001 -9.5171255488e-001 -3.2515514005e+001
93 95 92
2 0 578 -207.0200 -17.2300 1 655 -186.1900 28.7100
-1.2398781355e+001 -9.5838956244e-001 -3.3037323229e+001
90 92 89
2 0 579 -219.0800 -17.1600 1 656 -198.7300 28.6900
7.0269087177e-001 -7.6867800181e-001 -3.2303272483e+001
84 88 87
2 0 587 10.8100 -13.7400 1 659 30.6100 32.8400
-1.5353682227e+001 1.0294505964e+000 -3.3252960894e+001
55 48 40
2 0 605 -268.6100 17.5500 1 682 -247.9400 62.9200
-1.5353682227e+001 1.0294505964e+000 -3.3252960894e+001
55 48 40
2 0 606 -268.6100 17.5500 1 683 -247.9400 62.9200
-1.6470041770e+001 1.0673175427e+000 -3.4427309504e+001
54 46 41
2 0 607 -277.7300 17.6700 1 672 -256.9900 62.4100
1.0170482277e+001 1.0453620898e+000 -3.4742146693e+001
255 255 253
2 0 611 172.7900 18.6100 1 462 193.8400 64.7300
-1.4584489184e+001 1.0767739397e+000 -3.3978702315e+001
47 45 43
2 0 612 -249.8400 18.1200 1 677 -229.5200 63.1900
-1.4584489184e+001 1.0767739397e+000 -3.3978702315e+001
47 45 43
2 0 613 -249.8400 18.1200 1 678 -229.5200 63.1900
-1.5124157910e+001 1.0765238831e+000 -3.3925524893e+001
50 43 32
2 0 614 -259.3300 18.1100 1 681 -238.8400 63.1600
-1.5247088959e+001 1.5613864572e+000 -3.6255385392e+001
99 112 121
2 0 620 -244.2600 25.0000 1 973 -224.1700 68.9700
-1.4030431161e+001 2.2245015868e+000 -3.3687092890e+001
89 93 106
2 0 622 -242.7700 38.0500 1 688 -222.8500 83.2900
-3.0269183058e+000 2.4013939658e+000 -3.2602080245e+001
47 60 67
2 0 625 -56.3500 43.3100 1 691 -36.9200 89.9200
-9.1358435033e+000 3.4017765571e+000 -3.2831620310e+001
245 245 249
2 0 630 -163.9600 60.2800 1 693 -144.6600 106.3900
-1.3978582872e+001 3.9633091406e+000 -3.3828127271e+001
94 122 130
2 0 636 -240.8800 67.7200 1 707 -221.7000 113.0900
-1.4615884867e+001 3.9932561095e+000 -3.4066651696e+001
93 121 130
2 0 637 -249.8200 67.7200 1 704 -230.6000 112.9300
-1.6376134961e+001 4.0149298767e+000 -3.4293083018e+001
99 124 129
2 0 639 -277.5400 67.5400 1 706 -257.7400 112.3700
1.4122396470e+001 5.6637707619e+000 -3.7139793481e+001
241 248 248
2 0 641 226.1400 91.7600 1 497 249.5400 138.5500
5.4925768535e+000 -7.3550156029e+000 -2.3651821049e+001
20 11 3
2 0 673 127.4800 -182.5000 1 1135 148.4600 -128.7000
5.4925768535e+000 -7.3550156029e+000 -2.3651821049e+001
20 11 3
2 0 674 127.4800 -182.5000 1 1134 148.4600 -128.7000
-1.0219848769e+001 -7.1503977127e+000 -2.6775998516e+001
104 123 68
2 0 694 -225.6200 -154.8900 1 790 -200.6700 -103.3200
5.1520753339e+000 -7.0997331014e+000 -2.7045972498e+001
134 136 87
2 0 695 106.8000 -154.2300 1 787 126.5200 -103.5400
5.1520753339e+000 -7.0997331014e+000 -2.7045972498e+001
134 136 87
2 0 696 106.8000 -154.2300 1 788 126.5200 -103.5400
-5.5731421893e+000 -5.7803005033e+000 -3.1658654905e+001
15 18 11
2 0 736 -104.9100 -106.5600 1 831 -83.9600 -59.3100
-8.2588245010e+000 -5.5834324632e+000 -3.1994091511e+001
75 77 85
2 0 748 -151.8200 -101.8200 1 840 -131.1500 -54.5000
-8.9627696860e-001 -4.6960419431e+000 -3.1829157177e+001
27 29 25
2 0 759 -18.6100 -86.3700 1 857 1.3400 -39.4300
-9.4552345738e+000 -4.8503312878e+000 -3.2898962120e+001
103 103 91
2 0 760 -168.4100 -85.9700 1 860 -147.6800 -39.3900
-2.4122574183e+000 -4.6358063848e+000 -3.2038196081e+001
18 23 26
2 0 762 -45.9200 -84.6900 1 864 -26.1600 -37.7700
-8.4409535229e+000 -4.7182246705e+000 -3.2625027412e+001
39 40 34
2 0 763 -151.9700 -84.4100 1 865 -131.5500 -37.6800
1.0389779608e+001 -3.8672392071e+000 -3.4195030549e+001
27 33 30
2 0 769 179.2500 -66.2300 1 871 199.0100 -20.4900
-1.5557849113e+001 -3.2627680010e+000 -3.2354118956e+001
71 73 72
2 0 772 -279.4100 -58.7900 1 873 -256.9100 -12.3200
-1.5557849113e+001 -3.2627680010e+000 -3.2354118956e+001
71 73 72
2 0 773 -279.4100 -58.7900 1 874 -256.9100 -12.3200
1.0998456003e+001 -2.5251510711e+000 -3.4244681686e+001
82 82 81
2 0 777 189.5900 -42.9300 1 891 209.8400 2.8700
1.0998456003e+001 -2.5251510711e+000 -3.4244681686e+001
82 82 81
2 0 778 189.5900 -42.9300 1 892 209.8400 2.8700
1.5918928504e+001 -2.6395057711e+000 -3.7640935186e+001
72 74 69
2 0 779 252.5600 -40.6100 1 893 272.9400 3.8700
-1.2452710060e+001 -1.8528169938e+000 -3.2691300612e+001
73 77 79
2 0 780 -222.4500 -33.2100 1 898 -201.5600 12.8500
-1.4661961687e+001 -1.8930580436e+000 -3.4261372417e+001
78 81 75
2 0 781 -248.7100 -32.2900 1 899 -227.6300 12.9500
-1.4661961687e+001 -1.8930580436e+000 -3.4261372417e+001
78 81 75
2 0 782 -248.7100 -32.2900 1 900 -227.6300 12.9500
-1.4749705325e+001 -1.8729780376e+000 -3.3793654477e+001
20 25 18
2 0 783 -253.8000 -32.4000 1 901 -232.4400 13.0100
-1.5315669996e+001 -1.8896434063e+000 -3.3858076164e+001
21 25 24
2 0 784 -262.9700 -32.5700 1 897 -241.1600 12.6900
1.0888405704e+001 -1.8734177660e+000 -3.5294835936e+001
35 36 32
2 0 785 182.4300 -30.5800 1 902 203.0700 14.6900
1.1630070841e+001 -1.5013118608e+000 -3.4707578768e+001
51 47 46
2 0 787 198.0300 -24.8000 1 903 218.8800 20.8500
9.3195337035e+000 -1.4614392839e+000 -3.4065668471e+001
50 50 48
2 0 788 161.1600 -24.7300 1 906 181.2700 21.2800
-1.3212636110e+001 -1.2406243967e+000 -3.3483808829e+001
42 43 38
2 0 791 -230.0700 -21.7500 1 910 -209.2500 23.7700
7.6225743606e+000 -4.4262912468e-001 -3.4053690683e+001
17 22 21
2 0 801 131.5200 -7.0800 1 925 151.5700 39.0200
-1.6344592496e+001 1.8089475820e-001 -3.2914487721e+001
44 45 44
2 0 803 -288.5400 2.7400 1 933 -267.0600 48.2300
-1.3350357188e+001 7.7554654138e-001 -3.2350152902e+001
48 44 46
2 0 808 -240.9600 13.5000 1 948 -220.5400 59.4600
-1.5903133160e+001 7.9873751695e-001 -3.3221654484e+001
46 45 47
2 0 810 -278.2400 13.5000 1 944 -257.3700 58.8800
-1.6485783887e+001 9.0117859925e-001 -3.5561899935e+001
45 48 48
2 0 811 -268.8700 14.5100 1 942 -248.4100 58.8000
-1.6694694824e+001 8.3557501248e-001 -3.3718092476e+001
46 44 45
2 0 812 -287.4500 13.9600 1 945 -266.4100 59.0300
-1.6694694824e+001 8.3557501248e-001 -3.3718092476e+001
46 44 45
2 0 813 -287.4500 13.9600 1 946 -266.4100 59.0300
-1.4813893711e+001 9.1351989068e-001 -3.3853836416e+001
80 88 92
2 0 816 -254.5600 15.3300 1 952 -234.2700 60.5100
9.3885216443e+000 1.0231527393e+000 -3.4412593561e+001
121 113 106
2 0 818 160.7200 18.3400 1 956 181.6400 64.5700
-1.0125901816e+000 1.2292318287e+000 -3.1993725086e+001
106 123 143
2 0 836 -20.8100 22.7100 1 979 -1.0900 69.5900
-3.3337193545e+000 1.2329141128e+000 -3.1962441202e+001
109 126 145
2 0 840 -63.2800 22.6300 1 983 -43.7600 69.4100
-8.8446085140e+000 1.2746987887e+000 -3.2111097880e+001
102 116 133
2 0 849 -162.5000 22.9400 1 991 -142.7200 69.2500
-1.3866820890e+001 1.3553389479e+000 -3.3090870500e+001
105 117 126
2 0 850 -244.3400 23.4100 1 971 -224.1700 68.9700
-1.3866820890e+001 1.3553389479e+000 -3.3090870500e+001
105 117 126
2 0 851 -244.3400 23.4100 1 972 -224.1700 68.9700
-1.4788397962e+001 1.4937448444e+000 -3.3281368313e+001
54 55 57
2 0 855 -258.7900 25.6800 1 992 -238.3200 71.0200
-1.4788397962e+001 1.4937448444e+000 -3.3281368313e+001
54 55 57
2 0 856 -258.7900 25.6800 1 993 -238.3200 71.0200
-1.0497684343e+001 1.7373166700e+000 -3.2867834040e+001
243 244 241
2 0 859 -187.5900 30.6200 1 1003 -167.6500 76.3800
-1.0497684343e+001 1.7373166700e+000 -3.2867834040e+001
243 244 241
2 0 860 -187.5900 30.6200 1 1004 -167.6500 76.3800
-9.9492259341e+000 2.3531616481e+000 -3.2839889592e+001
68 72 75
2 0 868 -178.0700 41.5600 1 1008 -158.5800 87.5100
1.2970167068e+001 3.0695066102e+000 -3.7250527289e+001
251 246 252
2 0 871 207.0100 50.0400 1 1011 229.3300 95.6300
-1.6956994433e+001 3.7595236246e+000 -3.4426109229e+001
64 80 93
2 0 879 -285.9800 62.9200 1 1016 -266.0900 107.6600
1.2765043373e+001 4.4567118691e+000 -3.6278682348e+001
77 73 74
2 0 880 208.6900 73.9700 1 1017 231.4800 120.5400
2.5030458113e+000 2.8645598167e+000 -1.8953813148e+001
213 218 224
2 0 882 62.1100 86.3200 1 1020 85.7400 146.2400
1.4711695724e+001 5.4784611531e+000 -3.6392888571e+001
234 240 242
2 0 883 239.8500 90.6600 1 1019 264.2100 137.6500
-9.4283911771e+000 -7.2711888074e+000 -2.7490039414e+001
67 38 17
2 0 964 -202.8400 -153.6700 1 1166 -179.2200 -102.5300
2.3493721297e+000 -6.3414230193e+000 -2.7202941596e+001
207 184 102
2 0 978 45.7600 -136.8500 1 1186 65.6000 -86.3100
1.0875270459e+001 -6.1777304528e+000 -3.4579336376e+001
67 71 72
2 0 1027 185.8300 -104.9800 1 1219 205.0000 -59.3900
-7.5200308185e+000 -5.6812580626e+000 -3.2272384810e+001
78 86 89
2 0 1030 -137.4200 -102.6700 1 1796 -116.5300 -55.6600
-8.9442586564e-001 -5.1900419981e+000 -3.2519687529e+001
16 18 15
2 0 1037 -17.6500 -93.4600 1 850 1.8500 -46.7200
-9.1532144913e+000 -5.0235608405e+000 -3.2255768333e+001
30 31 26
2 0 1044 -166.5300 -90.8500 1 1245 -145.7800 -43.8300
-9.1532144913e+000 -5.0235608405e+000 -3.2255768333e+001
30 31 26
2 0 1045 -166.5300 -90.8500 1 1246 -145.7800 -43.8300
-8.1183889963e+000 -5.0386596272e+000 -3.2550246633e+001
34 35 23
2 0 1046 -146.6500 -90.3300 1 1244 -126.1300 -43.5200
3.7570545318e-002 -4.7043377161e+000 -3.2189527371e+001
21 26 30
2 0 1047 -1.0900 -85.6100 1 1253 18.4900 -38.8000
-6.2887573003e+000 -4.3853474919e+000 -3.0703174478e+001
85 86 88
2 0 1050 -121.9900 -83.4700 1 866 -101.2600 -35.8300
-9.4884622378e-001 -4.5176180307e+000 -3.1927765299e+001
89 91 86
2 0 1052 -19.4300 -82.8400 1 1259 0.4100 -35.9500
-1.2717515609e+000 -4.4979609593e+000 -3.1857238174e+001
89 90 91
2 0 1053 -25.5800 -82.6100 1 1260 -5.4300 -35.7700
1.3316182226e+001 -4.5664051663e+000 -3.6594542875e+001
12 11 6
2 0 1054 216.4300 -73.0500 1 1264 236.2200 -28.4300
1.3316182226e+001 -4.5664051663e+000 -3.6594542875e+001
12 11 6
2 0 1055 216.4300 -73.0500 1 1265 236.2200 -28.4300
-1.6193524449e+001 -4.1998220367e+000 -3.3514928087e+001
52 54 53
2 0 1056 -280.2400 -72.8500 1 1266 -257.5400 -26.7700
-2.8303718198e+000 -3.8744982904e+000 -3.1890723453e+001
88 93 93
2 0 1059 -54.0000 -71.0800 1 1836 -34.0200 -24.2500
-1.1141401715e+000 -2.9284749886e+000 -3.2362503535e+001
13 19 19
2 0 1067 -21.9800 -52.9400 1 1289 -2.3300 -6.4100
9.6876545686e+000 -2.4669171738e+000 -3.3498610460e+001
77 81 84
2 0 1070 170.1100 -42.9400 1 1298 190.1800 3.2300
-1.5014036926e+001 -1.8734307052e+000 -3.3786268273e+001
107 111 110
2 0 1076 -258.2600 -32.4400 1 1310 -236.9300 13.0100
-1.5014036926e+001 -1.8734307052e+000 -3.3786268273e+001
107 111 110
2 0 1077 -258.2600 -32.4400 1 1311 -236.9300 13.0100
-1.6657061095e+001 -1.3401778723e+000 -3.3798343909e+001
83 85 80
2 0 1078 -285.9400 -23.3000 1 1318 -264.1300 21.9700
-1.6657061095e+001 -1.3401778723e+000 -3.3798343909e+001
83 85 80
2 0 1079 -285.9400 -23.3000 1 1319 -264.1300 21.9700
-1.6657061095e+001 -1.3401778723e+000 -3.3798343909e+001
83 85 80
2 0 1080 -285.9400 -23.3000 1 1320 -264.1300 21.9700
-1.2209616016e+001 -1.1785160967e+000 -3.2893487714e+001
45 47 44
2 0 1085 -216.9700 -21.0500 1 1931 -196.1600 24.7500
-1.5885554328e+001 -1.1135460759e+000 -3.3484728245e+001
57 59 55
2 0 1089 -275.5400 -19.6300 1 1326 -254.0800 25.8200
-1.4279686712e+001 -6.7345799116e-001 -3.3631013247e+001
86 91 85
2 0 1093 -247.2200 -11.8800 1 1945 -226.2800 33.4500
5.1647567055e+000 -6.5739958459e-001 -3.2982729039e+001
24 28 27
2 0 1095 90.8500 -11.2900 1 1343 110.9100 35.1400
-1.1459913282e+001 -5.9233030516e-001 -3.2337153776e+001
103 109 98
2 0 1097 -207.5100 -10.9600 1 1344 -187.1400 35.1900
-1.1459913282e+001 -5.9233030516e-001 -3.2337153776e+001
103 109 98
2 0 1098 -207.5100 -10.9600 1 1345 -187.1400 35.1900
1.0241998945e+001 -4.6466103104e-001 -3.4723231332e+001
93 96 107
2 0 1103 174.1100 -7.1400 1 1351 194.8600 38.6500
1.0241998945e+001 -4.6466103104e-001 -3.4723231332e+001
93 96 107
2 0 1104 174.1100 -7.1400 1 1352 194.8600 38.6500
7.6784502571e+000 -2.5191077991e-001 -3.3501296362e+001
87 91 90
2 0 1122 134.3800 -3.8800 1 1369 154.5600 42.5300
-1.5674748608e+001 2.5037666574e-001 -3.3199886776e+001
80 86 81
2 0 1138 -274.5200 3.9800 1 1383 -253.4100 49.3800
8.8084258157e+000 2.9816814611e-001 -3.4053326525e+001
36 38 33
2 0 1139 152.0900 5.8700 1 1384 172.7900 52.0800
-1.5236448559e+001 9.3553822918e-001 -3.3602666410e+001
99 101 106
2 0 1140 -263.7100 15.7800 1 1389 -243.2100 61.0300
-1.1958228201e+001 1.0508924521e+000 -3.2723805076e+001
179 167 151
2 0 1143 -213.9200 18.4000 1 1395 -193.7400 64.1800
-1.5908016075e+001 1.6318232211e+000 -3.3970097334e+001
78 81 84
2 0 1150 -272.1400 27.5000 1 1407 -251.7100 72.4900
-1.5908016075e+001 1.6318232211e+000 -3.3970097334e+001
78 81 84
2 0 1151 -272.1400 27.5000 1 1408 -251.7100 72.4900
-1.7290218702e+001 1.6529262000e+000 -3.4543897714e+001
108 115 120
2 0 1152 -290.3100 27.3800 1 1403 -269.6100 72.0100
8.8473258307e+000 1.6893703848e+000 -3.4210754844e+001
254 254 252
2 0 1156 152.1700 29.9200 1 1002 173.0400 76.4200
-1.6717269457e+001 1.8054583910e+000 -3.3372571743e+001
35 46 37
2 0 1159 -291.2100 30.9800 1 1409 -269.9000 75.9600
1.2404089180e+000 1.8522927303e+000 -3.2678346848e+001
54 56 51
2 0 1162 20.6400 33.6100 1 1425 40.1300 80.5000
-1.0335229432e+001 1.9135863370e+000 -3.2893863551e+001
63 70 67
2 0 1164 -184.4700 33.6800 1 1413 -164.8700 79.5500
-1.4725350051e+001 2.3317969820e+000 -3.4019315143e+001
117 118 127
2 0 1170 -251.9300 39.4700 1 1442 -232.1000 84.5600
-1.4725350051e+001 2.3317969820e+000 -3.4019315143e+001
117 118 127
2 0 1171 -251.9300 39.4700 1 1443 -232.1000 84.5600
-1.7265812007e+001 2.5742958734e+000 -3.4410545680e+001
52 52 60
2 0 1178 -291.1000 42.9600 1 2048 -270.7600 87.6600
-1.4810450377e+001 2.5530323068e+000 -3.3920379961e+001
51 49 54
2 0 1181 -254.1400 43.3500 1 1448 -234.3300 88.4800
-1.4810450377e+001 2.5530323068e+000 -3.3920379961e+001
51 49 54
2 0 1182 -254.1400 43.3500 1 1449 -234.3300 88.4800
-1.5230780074e+001 2.7807910353e+000 -3.3977610131e+001
120 121 122
2 0 1187 -260.8100 47.1500 1 1457 -240.9200 92.2000
-1.5230780074e+001 2.7807910353e+000 -3.3977610131e+001
120 121 122
2 0 1188 -260.8100 47.1500 1 1458 -240.9200 92.2000
1.3377689739e+001 2.9070908208e+000 -3.6666333447e+001
91 88 89
2 0 1192 216.5700 48.2000 1 2059 239.3300 93.9700
-1.3810944458e+001 2.9255408423e+000 -3.3321392558e+001
122 125 128
2 0 1193 -241.8200 50.6500 1 1464 -222.0600 96.1000
-1.6373887439e+001 2.9996184918e+000 -3.4117519068e+001
118 121 120
2 0 1194 -278.8200 50.5900 1 1463 -258.7700 95.4900
-1.2452099715e+001 3.0895680656e+000 -3.3486991517e+001
217 231 220
2 0 1197 -217.3500 53.3900 1 1466 -197.9500 98.9200
-1.2695521777e+001 3.2360372650e+000 -3.3540209441e+001
214 230 221
2 0 1199 -221.1400 55.8200 1 1467 -201.7900 101.3300
-9.6296220558e+000 3.2049721336e+000 -3.2799686903e+001
81 96 96
2 0 1200 -172.7300 56.7600 1 1469 -153.4800 102.8600
-9.6296220558e+000 3.2049721336e+000 -3.2799686903e+001
81 96 96
2 0 1201 -172.7300 56.7600 1 1470 -153.4800 102.8600
2.5126038572e+000 3.0466745944e+000 -1.9114714481e+001
41 46 50
2 0 1208 62.0500 91.1800 1 2100 85.5700 150.9800
5.5601275055e+000 -7.3648305897e+000 -2.3352979371e+001
195 184 168
2 0 1306 130.6600 -185.1000 1 1654 151.5000 -130.9100
5.3750246966e+000 -7.0892393121e+000 -2.7278765597e+001
23 18 4
2 0 1365 111.0500 -152.7600 1 1704 130.3600 -102.1700
-1.0839599820e+001 -6.4280484553e+000 -2.4615788455e+001
32 55 80
2 0 1368 -260.0800 -151.4100 1 1717 -234.2500 -97.8300
-1.1667927385e+001 -6.9222779844e+000 -3.0265980820e+001
145 142 111
2 0 1401 -225.4800 -132.9400 1 1741 -202.7300 -83.8800
-9.0459785083e+000 -5.9743926363e+000 -3.0986936707e+001
85 89 34
2 0 1439 -171.8400 -112.3400 1 1776 -150.2800 -64.3600
-9.5574687938e+000 -5.6056379821e+000 -3.2294988227e+001
24 30 29
2 0 1468 -173.3500 -101.2200 1 1802 -152.5900 -53.9800
-8.4113093502e+000 -5.2128046201e+000 -3.2392339291e+001
29 32 27
2 0 1472 -152.6300 -93.8800 1 1806 -131.9500 -46.9400
-9.1007222336e+000 -4.5832191452e+000 -3.2230244505e+001
44 46 41
2 0 1485 -165.7400 -83.0000 1 1818 -145.1600 -36.0500
-4.7379111231e+000 -4.4152727909e+000 -3.1486489572e+001
90 92 91
2 0 1486 -90.0200 -82.0100 1 1822 -69.8600 -34.8000
-6.1421280843e+000 -4.4871443646e+000 -3.2303152377e+001
87 88 90
2 0 1487 -112.6200 -81.1500 1 1824 -92.3800 -34.3900
2.6529165167e+000 -4.0575368309e+000 -3.1910864462e+001
31 35 36
2 0 1493 46.5500 -74.4200 1 1830 66.9100 -27.7800
9.9474582087e+000 -3.8362489208e+000 -3.3758865140e+001
26 31 31
2 0 1500 173.5500 -66.5800 1 1844 193.2500 -20.6100
-2.4471321465e+000 -3.2300892541e+000 -3.1707843515e+001
30 34 37
2 0 1511 -47.3400 -59.6300 1 1869 -27.4800 -12.7400
-1.1627768563e+001 -3.3686093003e+000 -3.2878902323e+001
71 78 70
2 0 1512 -206.7500 -59.7200 1 1864 -185.4800 -13.5700
1.0038735134e+001 -3.3549526806e+000 -3.4167447360e+001
28 34 32
2 0 1513 173.2300 -57.4100 1 1872 193.1200 -11.6500
1.0601692431e+001 -2.6903532216e+000 -3.4426367508e+001
22 26 29
2 0 1524 181.5100 -45.4500 1 1895 202.2200 0.0700
1.0843701680e+001 -2.3814131303e+000 -3.4422312292e+001
25 27 24
2 0 1533 186.0100 -40.2200 1 1904 206.2700 5.5000
9.9737296756e+000 -2.2035810362e+000 -3.4702242368e+001
78 81 81
2 0 1536 169.6700 -36.8400 1 1908 189.8500 8.7300
1.6696862777e+000 -6.1525587081e-001 -3.2316387432e+001
26 30 31
2 0 1551 28.4800 -10.9300 1 1954 48.2300 35.7300
-1.5614577969e+001 -5.9454545936e-001 -3.3015536217e+001
72 77 70
2 0 1552 -274.9600 -10.8300 1 1950 -253.5500 34.7600
2.0725158218e+000 -5.8098894401e-001 -3.2725544666e+001
30 34 35
2 0 1562 35.4400 -10.0800 1 1955 55.4600 36.2900
-1.8669219145e+000 -5.5372796704e-001 -3.2540440201e+001
38 42 43
2 0 1566 -35.3200 -9.8800 1 1956 -16.0100 36.6100
-2.8527817645e+000 -5.5544288600e-001 -3.2134077307e+001
86 90 91
2 0 1569 -54.0100 -10.0700 1 1958 -34.4200 36.5200
-1.0373630943e+001 1.8216991634e-001 -3.2810045012e+001
86 88 83
2 0 1605 -185.5500 3.0500 1 1988 -165.4600 48.9000
-1.0373630943e+001 1.8216991634e-001 -3.2810045012e+001
86 88 83
2 0 1606 -185.5500 3.0500 1 1989 -165.4600 48.9000
-1.4720036449e+001 1.3193177689e+000 -3.3632940361e+001
99 100 112
2 0 1632 -254.7800 22.4300 1 2016 -234.4700 67.6600
-1.3427983483e+001 1.8824753814e+000 -3.3735871527e+001
95 86 72
2 0 1640 -232.0900 32.1300 1 2030 -212.3700 77.4500
-1.2929532667e+001 2.0199632432e+000 -3.4080605107e+001
237 226 211
2 0 1645 -221.5000 34.3100 1 2031 -201.5600 79.3600
-1.3145515739e+001 2.1908661571e+000 -3.4015058735e+001
244 209 201
2 0 1651 -225.5900 37.2700 1 2040 -205.6500 82.3400
-9.6681147460e+000 2.4224842475e+000 -3.2782623751e+001
230 234 236
2 0 1658 -173.4100 42.8600 1 2057 -154.0700 88.9100
-2.0827721923e+000 3.3125735712e+000 -3.2426243640e+001
243 252 252
2 0 1688 -40.0000 60.1800 1 2085 -20.0300 106.9800
-1.3077276618e+001 3.4734490081e+000 -3.3488037343e+001
199 211 207
2 0 1689 -228.1200 60.0100 1 2077 -208.6100 105.4700
-1.6622449902e+001 3.8107408250e+000 -3.4236978408e+001
168 194 194
2 0 1692 -281.8900 64.0800 1 2091 -262.3500 109.0500
-1.3901154501e+001 4.0311306262e+000 -3.3797408083e+001
117 137 146
2 0 1695 -239.8000 68.9500 1 2096 -220.6500 114.3500
2.6087669492e+000 2.7439426754e+000 -1.8810497498e+001
46 49 56
2 0 1700 65.5500 83.2800 1 1484 89.6400 143.2600
