# Bundle file v0.3
2 305
5.2495931936e+002 -8.6175534551e-002 -2.4127688121e-002
9.9986810170e-001 1.0455290925e-004 1.6240944228e-002
-4.9819958252e-004 9.9970614661e-001 2.4235763592e-002
-1.6233637851e-002 -2.4240658168e-002 9.9957433915e-001
5.5346799945e-001 7.0226440844e-001 4.1895452074e+000
5.2669517020e+002 -8.1628786783e-002 1.3896099640e-002
9.9801370646e-001 3.9531044356e-002 4.9050364354e-002
-3.8753101315e-002 9.9910906682e-001 -1.6711365309e-002
-4.9667281480e-002 1.4777317893e-002 9.9865649351e-001
1.3480090609e+000 5.4470012893e-001 4.2637112581e+000
-5.1948001154e+000 -1.6950196277e+000 -2.0009642923e+001
199 197 180
2 0 20 -164.6200 -48.3800 1 22 -164.7700 -21.1700
-5.1948001154e+000 -1.6950196277e+000 -2.0009642923e+001
199 197 180
2 0 21 -164.6200 -48.3800 1 23 -164.7700 -21.1700
-1.5957716085e+000 -1.1780364894e+000 -1.7001384408e+001
195 188 170
2 0 23 -54.2100 -36.4300 1 28 -46.8000 -11.9400
-3.0300493355e+000 -5.4469685741e-001 -1.7880574481e+001
79 77 64
2 0 27 -106.2400 -10.5300 1 31 -100.5100 16.2700
-3.4938490884e+000 3.7492169194e-001 -1.9420815086e+001
195 186 169
2 0 28 -112.1300 20.8400 1 33 -107.9400 48.4900
4.5822883456e+000 2.4076763888e-001 -1.6146623329e+001
121 113 95
2 0 29 209.4400 23.6700 1 32 220.6600 37.6200
3.3813880253e+001 1.7449135444e+001 -7.3075069691e+001
201 215 228
2 0 30 242.9800 119.5700 1 34 236.5900 131.6700
3.3813880253e+001 1.7449135444e+001 -7.3075069691e+001
201 215 228
2 0 31 242.9800 119.5700 1 35 236.5900 131.6700
-4.5342129097e+000 -7.0050251249e-001 -1.9243298728e+001
54 52 41
2 0 37 -149.5700 -16.2000 1 47 -147.3100 12.2400
-4.5342129097e+000 -7.0050251249e-001 -1.9243298728e+001
54 52 41
2 0 38 -149.5700 -16.2000 1 48 -147.3100 12.2400
-3.0408629386e+000 7.2107294854e+000 -3.4939256150e+001
62 114 174
2 0 39 -51.6600 119.5100 1 49 -53.6500 145.5400
-8.1845859500e+000 -2.5554166171e+000 -1.9856695884e+001
97 147 198
2 0 44 -262.7400 -77.2200 1 43 -267.7200 -45.8500
-3.7099757770e+000 -2.0154731610e+000 -1.8174389338e+001
23 25 22
2 0 49 -129.7900 -65.3700 1 44 -126.8800 -39.4400
-5.1016089416e+000 7.7899602935e+000 -3.2455397988e+001
63 114 171
2 0 53 -93.0300 141.2200 1 52 -94.2700 170.1000
-1.6308935786e+000 -1.9763646472e+000 -1.7073516952e+001
157 153 142
2 0 75 -55.4100 -69.0200 1 78 -49.3700 -44.6300
-4.5831906141e+000 -3.6260362886e-003 -1.9307706432e+001
191 182 165
2 0 77 -150.4900 7.9300 1 81 -147.6100 36.9700
2.8083512226e+000 6.4923995426e+000 -3.0162462613e+001
125 159 200
2 0 78 57.2000 129.2700 1 82 59.1200 149.3900
2.5572755172e+001 1.6415853450e+001 -5.9348425964e+001
60 109 165
2 0 79 229.9300 143.2200 1 84 226.2000 155.6900
2.0220945223e+001 1.3480013558e+001 -4.5941776620e+001
61 109 166
2 0 80 240.6700 156.4400 1 85 239.7100 169.8100
1.6660506512e+001 1.4470089906e+001 -4.5652300475e+001
129 157 194
2 0 81 200.5300 171.0400 1 86 200.3200 185.7600
2.1504172830e+001 1.4889496061e+001 -4.5189161908e+001
138 167 201
2 0 82 258.7400 175.3200 1 88 259.4200 188.3000
-1.0619682344e+001 -5.3246712950e+000 -3.0063960276e+001
186 177 160
2 0 96 -212.5300 -107.3000 1 107 -223.7900 -79.3300
-4.0778799707e+000 -2.7563031715e+000 -1.8185451004e+001
196 175 144
2 0 98 -143.2900 -94.0400 1 137 -141.7400 -65.9900
-5.4387193679e+000 -9.8218558832e-001 -1.9996432487e+001
193 179 164
2 0 102 -172.5500 -25.6800 1 109 -172.3500 4.1000
-5.3394526207e+000 -3.8519914796e-002 -2.0432248175e+001
190 181 164
2 0 103 -164.8800 5.4400 1 111 -164.0000 34.7700
3.5909138258e+000 -5.0846282751e-002 -1.6232669826e+001
24 25 17
2 0 104 166.8900 11.0400 1 110 177.8300 26.9100
-1.4621322386e+000 1.6412479663e+000 -1.9315546452e+001
172 167 143
2 0 105 -42.3000 64.8600 1 112 -34.9700 90.2800
-1.4621322386e+000 1.6412479663e+000 -1.9315546452e+001
172 167 143
2 0 106 -42.3000 64.8600 1 113 -34.9700 90.2800
-3.4025927282e-001 1.7045152479e+000 -1.8802923107e+001
176 167 153
2 0 108 -3.2900 69.8100 1 115 5.5700 93.5000
1.3293895214e+000 1.8905244244e+000 -1.8595359010e+001
173 167 151
2 0 109 57.2000 77.4700 1 116 67.1800 98.4500
1.3293895214e+000 1.8905244244e+000 -1.8595359010e+001
173 167 151
2 0 110 57.2000 77.4700 1 117 67.1800 98.4500
-1.2230635338e+001 -5.6915610155e+000 -3.1349858484e+001
182 175 157
2 0 125 -233.0500 -109.5500 1 135 -245.7300 -80.9300
-4.2202109144e+000 -2.0569878052e+000 -1.8152806008e+001
68 64 43
2 0 129 -148.9700 -67.3700 1 138 -146.6100 -39.9100
-5.8479698356e+000 -1.7037476774e+000 -2.0836198048e+001
201 202 180
2 0 130 -177.1800 -47.3400 1 140 -178.7500 -18.6200
-7.7370934984e+000 -1.1389227852e+000 -1.8219738451e+001
82 130 206
2 0 132 -275.3000 -32.0400 1 108 -277.5300 0.2900
-4.7177404609e+000 -8.4679016295e-001 -1.8950619180e+001
27 28 23
2 0 133 -158.8200 -21.3800 1 143 -156.5600 7.2000
-3.1946514298e+000 -7.2012036168e-001 -1.8128500753e+001
22 28 26
2 0 134 -110.7100 -17.2300 1 146 -105.7400 9.7100
-2.7839286399e+000 -6.7830075184e-001 -1.8028898457e+001
29 29 28
2 0 135 -95.8900 -15.7000 1 145 -90.3800 10.7200
1.8183909703e+000 -4.7536918649e-001 -1.6536608181e+001
196 182 154
2 0 136 89.1100 -7.4500 1 148 99.2100 11.7700
-6.1493396585e-001 -4.4851579556e-001 -1.7410803635e+001
28 30 21
2 0 137 -13.6900 -6.7400 1 151 -5.5300 16.6000
2.2373875353e+000 -4.2946903138e-001 -1.6362966884e+001
204 194 166
2 0 138 108.3000 -5.3800 1 147 118.7600 13.0300
3.3306356419e+000 -3.1615633650e-001 -1.6151076757e+001
216 203 180
2 0 140 157.1300 -0.3100 1 150 167.8200 16.0500
-4.5957840754e+000 7.4740276632e-001 -2.0227311069e+001
198 188 174
2 0 152 -142.6600 31.5800 1 168 -139.9900 60.0400
-4.1018213253e+000 9.7274600546e-001 -1.9692802318e+001
50 52 38
2 0 157 -130.6000 40.4800 1 170 -126.6300 69.1300
2.0544680164e+001 1.2369178367e+001 -4.5766194571e+001
148 172 208
2 0 161 245.8600 143.9600 1 172 244.1700 156.7500
1.6260757472e+001 1.2714683939e+001 -4.1975256038e+001
58 107 163
2 0 162 215.1300 164.9000 1 173 215.3700 179.3500
2.7274935013e-002 -1.5168203227e+000 -1.6450318628e+001
68 60 41
2 0 210 13.4500 -52.0300 1 226 21.9600 -30.1400
4.6144631543e+000 -9.6044770875e-001 -1.5266476389e+001
17 18 13
2 0 213 227.9800 -29.1500 1 232 238.3500 -15.6800
-2.6263042439e+000 -9.2501113260e-001 -1.8103665102e+001
223 210 171
2 0 216 -89.5100 -24.9900 1 234 -84.3200 0.9800
-8.3474043463e-001 -7.5829498045e-001 -1.7225119872e+001
207 192 160
2 0 217 -22.6500 -19.1500 1 235 -14.6900 4.4300
-1.2039532467e+000 -7.7961676116e-001 -1.7477789727e+001
224 207 165
2 0 218 -37.0100 -19.8900 1 236 -29.7200 4.2600
-4.8049641352e-001 -7.1590703711e-001 -1.7120517032e+001
182 157 127
2 0 219 -8.3900 -16.9700 1 237 0.0400 5.0600
6.7673293940e-001 -6.0859375805e-001 -1.7025437729e+001
161 147 120
2 0 220 39.0100 -13.0700 1 238 47.9400 8.0400
9.5791390585e-001 -5.7316670153e-001 -1.6719208658e+001
225 211 176
2 0 221 51.9200 -11.6500 1 239 61.5500 9.1000
1.4984326005e+000 -5.1223454558e-001 -1.6594968178e+001
227 214 180
2 0 222 75.2600 -9.1300 1 240 85.2100 10.8400
4.9485040141e+000 -1.9689199741e-001 -1.6011375050e+001
206 191 162
2 0 224 227.3000 5.0500 1 241 237.6000 18.2600
5.1570841121e+000 -1.6673030072e-001 -1.5992517565e+001
213 194 163
2 0 225 236.2700 6.4000 1 242 246.5600 19.1600
-5.8760592813e+000 3.5843196555e-001 -2.1445737498e+001
61 56 44
2 0 227 -171.7600 16.4900 1 246 -171.9300 46.0700
-4.8991322316e+000 2.9673477467e-001 -1.9630790786e+001
61 56 37
2 0 228 -158.0700 17.7800 1 247 -155.5600 47.0900
-7.8397774352e-001 2.3547838788e-001 -1.8095620156e+001
193 182 162
2 0 229 -19.7900 18.6900 1 245 -11.9700 42.7300
-2.9848109457e+000 1.4047503312e+000 -1.9585855413e+001
166 150 136
2 0 235 -93.5000 55.4600 1 252 -87.9300 83.0000
6.1572385257e+000 1.7532149291e+000 -1.7091595520e+001
202 193 176
2 0 237 252.5800 80.0200 1 380 264.4400 92.1500
-6.5927595279e+000 9.2216957147e+000 -3.5481393954e+001
131 166 208
2 0 240 -109.3900 150.2100 1 257 -111.8100 179.1900
-7.5147510803e+000 8.9983256736e+000 -3.2562772120e+001
125 159 204
2 0 241 -136.1100 162.2400 1 258 -137.9700 193.2800
-6.5565605265e+000 9.5341109778e+000 -3.3018138817e+001
178 201 235
2 0 243 -116.8900 168.6200 1 260 -118.1800 199.7500
1.5206032758e+001 1.4583776622e+001 -4.2774954858e+001
112 145 187
2 0 245 196.6800 185.6000 1 261 197.9000 201.3200
-4.5614405881e+000 -5.0083332797e+000 -1.6146442653e+001
115 112 103
2 0 250 -185.5200 -204.2200 1 271 -185.0500 -176.7400
-5.2916501623e-001 -1.1320609284e+000 -6.1673700101e+000
35 39 38
2 0 264 -20.4200 -154.7700 1 288 130.7200 -128.5900
-4.0878662522e+000 -1.6767330716e+000 -1.8354727926e+001
80 75 66
2 0 280 -142.0900 -52.7900 1 321 -139.4400 -24.8400
-1.0835869591e+000 -1.5469737783e+000 -1.7502306144e+001
39 37 25
2 0 281 -32.2300 -50.1800 1 487 -26.0800 -26.6100
2.9605376571e+000 -1.2061870959e+000 -1.5703851323e+001
74 61 45
2 0 284 147.2800 -40.0800 1 322 157.2600 -23.0900
2.7271331638e+000 -1.1892376851e+000 -1.5691695220e+001
150 144 125
2 0 285 137.0700 -39.4700 1 323 147.2400 -21.9100
4.4005677000e+000 -1.0568960085e+000 -1.5455626846e+001
72 64 44
2 0 288 214.8600 -33.5300 1 325 224.7100 -19.1400
-4.0901911035e+000 -5.5477792591e-001 -1.8362409755e+001
147 145 133
2 0 294 -141.9700 -10.9800 1 334 -137.9800 17.2400
-3.7282934770e+000 -5.1852270523e-001 -1.8262611257e+001
150 146 134
2 0 295 -129.5100 -9.6700 1 336 -124.9800 18.1800
-3.0640283941e+000 -4.5880948835e-001 -1.7998954377e+001
146 143 126
2 0 296 -106.6700 -7.3600 1 337 -101.0600 19.6600
-2.7228712434e+000 -4.2934911609e-001 -1.7840671603e+001
139 136 120
2 0 297 -94.7100 -6.1600 1 338 -88.5200 20.4000
-1.7162228402e+000 -3.2344810140e-001 -1.7570091064e+001
171 166 146
2 0 298 -56.9200 -1.9400 1 342 -49.4100 23.3100
-1.3836102285e+000 -2.9343764447e-001 -1.7503535198e+001
158 152 139
2 0 299 -44.0200 -0.6900 1 341 -36.1500 24.0300
4.1612015188e+000 -3.0299474318e-001 -1.5947214088e+001
221 204 173
2 0 300 195.4800 0.5200 1 332 206.1700 15.1600
4.1612015188e+000 -3.0299474318e-001 -1.5947214088e+001
221 204 173
2 0 301 195.4800 0.5200 1 333 206.1700 15.1600
-1.0341675522e+000 -2.6126931160e-001 -1.7339128999e+001
168 159 147
2 0 302 -30.4800 0.7400 1 343 -22.0700 24.9500
-3.8451319290e-001 -2.0282043531e-001 -1.7136404772e+001
167 162 148
2 0 304 -4.4300 3.3200 1 345 4.7400 26.5000
1.5577355335e+000 -1.7246357828e-002 -1.6525332478e+001
150 147 132
2 0 309 78.1500 11.9700 1 349 89.1900 31.7600
1.8543198259e+000 1.7566381190e-002 -1.6502058590e+001
182 176 162
2 0 310 90.8100 13.4600 1 351 101.9200 32.7500
3.4699657824e+000 1.7290000479e-001 -1.6153688417e+001
158 153 134
2 0 315 162.8200 20.8700 1 356 174.4800 36.9600
5.1383120780e+000 3.4880299345e-001 -1.5970779558e+001
190 181 165
2 0 317 235.6200 28.7800 1 358 247.1800 41.5300
5.4811862469e+000 3.7999315883e-001 -1.5932129029e+001
162 155 140
2 0 318 250.4800 30.1900 1 360 262.0300 42.2300
-4.2700899903e+000 7.6117614267e-001 -1.9369468066e+001
189 180 165
2 0 321 -138.9900 34.2300 1 363 -135.0300 63.3100
8.7207461847e-001 1.2154469773e+000 -1.7802487830e+001
201 192 175
2 0 326 43.6300 57.0900 1 371 54.0500 78.4200
2.8441162425e+000 1.4294371802e+000 -1.7674958682e+001
204 196 176
2 0 329 119.6900 65.5500 1 373 130.7100 83.4800
3.9886450347e+000 1.5450625641e+000 -1.7489137219e+001
204 193 178
2 0 331 165.0700 70.8100 1 375 176.4200 86.4500
4.8464113831e+000 1.6721618374e+000 -1.7644857114e+001
193 186 167
2 0 333 194.9100 74.3500 1 377 205.9000 88.5500
4.9408612971e+000 1.8073347345e+000 -1.7411717096e+001
36 34 22
2 0 335 201.7800 80.9100 1 383 213.4900 94.9700
6.6889973585e+000 1.8650181674e+000 -1.7328524592e+001
201 195 174
2 0 336 267.2800 82.5700 1 382 278.7900 93.5400
-6.3133068266e+000 9.6042864058e+000 -3.5015993501e+001
110 144 189
2 0 337 -105.9400 157.8800 1 385 -108.0800 188.9900
-6.0253909227e+000 9.4741985973e+000 -3.1633664442e+001
109 142 183
2 0 338 -112.3700 177.0700 1 262 -112.5200 207.0900
-4.1217194621e+000 -2.6059678609e+000 -1.9009710284e+001
65 60 40
2 0 389 -137.4500 -83.6000 1 458 -136.6600 -56.9900
-6.0903502344e+000 -2.4895652919e+000 -1.9982487666e+001
36 35 30
2 0 396 -194.0500 -74.9200 1 462 -195.9600 -46.4700
-4.9981977311e+000 -2.2640197323e+000 -1.8903351654e+001
48 41 31
2 0 398 -169.2900 -71.6800 1 305 -168.8100 -43.9500
-4.2157974483e+000 -2.1453166556e+000 -1.8642089005e+001
47 42 22
2 0 399 -144.1100 -68.5600 1 464 -142.4300 -41.6900
-4.0547660218e+000 -2.0491004319e+000 -1.8528044276e+001
80 77 65
2 0 403 -139.3300 -65.5700 1 467 -137.2600 -38.6900
-4.2953227691e+000 -1.9725645830e+000 -1.8050145839e+001
67 61 45
2 0 405 -152.8100 -64.6100 1 471 -150.3000 -36.8700
-4.2953227691e+000 -1.9725645830e+000 -1.8050145839e+001
67 61 45
2 0 406 -152.8100 -64.6100 1 472 -150.3000 -36.8700
-4.5676420699e+000 -1.9627286605e+000 -1.8266489884e+001
159 154 143
2 0 407 -160.6600 -63.2100 1 475 -158.6700 -35.5800
-4.5676420699e+000 -1.9627286605e+000 -1.8266489884e+001
159 154 143
2 0 408 -160.6600 -63.2100 1 476 -158.6700 -35.5800
-1.2331792211e+001 -3.2943586454e+000 -3.1466627924e+001
65 71 78
2 0 410 -234.2000 -63.6200 1 311 -245.6500 -34.0700
-1.2331792211e+001 -3.2943586454e+000 -3.1466627924e+001
65 71 78
2 0 411 -234.2000 -63.6200 1 312 -245.6500 -34.0700
4.1675535823e-003 3.1611446526e-001 6.3089436849e+000
92 89 75
2 0 415 -32.9900 -58.6100 1 469 -83.2300 -37.4600
-1.3776583608e+000 -1.6526772693e+000 -1.7050776789e+001
66 55 33
2 0 417 -45.1200 -55.7800 1 483 -38.4200 -31.8300
-3.4107471172e+000 -1.7183152517e+000 -1.7813105770e+001
199 196 191
2 0 418 -121.4700 -55.8400 1 484 -117.4800 -29.0600
-1.1245638342e+000 2.1276493323e-001 6.0916386723e+000
88 79 62
2 0 419 24.0700 -54.4500 1 474 -26.9700 -35.0800
-3.3264976346e-001 -1.4996994582e+000 -1.6611069312e+001
78 70 51
2 0 422 -2.0800 -50.8700 1 485 6.0600 -28.3000
1.7372457231e+000 -1.4527495419e+000 -1.6419864560e+001
97 90 70
2 0 423 86.6800 -49.1700 1 684 95.1900 -30.0600
1.0927457922e+000 -1.3477524866e+000 -1.6044048992e+001
72 66 42
2 0 426 61.3500 -45.8600 1 489 71.0200 -25.5500
-2.0339981360e+000 -1.4127059826e+000 -1.7286092761e+001
99 92 77
2 0 427 -70.8400 -45.3700 1 496 -64.5600 -20.3200
-1.4776134189e+000 -4.3583738185e-002 4.9420205257e+000
20 21 14
2 0 428 48.3000 -44.4800 1 486 -6.4700 -27.1700
2.5914772439e+000 -1.2010337476e+000 -1.5754497619e+001
72 65 45
2 0 431 130.2600 -39.7200 1 493 140.3600 -22.2300
-5.0153611026e+000 -1.3155674882e+000 -1.8765247952e+001
57 53 41
2 0 432 -171.3400 -38.3000 1 508 -169.7100 -9.5900
-4.2364230204e+000 -1.1440959422e+000 -1.8633708133e+001
210 203 177
2 0 438 -144.8500 -32.3700 1 510 -142.0400 -4.5600
-4.2364230204e+000 -1.1440959422e+000 -1.8633708133e+001
210 203 177
2 0 439 -144.8500 -32.3700 1 511 -142.0400 -4.5600
3.8328851226e+000 -9.5476154439e-001 -1.5539925846e+001
212 211 207
2 0 442 188.3100 -28.6200 1 504 198.6600 -13.6600
2.3734924207e+000 -9.5939046800e-001 -1.6010319887e+001
108 104 79
2 0 443 117.7700 -28.4700 1 506 127.9100 -10.6000
-4.4934069062e+000 -1.0474767915e+000 -1.8647156021e+001
186 172 149
2 0 444 -153.9400 -28.8300 1 512 -151.3000 -0.6000
5.4715169951e+000 -9.3976641574e-001 -1.5376214699e+001
73 67 43
2 0 445 262.8800 -27.8300 1 503 272.4800 -15.8800
5.4746218850e+000 -8.8862982942e-001 -1.6056846622e+001
25 28 13
2 0 446 248.3000 -25.0600 1 328 256.5600 -12.1200
4.5755537504e+000 -8.5704037557e-001 -1.5472644789e+001
228 218 210
2 0 447 222.1200 -24.1800 1 505 232.3000 -10.4900
-2.9885056761e+000 -9.0280488951e-001 -1.8081593489e+001
181 175 149
2 0 448 -103.3100 -24.1600 1 513 -98.3300 2.3700
-8.5145476613e-002 -7.4473498266e-001 -1.6963079038e+001
198 186 163
2 0 450 7.9400 -18.7100 1 514 16.6700 3.6700
2.1269863016e-001 -7.1413646711e-001 -1.6911151475e+001
216 203 165
2 0 451 20.3100 -17.4700 1 515 29.2500 4.4400
-4.7480662292e+000 -6.1348576343e-001 -1.8531408742e+001
160 158 144
2 0 454 -164.2100 -13.1100 1 523 -161.2300 15.9000
-4.7480662292e+000 -6.1348576343e-001 -1.8531408742e+001
160 158 144
2 0 455 -164.2100 -13.1100 1 524 -161.2300 15.9000
-4.4269499061e+000 -5.8700853657e-001 -1.8398976670e+001
167 163 151
2 0 456 -153.9400 -12.1700 1 525 -150.4000 16.5100
-2.0512209517e+000 -3.6106475380e-001 -1.7690436962e+001
152 150 133
2 0 460 -69.5400 -3.4700 1 340 -62.5100 22.2000
-4.0893215177e+000 -9.7287551451e-002 -1.9354982415e+001
190 179 165
2 0 465 -133.1700 4.7500 1 528 -129.9400 32.7800
-4.9849795436e+000 7.2117302353e-001 -2.0323852984e+001
86 76 65
2 0 468 -154.3300 30.1300 1 362 -152.2400 59.6800
1.3850223514e+000 1.3055135287e+000 -1.7961736445e+001
181 173 160
2 0 479 62.4100 59.5400 1 545 72.7000 80.1600
1.2334223151e+000 1.3143120280e+000 -1.8087580925e+001
170 164 150
2 0 480 56.1000 59.2500 1 546 66.1400 80.1300
1.8140104418e+000 1.4886729490e+000 -1.7890249865e+001
37 34 25
2 0 483 78.9700 66.7700 1 548 89.7300 86.7000
4.5091481750e+000 1.6309798065e+000 -1.7502486274e+001
186 179 158
2 0 485 184.4400 73.7700 1 549 195.7500 88.5900
4.0515026674e+000 1.7125167666e+000 -1.7483646329e+001
37 34 21
2 0 486 167.4200 77.2000 1 550 179.0800 92.9000
2.5939152702e+001 1.2717083961e+001 -4.8824101337e+001
99 129 175
2 0 489 286.3300 135.9200 1 553 284.0200 146.6000
-5.6085138269e+000 -5.2152736539e+000 -1.7296479434e+001
69 71 60
2 0 512 -210.9500 -194.8800 1 588 -213.4100 -167.3100
-4.0646538398e+000 -4.5385309651e+000 -1.7398179196e+001
126 124 113
2 0 523 -150.2300 -168.7500 1 606 -149.9600 -141.6900
-4.9455524322e-001 -1.1220735614e+000 -6.1553977731e+000
33 38 37
2 0 527 -11.1100 -153.5400 1 615 141.2000 -126.2800
-5.8649318070e+000 -1.8418533926e+000 -2.0230359545e+001
204 199 194
2 0 577 -184.0200 -52.9500 1 690 -185.2400 -24.4000
-3.4668519190e+000 -1.5506038584e+000 -1.7763775040e+001
82 76 60
2 0 578 -124.0300 -49.4800 1 693 -119.8000 -22.5400
-1.1968608455e+000 -1.4433471321e+000 -1.6935855700e+001
213 210 201
2 0 579 -37.9700 -47.5200 1 691 -30.6500 -23.7500
-2.3815385024e-001 -1.2902825393e+000 -1.6679385499e+001
221 217 208
2 0 583 1.8700 -41.8400 1 700 10.2400 -19.3500
1.3743437028e+000 -1.2063248995e+000 -1.6113431109e+001
67 60 48
2 0 586 73.2600 -39.3500 1 699 83.0000 -19.6200
-4.3871849878e+000 -1.8557946862e-001 4.5462346777e+000
87 84 69
2 0 587 220.2400 -37.2000 1 687 163.0400 -25.9100
-3.9983322516e+000 -1.2494117698e+000 -1.8299399839e+001
49 45 36
2 0 589 -139.2900 -36.8000 1 719 -135.9400 -9.1900
-3.9983322516e+000 -1.2494117698e+000 -1.8299399839e+001
49 45 36
2 0 590 -139.2900 -36.8000 1 720 -135.9400 -9.1900
-4.1833653262e+000 -1.2701427654e+000 -1.8509587226e+001
45 38 28
2 0 591 -144.1100 -37.1900 1 713 -141.2400 -9.4300
-4.1833653262e+000 -1.2701427654e+000 -1.8509587226e+001
45 38 28
2 0 592 -144.1100 -37.1900 1 714 -141.2400 -9.4300
-3.8892971253e+000 -1.2408703686e+000 -1.8377532634e+001
48 44 34
2 0 593 -134.5700 -36.3600 1 717 -131.2100 -8.9300
-3.7076035024e+000 -1.2212951380e+000 -1.8244616570e+001
40 36 25
2 0 597 -129.0100 -35.8900 1 726 -125.2800 -8.6000
1.3300486878e+000 -1.1079467898e+000 -1.6059515478e+001
228 226 214
2 0 598 71.6800 -35.1500 1 707 81.7400 -15.3000
-4.7139207430e+000 -1.2222164856e+000 -1.8649560302e+001
205 197 185
2 0 599 -161.8400 -35.1700 1 736 -159.6400 -6.7100
-4.2935247403e+000 -1.1787207944e+000 -1.8613793856e+001
206 201 181
2 0 601 -147.1000 -33.6400 1 740 -144.3600 -5.7900
-4.2935247403e+000 -1.1787207944e+000 -1.8613793856e+001
206 201 181
2 0 602 -147.1000 -33.6400 1 741 -144.3600 -5.7900
2.8696226205e+000 -1.0394073102e+000 -1.5741583779e+001
48 44 38
2 0 604 142.7300 -32.4200 1 706 153.0500 -15.4200
-2.6468792934e+000 -1.1086601486e+000 -1.7715135857e+001
49 46 35
2 0 605 -92.6500 -32.5200 1 734 -87.1000 -6.4300
-2.6468792934e+000 -1.1086601486e+000 -1.7715135857e+001
49 46 35
2 0 606 -92.6500 -32.5200 1 735 -87.1000 -6.4300
4.1268581509e+000 -1.0099059499e+000 -1.5444347423e+001
231 224 197
2 0 607 202.9800 -31.1700 1 703 213.2100 -16.8900
2.5992912262e+000 -9.7440970436e-001 -1.5556774295e+001
216 211 192
2 0 613 132.9600 -29.7400 1 710 144.0100 -12.4400
-1.7851240509e+000 -1.0247424848e+000 -1.7452919474e+001
46 42 34
2 0 615 -60.1500 -29.6200 1 744 -53.4700 -4.6900
5.3723650671e+000 -9.6080162676e-001 -1.5486626620e+001
60 52 31
2 0 616 256.1900 -28.7800 1 704 265.5400 -16.3300
-4.6654507113e+000 -1.0670174789e+000 -1.8738195928e+001
49 44 32
2 0 620 -159.1800 -29.3200 1 765 -156.8400 -1.1100
-1.4680173414e+000 -9.8465670931e-001 -1.7125898423e+001
45 38 32
2 0 622 -48.5500 -28.4100 1 745 -41.0300 -3.9000
-1.3362327361e+000 -9.7962860731e-001 -1.7424466303e+001
46 42 31
2 0 625 -42.4000 -27.8700 1 748 -35.3700 -3.6000
-1.1840871023e+000 -9.5957228803e-001 -1.7179399496e+001
50 47 37
2 0 626 -36.8700 -27.3500 1 751 -29.2800 -3.2500
-1.1840871023e+000 -9.5957228803e-001 -1.7179399496e+001
50 47 37
2 0 627 -36.8700 -27.3500 1 752 -29.2800 -3.2500
-1.0231880033e+000 -9.4293977618e-001 -1.7059268312e+001
48 45 36
2 0 628 -30.5500 -26.8000 1 749 -22.6300 -2.9400
-1.0231880033e+000 -9.4293977618e-001 -1.7059268312e+001
48 45 36
2 0 629 -30.5500 -26.8000 1 750 -22.6300 -2.9400
4.2949690556e+000 -9.0738313691e-001 -1.5466915707e+001
52 44 39
2 0 630 209.9600 -26.5200 1 709 220.2400 -12.3400
-8.8781823822e-001 -9.3229365724e-001 -1.7090269044e+001
73 69 61
2 0 631 -24.9700 -26.3300 1 753 -17.0400 -2.6900
-2.8301812738e+000 -9.4801712281e-001 -1.7882459052e+001
55 47 30
2 0 633 -98.6200 -26.1900 1 769 -93.2800 0.3900
-7.3438184702e-001 -9.1477215395e-001 -1.7045932713e+001
38 37 28
2 0 634 -18.7400 -25.6700 1 757 -10.6400 -2.2400
-7.3438184702e-001 -9.1477215395e-001 -1.7045932713e+001
38 37 28
2 0 635 -18.7400 -25.6700 1 758 -10.6400 -2.2400
-5.9049000725e-001 -9.0379522915e-001 -1.7093347002e+001
47 46 38
2 0 638 -12.8300 -25.1800 1 755 -4.7600 -1.9700
-5.9049000725e-001 -9.0379522915e-001 -1.7093347002e+001
47 46 38
2 0 639 -12.8300 -25.1800 1 756 -4.7600 -1.9700
-3.1371204516e+000 -9.1905580854e-001 -1.8147988496e+001
56 48 34
2 0 640 -108.4400 -24.7000 1 776 -103.7000 1.9900
-3.1371204516e+000 -9.1905580854e-001 -1.8147988496e+001
56 48 34
2 0 641 -108.4400 -24.7000 1 777 -103.7000 1.9900
-4.5601895282e-001 -8.8799561453e-001 -1.7023086791e+001
44 39 35
2 0 642 -7.3400 -24.5700 1 761 0.9400 -1.6200
-4.5601895282e-001 -8.8799561453e-001 -1.7023086791e+001
44 39 35
2 0 643 -7.3400 -24.5700 1 762 0.9400 -1.6200
-2.9842287915e-001 -8.7451414537e-001 -1.7029170411e+001
38 34 33
2 0 645 -0.8800 -24.0200 1 760 7.4500 -1.3000
4.1290784284e+000 -8.2961340080e-001 -1.5378226536e+001
231 227 213
2 0 647 204.2500 -23.0400 1 722 215.0400 -8.6900
1.2277967552e-001 -8.3078054103e-001 -1.6717987556e+001
35 32 21
2 0 651 16.9900 -22.4700 1 763 26.1200 -0.3800
1.2277967552e-001 -8.3078054103e-001 -1.6717987556e+001
35 32 21
2 0 652 16.9900 -22.4700 1 764 26.1200 -0.3800
2.6124611313e-001 -8.1404496085e-001 -1.6609363395e+001
40 41 33
2 0 653 23.0700 -21.8500 1 767 32.4800 0.0300
2.6124611313e-001 -8.1404496085e-001 -1.6609363395e+001
40 41 33
2 0 654 23.0700 -21.8500 1 768 32.4800 0.0300
7.1088323689e-001 -7.7188027157e-001 -1.6579122090e+001
42 36 25
2 0 657 42.1800 -20.0600 1 771 51.7600 1.0500
8.2108558121e-001 -7.5930834697e-001 -1.6562572311e+001
47 42 29
2 0 658 46.9100 -19.5200 1 772 56.5500 1.3800
8.2108558121e-001 -7.5930834697e-001 -1.6562572311e+001
47 42 29
2 0 659 46.9100 -19.5200 1 773 56.5500 1.3800
-2.9347510296e+000 -7.4934539728e-001 -1.8047782701e+001
33 37 30
2 0 660 -101.4800 -18.4500 1 786 -96.2200 8.2700
5.7052192448e+000 -6.8487103688e-001 -1.5350895164e+001
230 226 223
2 0 665 273.3400 -16.2500 1 742 283.4900 -4.7200
-2.4834853840e-001 -6.1178690280e-001 -1.7110463375e+001
178 167 144
2 0 666 1.1100 -13.2300 1 790 9.7200 9.4500
2.8911692836e+000 -5.5102527488e-001 -1.5978578759e+001
41 42 34
2 0 668 140.5800 -10.4800 1 782 151.3900 6.5900
2.8911692836e+000 -5.5102527488e-001 -1.5978578759e+001
41 42 34
2 0 669 140.5800 -10.4800 1 783 151.3900 6.5900
3.1877830313e+000 -5.2341706538e-001 -1.5984172842e+001
46 45 37
2 0 671 153.3300 -9.2500 1 785 164.0300 7.2800
3.5919403586e+000 -4.8283138251e-001 -1.5872435086e+001
44 42 29
2 0 675 172.3600 -7.3700 1 788 183.1700 8.3100
1.9807022263e+000 -3.8971473481e-001 -1.6475280241e+001
185 176 160
2 0 678 96.4300 -3.7800 1 805 106.7900 15.1600
4.4598072068e+000 -3.9946002255e-001 -1.5823853888e+001
39 40 33
2 0 679 210.3600 -3.6200 1 793 220.9100 10.4200
4.4598072068e+000 -3.9946002255e-001 -1.5823853888e+001
39 40 33
2 0 680 210.3600 -3.6200 1 794 220.9100 10.4200
2.7176143627e+000 -3.5287176672e-001 -1.6476481131e+001
124 114 87
2 0 684 127.3400 -2.1700 1 808 137.5300 15.3800
2.2197867722e+000 -3.6435365560e-001 -1.6386505417e+001
192 187 165
2 0 685 107.3200 -2.6200 1 809 117.8600 15.8600
2.4003539096e+000 -3.4584501532e-001 -1.6448982146e+001
166 161 140
2 0 686 114.3300 -1.8700 1 810 124.7100 16.2800
4.9020630409e+000 -3.5668405925e-001 -1.5830592979e+001
50 47 35
2 0 688 228.9200 -1.7200 1 796 239.2700 11.4800
5.0284024369e+000 -3.4074511287e-001 -1.5756814378e+001
37 35 25
2 0 689 235.6900 -0.9500 1 799 246.1600 11.9700
5.0284024369e+000 -3.4074511287e-001 -1.5756814378e+001
37 35 25
2 0 690 235.6900 -0.9500 1 800 246.1600 11.9700
3.5140000597e+000 -2.3184239175e-001 -1.6113169822e+001
161 156 142
2 0 693 165.4100 3.4200 1 811 176.2700 19.3700
4.9328000917e+000 -9.3287302199e-002 -1.5994164136e+001
158 153 132
2 0 695 226.9300 9.5300 1 812 237.5100 22.8300
-8.9757660641e-001 1.3803804093e-001 -1.7612163394e+001
188 181 163
2 0 696 -24.6600 16.1200 1 815 -16.1100 40.1900
3.2010653260e-001 1.2864981172e-001 -1.6803081437e+001
48 48 35
2 0 697 25.0000 17.4900 1 814 35.6200 39.6700
4.4467858084e+000 3.7038096220e-001 -1.6024995153e+001
25 27 18
2 0 699 205.8600 29.6200 1 818 217.7200 43.8600
3.2011152971e+000 1.4898599644e+000 -1.7582478005e+001
186 179 164
2 0 705 134.1400 68.3500 1 825 145.4000 85.5300
-9.3823550872e+000 -8.8658111741e+000 -2.5044578563e+001
117 111 99
2 0 720 -228.0200 -216.4700 1 852 -240.7900 -188.9000
-5.2207461588e+000 -5.4468230000e+000 -1.7263122874e+001
172 173 157
2 0 730 -196.2700 -204.8600 1 585 -198.4600 -177.3800
-5.6325859661e+000 -5.0603132867e+000 -1.7466242390e+001
72 72 60
2 0 741 -209.5400 -186.2900 1 595 -211.9300 -159.4400
-5.0984307945e+000 -4.7486929601e+000 -1.7541389087e+001
44 47 42
2 0 748 -188.4000 -174.3400 1 425 -189.6900 -146.8700
-9.8819291437e+000 -7.4676009512e+000 -2.7561697568e+001
140 137 120
2 0 754 -217.0400 -164.7800 1 896 -229.0300 -136.9700
5.5943223477e+000 -3.9474710262e+000 -1.5577712160e+001
29 29 18
2 0 758 262.4000 -161.5400 1 890 264.9100 -147.7100
-1.1410905130e+001 -6.7703314067e+000 -2.8217870206e+001
84 76 65
2 0 775 -243.7000 -145.1600 1 913 -256.5100 -116.5000
-1.1410905130e+001 -6.7703314067e+000 -2.8217870206e+001
84 76 65
2 0 776 -243.7000 -145.1600 1 914 -256.5100 -116.5000
-3.0278123508e-001 -1.0661478603e+000 -6.1259078473e+000
122 124 121
2 0 779 41.4200 -140.5900 1 916 196.6500 -113.3000
1.5699698191e+000 -2.7133914919e+000 -1.5497687887e+001
48 44 32
2 0 803 86.6600 -110.3800 1 926 94.6900 -91.1900
2.1208944831e+000 -2.5737925847e+000 -1.7092554511e+001
20 23 12
2 0 817 97.1700 -92.5100 1 943 102.2100 -74.0300
-4.1677028661e+000 -2.2360643849e+000 -1.8383520153e+001
182 176 150
2 0 825 -144.7900 -73.0200 1 950 -142.8700 -46.0000
-1.1373531535e+001 -3.4177523999e+000 -3.0905748382e+001
68 67 56
2 0 830 -220.7100 -67.3900 1 675 -231.5000 -38.0200
-1.1373531535e+001 -3.4177523999e+000 -3.0905748382e+001
68 67 56
2 0 831 -220.7100 -67.3900 1 676 -231.5000 -38.0200
-1.1357916712e+001 -3.2650391058e+000 -3.1139310668e+001
47 58 59
2 0 832 -218.6400 -63.8600 1 957 -229.3400 -34.7500
-4.7128543230e+000 -1.9666967392e+000 -1.8256791246e+001
50 41 31
2 0 834 -166.1000 -63.4300 1 679 -164.2700 -35.4800
-4.6139165487e+000 -1.7382069025e+000 -1.8180398844e+001
219 219 210
2 0 846 -163.2800 -55.2200 1 975 -160.9900 -27.1100
-2.6263047988e+000 1.2394225651e-002 4.0834882326e+000
42 39 22
2 0 849 125.9100 -51.0400 1 955 66.5500 -36.7700
-1.3770735776e+000 -1.5133419542e+000 -1.7073162426e+001
212 206 198
2 0 852 -45.0400 -49.8700 1 981 -38.1500 -26.1500
3.1466938181e-001 1.2838753949e-001 6.2653062604e+000
54 51 40
2 0 854 -48.6600 -49.5000 1 974 -98.6800 -27.5900
2.5144967289e+000 -1.3679326285e+000 -1.6150640612e+001
86 83 65
2 0 857 122.4100 -45.9700 1 686 131.3600 -28.5400
-4.5043567649e+000 -1.3917408759e+000 -1.8506661380e+001
203 201 185
2 0 864 -155.7900 -41.6600 1 1001 -153.3900 -13.4600
-4.7340876745e+000 -1.3248869323e+000 -1.8508162204e+001
40 36 25
2 0 868 -164.0800 -39.1400 1 1008 -161.8500 -10.6700
-4.4574671926e+000 -1.3014816267e+000 -1.8532201444e+001
42 42 36
2 0 869 -153.8300 -38.2500 1 1009 -151.3000 -10.1900
-4.6222268655e+000 -1.3173007282e+000 -1.8567091013e+001
46 43 37
2 0 870 -159.4200 -38.7800 1 712 -157.1300 -10.4600
3.9984227909e+000 -1.1556589498e+000 -1.5583840306e+001
202 192 166
2 0 871 194.8800 -37.6000 1 987 204.5600 -22.9500
-4.2982130700e+000 -1.2805172475e+000 -1.8430258321e+001
57 53 46
2 0 873 -149.0500 -37.7200 1 1012 -146.2100 -9.7300
-4.3681995716e+000 -1.1137135558e+000 -1.8577635717e+001
60 53 34
2 0 884 -150.1300 -31.3400 1 1022 -147.3500 -3.2800
-2.7491406834e+000 -1.0274145270e+000 -1.7631597843e+001
218 212 199
2 0 886 -97.1500 -29.5200 1 1025 -91.4400 -3.0800
4.3921794030e+000 -9.1291612482e-001 -1.5448134484e+001
204 201 192
2 0 891 214.5900 -26.8300 1 1004 224.8200 -12.7300
-2.1495058224e+000 -5.7336729729e-001 -1.0690934814e+000
207 205 190
2 0 902 260.7200 -16.6400 1 1316 138.6800 -11.8200
-1.0009380381e+000 -6.6745283886e-001 -1.7507690811e+001
172 166 144
2 0 903 -28.9200 -15.3800 1 1034 -21.4200 8.3700
3.1998055053e-001 -5.3951439621e-001 -1.6994566996e+001
168 160 140
2 0 911 24.5200 -10.3200 1 1037 33.5900 11.5600
3.3704185634e+000 -4.3371731846e-001 -1.6364286595e+001
226 212 188
2 0 914 155.9800 -5.5200 1 1036 165.9400 10.8300
1.5027749014e+000 -4.1912140458e-001 -1.6651293214e+001
215 204 185
2 0 915 75.0400 -5.1000 1 1040 85.0600 14.6200
3.0838381034e+000 -2.6057058564e-001 -1.6251169942e+001
175 168 153
2 0 917 145.3500 1.9900 1 1044 156.0600 18.8300
3.1950873704e+000 -2.5136629046e-001 -1.6062623038e+001
199 192 173
2 0 918 152.5100 2.6900 1 1043 163.6200 19.1100
4.3811100800e+000 2.7206608427e-001 -1.5982769838e+001
157 152 141
2 0 929 203.8900 25.5600 1 1407 215.6700 39.7800
4.5089911705e+000 2.8480924702e-001 -1.5999690999e+001
163 156 148
2 0 930 208.9500 26.0600 1 1046 220.6500 40.0000
4.8440585693e+000 3.1763036994e-001 -1.5998441585e+001
164 161 145
2 0 932 222.9300 27.3700 1 816 234.5100 40.7700
-4.6722837919e+000 9.1949393239e-001 -1.9471419060e+001
25 25 20
2 0 934 -151.7300 39.4800 1 822 -148.1200 68.8500
-4.6722837919e+000 9.1949393239e-001 -1.9471419060e+001
25 25 20
2 0 935 -151.7300 39.4800 1 823 -148.1200 68.8500
5.6881002514e+000 2.2166845282e+000 -1.7831415676e+001
141 137 126
2 0 939 222.1500 92.9400 1 1051 233.6000 106.0000
5.7132620200e+000 2.2949308112e+000 -1.7701604705e+001
125 116 104
2 0 941 225.0600 96.9100 1 1052 236.9600 109.6500
6.5108060728e+000 2.5437470074e+000 -1.7878523572e+001
213 220 228
2 0 942 250.0300 103.9900 1 1055 261.9000 115.7500
-9.8301320901e+000 -8.5694362752e+000 -2.5529459681e+001
149 153 134
2 0 969 -233.9700 -204.7400 1 864 -246.8800 -177.0000
-5.8116315643e+000 -5.4112073388e+000 -1.7529743900e+001
47 43 32
2 0 977 -215.0500 -198.9000 1 1135 -218.2600 -171.6700
-1.0003158497e+001 -8.4256130206e+000 -2.5800781500e+001
45 40 25
2 0 978 -235.3800 -199.1400 1 1137 -248.3100 -170.9900
-1.0003158497e+001 -8.4256130206e+000 -2.5800781500e+001
45 40 25
2 0 979 -235.3800 -199.1400 1 1138 -248.3100 -170.9900
-9.4981869202e+000 -7.7123500974e+000 -2.6225056839e+001
146 144 123
2 0 991 -220.2400 -180.0800 1 888 -232.0800 -151.1600
-1.0097781702e+001 -7.2445518432e+000 -2.8346007805e+001
149 145 132
2 0 1021 -215.1400 -154.8500 1 1172 -227.1500 -127.6700
-5.1107641603e-001 -1.0647589783e+000 -6.2165070535e+000
17 22 18
2 0 1041 -15.3700 -134.4200 1 919 132.5000 -106.7100
-1.1816146405e+001 -6.4161417290e+000 -2.8868939907e+001
86 95 97
2 0 1043 -246.0700 -134.2800 1 1199 -258.9700 -105.3800
-1.1041636937e+001 -6.7441244610e+000 -3.0613569657e+001
101 94 78
2 0 1050 -216.2200 -133.2300 1 1212 -228.6700 -105.1700
-1.2146169852e+001 -6.1902983771e+000 -3.0266173272e+001
168 164 147
2 0 1063 -240.2700 -123.4000 1 1225 -253.2200 -94.6000
8.9271084680e-001 -1.2770043542e+000 -7.5832204116e+000
83 77 48
2 0 1069 202.0100 -116.2600 1 296 276.5300 -96.8600
-1.1252515111e+001 -3.3008123103e+000 -3.1807040766e+001
65 81 86
2 0 1119 -211.7500 -63.4200 1 1280 -222.4700 -34.4000
-5.8323935142e+000 -1.9380739439e+000 -1.9919309378e+001
60 63 58
2 0 1128 -186.3600 -57.1200 1 1290 -187.4100 -28.1800
-5.6703931473e+000 -1.9196552925e+000 -1.9834981089e+001
79 73 58
2 0 1131 -181.9900 -56.6700 1 1288 -182.7600 -28.0700
-4.8027315183e+000 -1.4407850615e+000 -1.8978839562e+001
206 203 186
2 0 1153 -161.6100 -42.2600 1 1311 -160.1000 -14.2800
-3.9961057223e-001 -7.0942578434e-001 -6.3280117743e+000
216 210 198
2 0 1155 12.6900 -39.8600 1 1319 156.0500 -10.8700
-5.7685124055e+000 -1.3045709472e+000 -2.0102951966e+001
173 168 154
2 0 1163 -182.2300 -35.7200 1 1016 -182.7300 -6.6900
2.6043127142e+000 -1.0634464362e+000 -1.5695189986e+001
69 63 51
2 0 1166 131.5300 -33.7100 1 1307 142.0400 -16.0900
2.6043127142e+000 -1.0634464362e+000 -1.5695189986e+001
69 63 51
2 0 1167 131.5300 -33.7100 1 1308 142.0400 -16.0900
-4.3872020801e+000 -1.1558056763e+000 -1.8337809432e+001
68 63 48
2 0 1168 -153.2100 -33.2400 1 1333 -150.2000 -5.0200
-3.6274626521e+000 -9.4542944742e-001 -1.8144439513e+001
164 160 138
2 0 1176 -126.8300 -25.7600 1 1347 -122.5600 1.8000
-4.8482685073e+000 -7.6693641994e-001 -1.8878562021e+001
46 43 28
2 0 1191 -164.1400 -18.4800 1 1357 -161.8400 10.2000
-9.4591214090e-002 -6.7105701295e-001 -1.6997483680e+001
202 188 156
2 0 1194 7.5200 -15.8000 1 1352 16.2800 6.8800
-8.7662512309e-002 -5.7007850046e-001 -1.7096192831e+001
145 139 123
2 0 1205 7.6700 -11.5700 1 1360 16.4100 10.9400
6.5269917073e-001 -4.4583868678e-001 -1.6876562697e+001
70 67 50
2 0 1215 38.5800 -6.4900 1 1365 48.0800 15.0000
-2.2309299817e+000 -4.2738923445e-001 -1.3156946671e+001
39 40 32
2 0 1222 -110.8900 -2.6600 1 1390 -92.2800 25.5400
2.5715014616e+000 -3.0592331111e-001 -1.6166794436e+001
140 133 115
2 0 1226 124.5400 0.0400 1 1373 135.5600 17.9600
2.9334106997e+000 -2.7841859228e-001 -1.6214210109e+001
133 126 109
2 0 1228 139.4300 1.2900 1 1375 150.2600 18.3400
3.8994345520e+000 -1.7778292492e-001 -1.6142980306e+001
180 173 156
2 0 1241 181.2200 5.7600 1 1379 191.9200 20.9100
4.0005643153e+000 -1.6511038740e-001 -1.6119568482e+001
156 149 132
2 0 1243 185.8300 6.3400 1 1380 196.5500 21.2900
4.0946366359e+000 -1.5236665041e-001 -1.6055464358e+001
159 154 135
2 0 1245 190.8200 6.9000 1 1382 201.6400 21.8200
4.8707859293e+000 -7.5763815564e-002 -1.6170282189e+001
142 137 121
2 0 1247 221.0600 10.0600 1 1385 231.3500 23.4100
-5.7999736969e+000 2.5668360459e-001 -2.1134156760e+001
40 42 36
2 0 1253 -172.4400 13.9300 1 1048 -172.3600 43.4200
2.3733095869e+000 4.9431774556e-002 -1.6428448432e+001
113 111 96
2 0 1255 113.3000 14.9900 1 1402 124.5200 33.2200
-5.1622304971e+000 5.5654881525e-001 -2.0799188536e+001
176 167 152
2 0 1268 -155.8000 23.9100 1 1421 -154.4900 52.9700
6.0160866408e+000 4.4077841818e-001 -1.5876740190e+001
112 111 98
2 0 1280 273.4000 32.8400 1 1414 285.0000 43.8600
4.7495659474e+000 4.9585702663e-001 -1.6082699915e+001
72 74 63
2 0 1283 217.3400 34.8400 1 1416 229.2000 48.3700
-1.7200853924e+000 -2.3197420177e+000 9.3710517584e+000
199 191 172
2 0 1288 38.9600 53.5900 1 1427 0.0400 71.4300
-1.7200853924e+000 -2.3197420177e+000 9.3710517584e+000
199 191 172
2 0 1289 38.9600 53.5900 1 1428 0.0400 71.4300
1.4251801083e+000 1.2975518944e+000 -1.8058537997e+001
203 195 182
2 0 1292 63.4600 58.4200 1 1433 73.4900 79.6000
1.6956671759e+000 1.5389338689e+000 -1.7634535573e+001
145 142 132
2 0 1303 76.0400 70.2700 1 1441 87.4300 90.3200
4.0060299704e+000 2.0060534595e+000 -1.7955484736e+001
153 153 128
2 0 1310 159.7300 85.1600 1 1452 170.9900 101.1800
4.3849062884e+000 1.8731729638e+000 -1.6731469276e+001
139 136 124
2 0 1315 190.7100 88.7900 1 1454 204.3000 103.4600
