# Bundle file v0.3
2 403
5.5881239933e+002 -4.1866909703e-002 4.1529242019e-002
9.9998550904e-001 2.2809927481e-003 -4.8763492574e-003
-2.2989347485e-003 9.9999059739e-001 -3.6769585182e-003
4.8679162913e-003 3.6881156443e-003 9.9998135042e-001
-4.3215498186e-002 1.5510542783e-001 -2.9082755650e+000
5.6274332352e+002 -5.0977091602e-002 1.0591331792e-001
9.9570173924e-001 1.4303819403e-002 9.1506542033e-002
-1.1522735900e-002 9.9945764653e-001 -3.0848652321e-002
-9.1898166694e-002 2.9661651052e-002 9.9532653608e-001
-1.5230372964e+000 2.3585843511e-001 -2.9879386539e+000
2.1010835170e+000 7.0331705581e+000 -2.5861810075e+001
39 45 45
2 0 6 42.6400 141.6800 1 9 -33.1300 156.5000
-6.4828396246e+000 -9.6312521983e-001 -2.4047687427e+001
11 13 11
2 0 10 -132.4300 -14.9200 1 14 -216.4800 2.2600
1.3021638674e-002 3.0392874939e+000 -1.9710424939e+001
69 75 67
2 0 11 1.8000 80.6600 1 16 -81.5400 96.8000
3.5824242212e+000 4.3518200424e+000 -1.9247563854e+001
127 179 237
2 0 13 91.7900 114.7500 1 18 8.6600 129.4400
-1.4570521359e+000 5.5340392878e+000 -1.9546648400e+001
22 26 24
2 0 15 -34.5800 143.2100 1 19 -118.4400 161.4600
-4.6092696387e+000 -3.3195234052e+000 -2.4555727783e+001
15 19 13
2 0 24 -92.1200 -62.1800 1 33 -173.8300 -46.9400
-3.0585738157e+000 5.8071194146e-001 -1.9134822707e+001
150 159 163
2 0 27 -76.1300 20.6500 1 37 -162.8000 37.1300
-4.3640080667e+000 1.4160562367e+000 -2.1735852785e+001
85 92 74
2 0 28 -97.2500 37.2600 1 39 -181.5900 55.2800
2.3715020724e+001 1.9047132661e+001 -6.8077493473e+001
112 163 227
2 0 34 188.5500 152.6300 1 43 124.8500 162.7600
5.6711355380e+000 -3.6694932140e+000 -1.9990416012e+001
229 242 248
2 0 40 139.1500 -83.9000 1 56 53.5900 -69.0200
3.3260633448e+000 -1.0564109430e+000 -2.0305826456e+001
102 107 103
2 0 43 81.3200 -20.1400 1 61 -2.0200 -5.4800
-8.7989023951e+000 -9.1958085743e-001 -2.5246463357e+001
7 8 6
2 0 44 -172.1800 -13.4100 1 35 -257.9800 4.5600
-8.7989023951e+000 -9.1958085743e-001 -2.5246463357e+001
7 8 6
2 0 45 -172.1800 -13.4100 1 36 -257.9800 4.5600
1.7557999495e+000 6.2504185155e-001 -1.9469822436e+001
216 220 219
2 0 48 45.1800 21.1400 1 64 -38.6700 36.0400
3.6115980712e+000 2.6460316990e+000 -1.9391710167e+001
67 77 66
2 0 50 91.8900 71.8300 1 70 8.3900 85.6100
2.3545795468e+000 6.3216499614e+000 -2.1055373444e+001
15 19 18
2 0 52 56.5700 151.7200 1 101 -23.7500 168.5300
2.3545795468e+000 6.3216499614e+000 -2.1055373444e+001
15 19 18
2 0 53 56.5700 151.7200 1 102 -23.7500 168.5300
6.0494270648e+000 -4.3675220933e+000 -1.9770761032e+001
36 48 28
2 0 66 149.6200 -101.8600 1 116 63.2400 -86.4900
5.8057243107e+000 -2.4989387697e+000 -1.9273239042e+001
194 223 255
2 0 67 147.0700 -57.1800 1 84 60.6800 -43.1000
1.1053277218e+000 -1.6589025546e+000 -1.8883975668e+001
170 173 178
2 0 69 29.4900 -36.7000 1 88 -55.7500 -21.9900
6.2579765753e-001 -1.1627915594e+000 -1.9742332280e+001
118 123 120
2 0 70 16.6800 -23.1300 1 90 -67.3700 -8.0000
1.2940053308e+000 2.4186074314e+000 -1.9313732816e+001
154 173 180
2 0 75 33.9600 66.4000 1 96 -49.6700 81.6800
-1.5294555365e+000 3.9543994175e+000 -1.9661235041e+001
153 168 173
2 0 78 -36.3000 103.5600 1 98 -120.3800 120.9200
3.2224712319e+001 1.7139474773e+001 -6.6497529521e+001
31 45 25
2 0 79 260.6300 139.7600 1 100 193.0900 148.8600
-1.4441267352e+000 6.3843779021e+000 -1.9503477291e+001
129 181 238
2 0 82 -34.2700 164.6600 1 103 -118.0000 183.2600
5.1855994533e+000 -2.1360776111e+000 -1.9112509264e+001
31 31 30
2 0 107 132.5100 -48.5000 1 122 46.4100 -34.3600
-2.2024311084e+000 -2.1918267190e+000 -2.1430121167e+001
48 53 59
2 0 108 -49.2100 -44.9700 1 199 -132.5000 -29.2500
-1.9001981284e+000 -1.4822985425e+000 -1.9759142070e+001
160 164 170
2 0 112 -45.5700 -31.1800 1 125 -130.7000 -14.9200
4.3079671889e+000 -8.6642675679e-001 -1.9926527455e+001
68 65 52
2 0 113 106.6200 -15.8500 1 127 22.5300 -1.5700
4.3148315432e+000 -3.0156729911e-001 -1.9690121069e+001
164 174 165
2 0 120 107.9200 -2.1700 1 129 23.6700 12.1400
2.5631938639e+000 3.8121481618e-001 -1.9779023177e+001
211 220 223
2 0 122 64.4700 14.8300 1 133 -19.0500 29.4500
-2.6412094311e+000 3.1733425372e-001 -1.9632238469e+001
177 187 196
2 0 123 -64.0900 13.6000 1 135 -149.7000 29.9800
5.1044836139e+000 8.6812928215e-001 -1.9504025861e+001
143 201 253
2 0 126 128.5000 26.7300 1 94 44.0000 40.7900
3.7869081756e+000 8.2788246529e-001 -1.9432836993e+001
148 166 176
2 0 127 96.0300 26.0000 1 136 11.9500 40.3600
1.9411475394e+000 1.3412592348e+000 -1.9786971647e+001
59 65 66
2 0 130 49.1900 38.4900 1 140 -34.0500 53.3800
9.7268015581e-001 1.3399929926e+000 -1.9718316143e+001
216 219 219
2 0 131 25.4100 38.6300 1 141 -58.0400 53.9200
-2.5816832721e+000 1.2922058653e+000 -1.9554595325e+001
163 176 185
2 0 132 -62.7900 37.9400 1 142 -148.3200 54.6000
1.0732831583e+000 1.8613408058e+000 -1.9448348171e+001
74 85 91
2 0 134 28.2300 51.9900 1 145 -55.4200 67.5200
1.9409119515e-001 1.8721035016e+000 -1.9703180608e+001
193 200 208
2 0 135 6.2100 51.8300 1 146 -77.3500 67.6000
-9.5364908668e-001 1.8641602401e+000 -1.9629602463e+001
166 179 189
2 0 136 -22.2300 51.8600 1 147 -106.4100 68.1500
2.9000493763e+000 2.4575951025e+000 -1.9274168317e+001
163 179 191
2 0 138 74.4600 67.3600 1 150 -9.1500 81.8300
2.9000493763e+000 2.4575951025e+000 -1.9274168317e+001
163 179 191
2 0 139 74.4600 67.3600 1 149 -9.1500 81.8300
3.3615786949e+000 3.6405747878e+000 -1.9445523600e+001
140 181 215
2 0 140 85.4700 96.3100 1 152 2.4100 110.6200
3.3615786949e+000 3.6405747878e+000 -1.9445523600e+001
140 181 215
2 0 141 85.4700 96.3100 1 153 2.4100 110.6200
2.7820663260e+000 3.9057539190e+000 -1.9180050841e+001
52 57 61
2 0 142 71.8300 104.1900 1 155 -11.4300 118.8600
3.5500835172e+001 1.5638052379e+001 -8.1303202520e+001
30 43 23
2 0 143 237.1300 105.6200 1 154 171.8000 116.1600
-2.3030306363e+000 4.6931260552e+000 -2.0177093502e+001
130 194 255
2 0 144 -54.0800 119.6000 1 246 -137.9400 136.9300
9.9406656334e-001 4.7906098852e+000 -1.9494080694e+001
32 46 49
2 0 145 26.3300 125.0400 1 156 -56.4600 140.8900
-1.6689061627e+000 4.7278467955e+000 -1.9356245539e+001
34 35 31
2 0 146 -40.2700 124.3600 1 158 -124.7100 142.1600
-1.6689061627e+000 4.7278467955e+000 -1.9356245539e+001
34 35 31
2 0 147 -40.2700 124.3600 1 159 -124.7100 142.1600
2.5750318487e+000 4.7549668989e+000 -1.8891301009e+001
40 41 49
2 0 148 67.4600 127.2900 1 157 -15.8900 142.1200
-2.3046810488e+000 5.3591642360e+000 -1.9559114525e+001
139 190 243
2 0 149 -55.6000 138.9500 1 160 -140.2100 157.5300
2.8266329158e+000 5.5842038752e+000 -1.8714372149e+001
114 173 231
2 0 151 74.4800 149.7400 1 250 -8.8100 164.2400
3.3073051532e+000 -5.0635533742e+000 -2.7824419435e+001
60 76 26
2 0 187 61.5100 -87.5400 1 186 -15.3200 -72.1700
3.3073051532e+000 -5.0635533742e+000 -2.7824419435e+001
60 76 26
2 0 188 61.5100 -87.5400 1 187 -15.3200 -72.1700
6.3422045551e+000 -3.3265776231e+000 -2.0677009813e+001
61 68 40
2 0 191 151.0500 -73.3400 1 191 66.1100 -58.6600
-1.3787230291e+000 -2.8344910666e+000 -2.3649935355e+001
39 40 35
2 0 194 -27.6000 -54.8900 1 195 -108.1600 -38.8000
4.0929249153e+000 -2.3562570692e+000 -1.9994642210e+001
160 169 176
2 0 195 100.9400 -52.0000 1 196 16.6100 -37.4400
3.2524971017e+000 -2.3093067430e+000 -1.9820597428e+001
166 180 190
2 0 196 81.0800 -51.1900 1 197 -3.2000 -36.6400
-3.1710900345e+000 -1.4969391924e+000 -1.9722243681e+001
160 168 171
2 0 199 -76.9400 -31.1000 1 209 -163.0900 -15.4300
1.1914759616e+000 -1.2130564258e+000 -1.9621880112e+001
153 159 159
2 0 202 30.7800 -24.4400 1 212 -53.3500 -9.6300
1.1914759616e+000 -1.2130564258e+000 -1.9621880112e+001
153 159 159
2 0 203 30.7800 -24.4400 1 213 -53.3500 -9.6300
-1.4046562811e-001 -1.2204227344e+000 -1.9579362274e+001
156 157 161
2 0 204 -2.2600 -24.7700 1 214 -86.7400 -9.3500
2.6317368179e+000 -1.2035155309e+000 -1.9649666211e+001
148 157 155
2 0 206 66.4100 -24.2000 1 210 -17.7000 -9.7700
2.6317368179e+000 -1.2035155309e+000 -1.9649666211e+001
148 157 155
2 0 207 66.4100 -24.2000 1 211 -17.7000 -9.7700
2.2357479560e+000 -9.3298611932e-001 -1.9624409353e+001
70 71 57
2 0 209 56.6900 -17.8700 1 217 -27.3500 -2.6500
5.4467328151e+000 -8.0837321943e-002 -2.0575123658e+001
179 211 225
2 0 213 130.8300 3.0800 1 221 47.3200 17.2500
5.4467328151e+000 -8.0837321943e-002 -2.0575123658e+001
179 211 225
2 0 214 130.8300 3.0800 1 222 47.3200 17.2500
7.1518845832e-001 -1.0715823199e-001 -1.9453155407e+001
36 45 52
2 0 215 19.1600 2.8600 1 224 -65.0300 18.1600
-3.4665928053e-001 -1.2017723871e-001 -1.9671206673e+001
41 48 58
2 0 216 -7.2800 2.5900 1 225 -91.5100 18.2000
-1.6250911864e+000 -1.4199712640e-001 -1.9725610986e+001
45 50 56
2 0 217 -38.8000 2.1600 1 226 -123.6100 18.0600
-2.6429382021e+000 -1.5586424833e-001 -1.9763447478e+001
48 53 59
2 0 218 -63.7700 1.9000 1 227 -149.2600 18.0400
-4.3252707524e+000 -1.7663273990e-001 -2.2124035749e+001
44 51 60
2 0 219 -94.9300 1.6800 1 228 -178.8700 17.9000
2.1865377274e+000 -7.3485662100e-002 -1.9504479365e+001
41 46 49
2 0 220 55.8100 3.6500 1 223 -28.1700 18.4400
4.7092095397e-003 2.9946400229e-001 -1.9705568003e+001
140 156 165
2 0 223 1.4400 13.0100 1 230 -82.5300 28.4500
-5.7545302205e+000 7.1370247632e-001 -2.2359289245e+001
207 212 227
2 0 224 -125.3900 21.2400 1 337 -210.5900 38.6800
-3.5992959680e+000 1.1989464605e+000 -1.9750350902e+001
43 50 42
2 0 228 -87.2400 35.3500 1 235 -173.4800 52.4200
3.3485245865e+000 1.3354171508e+000 -1.9425105171e+001
75 81 62
2 0 230 85.1400 38.6400 1 236 1.3100 53.3100
-1.9459821659e+000 1.7798244076e+000 -2.0037393946e+001
159 175 191
2 0 232 -45.9300 48.8800 1 238 -130.2300 65.7400
1.5666789419e+000 3.8959429725e+000 -1.9606713681e+001
211 214 218
2 0 237 40.3800 102.2300 1 244 -42.4000 117.4900
2.6101068217e+001 1.3535404341e+001 -6.4713273743e+001
15 33 1
2 0 238 217.3300 114.2200 1 362 151.2400 124.7100
1.5936527151e+000 4.3516870761e+000 -1.9587150000e+001
50 71 77
2 0 239 41.1100 113.3700 1 245 -41.5700 129.1800
3.7926076920e-001 4.7995584264e+000 -2.0043915124e+001
191 198 199
2 0 240 10.8100 122.3900 1 369 -71.5100 138.6100
2.4246953720e+001 1.8906348326e+001 -6.4773928775e+001
112 162 235
2 0 243 201.9300 158.3000 1 251 137.3600 168.7500
7.5667800653e-001 6.5025830728e+000 -1.9296898281e+001
178 199 197
2 0 244 20.6400 169.0300 1 253 -61.9800 185.6800
6.0520633218e+000 -4.9519174573e+000 -2.0122304071e+001
59 69 39
2 0 302 147.3700 -113.9900 1 292 61.3400 -99.0900
2.9186689378e+000 -3.9136450726e+000 -2.4325981427e+001
29 32 21
2 0 312 61.1800 -74.9600 1 190 -18.3300 -60.7000
7.2761897428e+000 -3.0361758534e+000 -2.0512518558e+001
60 77 36
2 0 316 174.2500 -66.7900 1 301 88.3900 -52.6600
4.8768937749e+000 -2.3621863209e+000 -2.0030644328e+001
155 162 168
2 0 322 119.8200 -52.0700 1 305 35.1800 -37.6100
3.0045889065e+000 -1.3883889225e+000 -1.9524043493e+001
114 122 125
2 0 327 76.0300 -29.0000 1 311 -8.3600 -14.5500
3.0045889065e+000 -1.3883889225e+000 -1.9524043493e+001
114 122 125
2 0 328 76.0300 -29.0000 1 312 -8.3600 -14.5500
1.5895673936e+000 -1.4085772593e+000 -1.9549868902e+001
136 141 145
2 0 329 40.7600 -29.4100 1 313 -43.4800 -14.6700
1.5895673936e+000 -1.4085772593e+000 -1.9549868902e+001
136 141 145
2 0 330 40.7600 -29.4100 1 314 -43.4800 -14.6700
2.2871791946e-001 -1.4367151886e+000 -1.9571289744e+001
129 134 138
2 0 331 6.9000 -30.0500 1 316 -77.5200 -14.9700
-2.2394462384e+000 -1.0598798071e+000 -1.9754919295e+001
64 62 54
2 0 335 -53.9100 -20.4100 1 323 -139.2200 -4.6600
-2.7467344850e+000 -1.0559850771e+000 -1.9658514729e+001
105 103 92
2 0 336 -66.6800 -20.2200 1 324 -152.5100 -4.6700
1.6152316562e+000 -1.0264273922e+000 -1.9658589296e+001
114 114 104
2 0 338 41.2400 -20.0000 1 320 -42.7700 -4.8800
7.9815525306e-001 -1.0225934724e+000 -1.9558250019e+001
61 62 51
2 0 339 21.0900 -19.8700 1 321 -63.1400 -4.7500
2.5133706521e-001 -1.0212348354e+000 -1.9605567047e+001
102 100 90
2 0 340 7.4800 -19.7900 1 322 -76.8100 -4.4900
-5.1855163897e-001 -8.5596934882e-001 -1.9583024005e+001
83 74 53
2 0 341 -11.6300 -15.6100 1 326 -96.1800 -0.2200
-5.1855163897e-001 -8.5596934882e-001 -1.9583024005e+001
83 74 53
2 0 342 -11.6300 -15.6100 1 327 -96.1800 -0.2200
-1.8841456090e+000 2.5266993863e-001 -1.9799093584e+001
160 177 185
2 0 345 -45.0100 11.8000 1 231 -129.8300 28.0700
-2.1602349292e+000 5.8340702880e-001 -1.9708995077e+001
113 114 116
2 0 346 -51.9900 19.9500 1 335 -137.0800 36.5800
3.2522074458e-001 6.7554460627e-001 -1.9528638363e+001
86 93 90
2 0 350 9.4300 22.6900 1 336 -74.5800 37.6000
-1.8785776481e+000 9.5439853788e-001 -1.9599299019e+001
160 173 181
2 0 353 -45.2600 29.4800 1 343 -130.2300 45.6600
6.5179272531e-002 9.8324406006e-001 -1.9518653920e+001
157 171 176
2 0 354 2.9700 30.3600 1 342 -81.0700 45.4700
3.3752803538e+000 2.1367419475e+000 -1.9074406424e+001
34 45 39
2 0 359 87.1600 59.9000 1 349 3.1100 73.8400
3.3752803538e+000 2.1367419475e+000 -1.9074406424e+001
34 45 39
2 0 360 87.1600 59.9000 1 350 3.1100 73.8400
1.2370565417e-001 2.4116156527e+000 -1.9398376474e+001
51 65 68
2 0 364 4.5300 65.8700 1 353 -79.3300 82.1200
-8.2707893357e-001 3.2926555360e+000 -1.9987221531e+001
168 147 98
2 0 368 -18.6700 86.0000 1 356 -102.0100 102.5500
-8.2707893357e-001 3.2926555360e+000 -1.9987221531e+001
168 147 98
2 0 369 -18.6700 86.0000 1 357 -102.0100 102.5500
-2.2648665853e+000 3.7193254134e+000 -1.9677790063e+001
169 189 188
2 0 370 -54.4400 97.6200 1 359 -139.1400 115.5000
-7.1872628436e-001 3.9819627817e+000 -1.9168879493e+001
166 182 191
2 0 371 -16.6900 106.7700 1 361 -100.8600 123.0800
-2.3503725468e+000 4.0761441914e+000 -1.9701922959e+001
77 90 73
2 0 372 -56.4600 106.3600 1 363 -141.1400 124.4100
-2.3503725468e+000 4.0761441914e+000 -1.9701922959e+001
77 90 73
2 0 373 -56.4600 106.3600 1 364 -141.1400 124.4100
1.1237182912e+000 4.1936940142e+000 -1.9511236891e+001
215 219 214
2 0 376 29.5200 110.0400 1 366 -53.3900 125.7600
-1.0534213674e+000 4.6353026038e+000 -1.9737600359e+001
161 176 182
2 0 380 -24.3900 119.8700 1 367 -107.9000 137.4000
1.4518373853e+000 5.3000687767e+000 -1.9318133148e+001
75 84 83
2 0 383 38.0300 138.7400 1 376 -44.7100 154.3800
2.3344957461e+001 1.6705884001e+001 -6.4845397092e+001
121 162 219
2 0 384 194.3700 140.1500 1 372 129.7500 151.0100
2.3248702295e+001 1.7132128433e+001 -5.7882047024e+001
104 147 194
2 0 387 215.3000 159.1600 1 573 149.0500 170.2500
-2.2083053168e-001 6.4628707794e+000 -1.9431332519e+001
170 187 194
2 0 388 -3.8600 166.9900 1 380 -86.8100 184.7200
2.2775820398e+001 1.8752895878e+001 -6.0323975078e+001
46 59 49
2 0 389 202.9500 168.0800 1 379 137.8500 178.1200
1.9460399972e+001 1.4668506528e+001 -4.3582541816e+001
34 44 21
2 0 390 235.0800 178.6900 1 383 165.0000 187.6700
-1.1799922628e+001 -8.3874027778e+000 -3.0539676936e+001
138 34 49
2 0 440 -193.9600 -133.6800 1 436 -278.2300 -121.8300
8.3506698686e+000 -4.7750145837e+000 -2.3018884156e+001
76 89 47
2 0 465 180.5100 -97.4000 1 679 96.6900 -82.5300
7.4463885754e+000 -4.2820143854e+000 -2.1349730289e+001
29 34 30
2 0 466 172.0800 -93.0100 1 456 86.9100 -78.1300
6.4631271405e+000 -4.0784189770e+000 -2.1026017974e+001
41 55 17
2 0 467 151.6000 -89.7400 1 457 66.8400 -74.6400
2.2512514921e+000 -4.0388112638e+000 -2.5375037962e+001
27 35 19
2 0 473 45.8400 -74.5100 1 460 -32.7000 -60.3100
-3.8022682203e+000 -2.5133492155e+000 -2.3801693630e+001
162 155 137
2 0 482 -77.9800 -47.2100 1 702 -159.7700 -31.8300
-3.8022682203e+000 -2.5133492155e+000 -2.3801693630e+001
162 155 137
2 0 483 -77.9800 -47.2100 1 703 -159.7700 -31.8300
-3.8128511700e+000 -1.8755237975e+000 -1.9734466756e+001
32 36 36
2 0 487 -92.6700 -40.2900 1 469 -179.4500 -24.8000
-5.8804156174e+000 -2.0872256901e+000 -2.5041445185e+001
11 17 15
2 0 489 -115.7200 -36.2900 1 470 -198.0200 -20.7300
-8.9282329534e+000 -2.0532120832e+000 -2.6105915550e+001
227 231 230
2 0 491 -169.5100 -34.3600 1 472 -254.4000 -17.7800
7.5829575010e-001 -1.4416351693e+000 -1.9796611088e+001
104 107 112
2 0 492 19.8900 -29.9800 1 315 -64.1200 -14.8000
-2.8110036615e+000 -1.4172819157e+000 -1.9847252133e+001
100 104 107
2 0 495 -67.6900 -29.1600 1 476 -153.3500 -13.1900
-2.2386965206e+000 -1.3986589869e+000 -1.9625506305e+001
105 108 113
2 0 496 -54.2300 -28.7800 1 475 -139.7600 -13.4300
-3.5151256661e+000 -1.4041252831e+000 -1.9646910189e+001
67 72 76
2 0 497 -85.6900 -28.7100 1 477 -172.2600 -13.3000
-1.5110816782e+000 -8.4693173276e-001 -1.9687287828e+001
74 66 45
2 0 501 -36.0900 -15.1500 1 483 -120.9900 0.2800
5.8631510247e+000 -2.9342017879e-001 -2.0199818728e+001
128 145 133
2 0 507 142.9100 -1.8900 1 489 58.5800 11.8700
-6.4196783808e+000 4.0022608609e-002 -2.5421546509e+001
24 32 13
2 0 510 -124.6400 5.2800 1 494 -207.0100 23.5900
-4.8853716673e-001 3.3859818629e-001 -1.3219095555e+001
107 118 120
2 0 519 -16.1600 18.6900 1 499 -112.1900 34.6100
-4.8853716673e-001 3.3859818629e-001 -1.3219095555e+001
107 118 120
2 0 520 -16.1600 18.6900 1 500 -112.1900 34.6100
-1.1379159010e+000 7.5175984333e-001 -1.9591773671e+001
93 99 102
2 0 530 -26.9100 24.2900 1 508 -111.4600 40.3800
-9.2150839831e-001 9.6066646214e-001 -1.9691635386e+001
164 176 182
2 0 531 -21.4200 29.3700 1 513 -105.6800 45.3900
3.3505348563e+000 1.1472589422e+000 -1.9375451610e+001
60 69 68
2 0 533 85.3600 34.1700 1 345 1.4100 48.5200
-9.5314333849e+000 2.2708559963e+000 -2.4135079198e+001
32 55 47
2 0 538 -194.1000 51.8600 1 348 -283.0300 72.3200
-2.4519234191e+000 2.1971271240e+000 -1.9813654997e+001
170 187 194
2 0 544 -58.7900 59.3800 1 351 -143.7300 77.1500
4.0962791949e+000 2.2079280567e+000 -1.9080721872e+001
11 31 31
2 0 548 105.4200 61.8300 1 758 21.2200 74.9900
4.0962791949e+000 2.2079280567e+000 -1.9080721872e+001
11 31 31
2 0 549 105.4200 61.8300 1 759 21.2200 74.9900
-7.0910664997e-001 2.2527651740e+000 -1.9515319376e+001
146 140 95
2 0 550 -16.2400 61.7000 1 531 -100.3600 78.1700
-3.1515023344e+000 2.3728222045e+000 -1.9480950292e+001
108 123 120
2 0 551 -77.1100 65.0400 1 535 -163.1300 82.5000
-2.6780726282e+000 2.4214746631e+000 -1.9569103674e+001
100 111 107
2 0 552 -65.0600 65.9000 1 538 -150.4900 83.3000
1.8702854399e+000 2.5135379119e+000 -1.9170016970e+001
89 101 101
2 0 554 48.7600 68.9300 1 539 -34.9700 84.4100
6.8376531309e-001 2.5245501918e+000 -1.9336213845e+001
75 87 90
2 0 555 18.6000 69.1400 1 540 -65.1100 84.5500
2.3990303332e+000 2.5725182538e+000 -1.9286854480e+001
80 93 96
2 0 557 61.8200 70.2300 1 541 -21.7100 85.0200
-5.7276032411e-001 2.9499518732e+000 -1.9648405426e+001
36 40 39
2 0 559 -12.7100 78.6100 1 547 -96.4300 95.2200
-3.5911319360e+000 3.2599915573e+000 -1.9718544542e+001
97 109 101
2 0 560 -87.0100 86.1200 1 551 -173.0600 104.6200
-2.1928426610e+000 3.3617336744e+000 -1.9503325830e+001
28 36 43
2 0 561 -53.1200 89.4500 1 553 -138.0600 107.1400
-1.4243956769e+000 3.3775189955e+000 -1.9417202993e+001
27 36 36
2 0 562 -34.1400 90.2200 1 552 -118.5900 107.3300
-5.4993289067e-001 3.4928011150e+000 -1.9717463683e+001
23 30 33
2 0 566 -12.0700 91.8500 1 556 -95.5600 108.4700
6.4680475085e-001 3.4704420131e+000 -1.9387348370e+001
31 37 43
2 0 567 17.6900 92.5400 1 555 -65.7200 108.4600
-1.6450254050e-001 3.4411102332e+000 -1.9300310633e+001
22 33 39
2 0 568 -2.6600 92.2400 1 358 -86.5100 108.5800
1.4550969755e+000 3.5014191646e+000 -1.9401058306e+001
27 37 39
2 0 569 37.9200 93.2400 1 554 -45.2600 108.6000
-3.7822948547e-001 4.0234576754e+000 -1.9672759466e+001
181 195 204
2 0 571 -7.8300 105.3000 1 793 -91.1500 121.6700
8.1356390834e-001 4.4414636310e+000 -1.9543761677e+001
201 204 198
2 0 573 21.7800 116.0100 1 562 -61.1100 132.1000
2.7186571058e+000 4.5607412692e+000 -1.9075225559e+001
17 24 24
2 0 574 70.5300 121.9500 1 804 -12.6000 135.3900
-2.8622357678e-001 5.7629246184e+000 -1.9752819886e+001
181 167 117
2 0 576 -5.4200 147.5600 1 569 -88.1700 164.8300
-2.8622357678e-001 5.7629246184e+000 -1.9752819886e+001
181 167 117
2 0 577 -5.4200 147.5600 1 570 -88.1700 164.8300
-4.5389271989e-001 6.3944444842e+000 -1.9423637121e+001
174 195 198
2 0 581 -9.6900 165.4400 1 576 -92.8000 183.1800
9.1218210598e-001 6.4888866539e+000 -1.9330676218e+001
192 201 192
2 0 584 24.5100 168.4500 1 578 -58.0100 184.9000
-1.0984007995e+001 -7.9771504645e+000 -3.0493310730e+001
147 170 179
2 0 685 -180.8300 -127.3000 1 662 -263.8900 -114.7800
6.9423043609e+000 -5.6751528234e+000 -2.1964967613e+001
51 67 29
2 0 687 156.4700 -121.8000 1 667 72.1700 -106.1400
4.2237973866e+000 -4.5724311082e+000 -2.0720703083e+001
47 43 34
2 0 697 100.7700 -102.3700 1 676 16.7900 -87.4600
-3.5542280843e+000 -3.9347154649e+000 -2.4071210373e+001
42 48 48
2 0 707 -72.0800 -76.1000 1 686 -153.5300 -61.0800
3.0605817856e+000 -4.0157327921e+000 -2.5805268325e+001
36 43 21
2 0 710 60.9200 -73.5300 1 687 -17.3000 -58.1700
1.8863367425e+000 -2.8524807138e+000 -2.4887339566e+001
104 109 82
2 0 714 39.3400 -52.3500 1 1019 -39.4100 -37.6200
1.0969610331e+000 -2.6043725055e+000 -2.4691350616e+001
59 58 50
2 0 718 23.6400 -47.8900 1 699 -55.2900 -32.6900
-2.5362484420e+000 -2.4193298552e+000 -2.2888357260e+001
9 9 9
2 0 719 -53.5000 -47.1900 1 701 -135.3800 -31.5500
4.1186707054e+000 -1.9725721324e+000 -1.9809208941e+001
80 80 72
2 0 721 102.4100 -43.0800 1 1034 17.9200 -28.5200
4.1186707054e+000 -1.9725721324e+000 -1.9809208941e+001
80 80 72
2 0 722 102.4100 -43.0800 1 1035 17.9200 -28.5200
4.0739653437e+000 4.9363227488e-001 -2.0098498773e+001
142 164 177
2 0 753 100.2600 17.9500 1 1678 16.9000 30.7400
5.6876415441e-001 6.5347106952e-001 -1.9453375332e+001
161 170 176
2 0 759 15.5500 21.6300 1 731 -68.5100 37.5700
4.2727870365e-002 6.6019142516e-001 -1.9592680505e+001
181 193 200
2 0 760 2.4000 21.9400 1 732 -81.6300 37.6000
2.5349540540e+000 1.1350506055e+000 -1.9246614109e+001
103 113 114
2 0 767 65.2900 33.9300 1 737 -18.7300 48.9600
-1.6386053955e+000 1.8914988577e+000 -1.9891191434e+001
186 186 209
2 0 783 -38.7100 51.8400 1 752 -122.9700 68.7400
4.7681348650e+000 1.9082110607e+000 -1.9440435693e+001
79 102 97
2 0 787 120.5300 52.7200 1 525 36.4500 66.8600
-1.0614959632e+000 1.9557835842e+000 -1.9888149432e+001
186 199 205
2 0 788 -24.5800 53.4300 1 755 -108.4700 70.0200
3.7534559361e+000 2.0402066867e+000 -1.9569375031e+001
154 160 148
2 0 791 94.6900 56.0900 1 754 11.1900 70.1200
1.6072650726e+000 2.2556069498e+000 -1.9546637024e+001
162 178 188
2 0 795 41.4200 61.7800 1 764 -41.9000 76.6400
-8.7961041220e-001 2.4982974171e+000 -1.9773279088e+001
174 165 115
2 0 797 -20.2100 67.1400 1 766 -104.0300 83.6400
3.3883542145e-001 2.9377911970e+000 -1.9214240035e+001
49 56 40
2 0 801 10.0000 79.8800 1 546 -73.8800 95.7400
-4.4292704921e+000 3.2648154581e+000 -1.9758376300e+001
27 55 59
2 0 806 -107.4000 86.0800 1 784 -194.4400 105.1400
3.8354684771e+000 3.4853224729e+000 -1.9640898292e+001
78 98 99
2 0 809 96.4800 91.4200 1 782 13.5200 105.8400
3.8354684771e+000 3.4853224729e+000 -1.9640898292e+001
78 98 99
2 0 810 96.4800 91.4200 1 783 13.5200 105.8400
-9.3196229059e-001 3.7741144483e+000 -1.9430156121e+001
74 83 82
2 0 815 -21.7900 100.0600 1 791 -105.8100 117.0200
-7.1857958592e-001 3.9140852820e+000 -1.9203398510e+001
164 181 188
2 0 818 -16.6600 104.8900 1 794 -100.8000 121.1800
1.6224468538e+000 4.4005123078e+000 -1.8817118484e+001
21 31 17
2 0 820 43.2100 118.5300 1 1265 -40.4500 134.3700
2.0132348263e+000 4.6457601216e+000 -1.9230156115e+001
31 34 40
2 0 823 52.3000 122.8600 1 805 -30.6600 137.7600
2.0132348263e+000 4.6457601216e+000 -1.9230156115e+001
31 34 40
2 0 824 52.3000 122.8600 1 806 -30.6600 137.7600
1.2968012853e+000 4.6179011410e+000 -1.9136811123e+001
162 161 128
2 0 825 34.3800 122.4700 1 1267 -48.8500 138.3900
1.5920079322e+000 4.6214902863e+000 -1.8972779807e+001
153 153 117
2 0 827 42.1400 123.6000 1 807 -41.2300 138.9800
1.5920079322e+000 4.6214902863e+000 -1.8972779807e+001
153 153 117
2 0 828 42.1400 123.6000 1 808 -41.2300 138.9800
2.9559267798e+000 4.7449181258e+000 -1.9105256736e+001
125 178 237
2 0 829 76.4900 125.6800 1 564 -6.6000 140.4500
-5.0844059628e-001 4.9971689010e+000 -1.9613508477e+001
144 145 105
2 0 831 -11.0200 129.5400 1 814 -94.2600 146.6600
-5.0324171192e-001 6.0294792609e+000 -2.0014618683e+001
33 40 35
2 0 836 -10.5900 152.3500 1 826 -93.0800 169.9600
2.5741102001e+000 6.3364443112e+000 -1.9462398129e+001
102 107 99
2 0 843 65.8000 163.6000 1 829 -16.2600 178.4100
2.5741102001e+000 6.3364443112e+000 -1.9462398129e+001
102 107 99
2 0 844 65.8000 163.6000 1 830 -16.2600 178.4100
-9.6789240352e+000 -7.6828554920e+000 -2.9297647345e+001
150 167 177
2 0 994 -165.2700 -126.9200 1 661 -247.8200 -114.6500
-9.7271940314e+000 -7.3896401485e+000 -2.9252200329e+001
6 9 14
2 0 1000 -166.3600 -122.4500 1 665 -248.9800 -109.2800
-1.0363239771e+001 -7.1449793001e+000 -3.0562259013e+001
18 16 27
2 0 1008 -170.2900 -113.3900 1 957 -252.3800 -100.2500
-3.7346002761e+000 -3.4814054549e+000 -2.4752405152e+001
50 57 60
2 0 1054 -73.8700 -65.2600 1 694 -154.7300 -49.6800
5.1091863994e+000 -2.6976361545e+000 -1.9660908603e+001
59 79 87
2 0 1062 127.4200 -61.0100 1 1587 42.0200 -46.8900
4.5086803741e+000 -2.2905261854e+000 -2.0073280072e+001
70 78 80
2 0 1072 110.6900 -50.3300 1 1605 26.3100 -35.6400
2.7946624865e+000 -2.2496592967e+000 -1.9778957894e+001
45 51 49
2 0 1074 69.9700 -49.8000 1 1024 -14.2500 -35.2200
2.7946624865e+000 -2.2496592967e+000 -1.9778957894e+001
45 51 49
2 0 1075 69.9700 -49.8000 1 1025 -14.2500 -35.2200
3.6777222358e+000 -2.2524881478e+000 -1.9887139825e+001
31 36 36
2 0 1079 91.2600 -49.6500 1 1022 6.9600 -35.1800
3.6777222358e+000 -2.2524881478e+000 -1.9887139825e+001
31 36 36
2 0 1080 91.2600 -49.6500 1 1023 6.9600 -35.1800
1.6420157581e+000 -2.5098321996e+000 -2.4203937385e+001
55 52 48
2 0 1083 35.2500 -46.8500 1 1031 -44.0600 -31.7300
1.4189837231e+000 -2.5287992102e+000 -2.4462740253e+001
59 56 49
2 0 1084 30.3900 -46.9600 1 1612 -48.7000 -31.4300
5.1416448275e+000 -2.0140167793e+000 -2.0066332469e+001
17 21 19
2 0 1092 126.0900 -43.6500 1 1033 41.4600 -29.1400
-9.8005234119e+000 -2.1510475659e+000 -2.7026673660e+001
240 240 243
2 0 1105 -180.3200 -34.7300 1 1043 -265.4000 -18.6700
3.7018266945e+000 -1.4794893153e+000 -1.9844084160e+001
120 125 129
2 0 1111 92.0900 -30.9200 1 1046 7.9300 -16.3900
-3.7883909410e+000 -1.4051123935e+000 -1.9542248999e+001
161 166 170
2 0 1112 -92.8700 -28.5000 1 1632 -179.8700 -13.7500
-2.4648518080e+000 -6.1310714915e-001 -1.9959687854e+001
153 145 133
2 0 1132 -58.8800 -9.2900 1 1096 -144.0200 6.6600
-2.5148342430e+000 -5.9740956166e-001 -1.9153233317e+001
150 142 132
2 0 1133 -62.3900 -9.3200 1 1097 -148.7000 6.7000
-3.7054168402e+000 -6.2781980904e-001 -1.9914248165e+001
160 151 141
2 0 1137 -89.2700 -9.5800 1 1102 -175.5700 6.6400
3.1048779127e-001 -5.8148718641e-001 -1.9951386682e+001
136 134 122
2 0 1138 8.8800 -8.7500 1 1084 -74.8600 6.6500
-9.9550170845e-001 -5.8828992346e-001 -1.9642958024e+001
137 134 119
2 0 1141 -23.3900 -8.8800 1 1089 -108.0300 6.6300
-9.9550170845e-001 -5.8828992346e-001 -1.9642958024e+001
137 134 119
2 0 1142 -23.3900 -8.8800 1 1090 -108.0300 6.6300
-1.9776278295e+000 -6.0240577655e-001 -1.9826657671e+001
150 139 130
2 0 1144 -47.2900 -9.0900 1 1091 -132.2600 6.6800
-1.9776278295e+000 -6.0240577655e-001 -1.9826657671e+001
150 139 130
2 0 1145 -47.2900 -9.0900 1 1092 -132.2600 6.6800
-2.1131045679e+000 -6.0227906710e-001 -1.9696462490e+001
152 143 134
2 0 1146 -50.9200 -9.1800 1 1093 -136.1600 6.7000
-2.1131045679e+000 -6.0227906710e-001 -1.9696462490e+001
152 143 134
2 0 1147 -50.9200 -9.1800 1 1094 -136.1600 6.7000
-2.2847758173e+000 -6.0657478993e-001 -1.9808627968e+001
152 143 134
2 0 1148 -54.8700 -9.1800 1 1095 -140.0800 6.6600
1.8367994933e+000 -5.6021992724e-001 -1.9662478724e+001
132 133 120
2 0 1149 46.7500 -8.4600 1 1076 -37.1400 6.5800
1.8367994933e+000 -5.6021992724e-001 -1.9662478724e+001
132 133 120
2 0 1150 46.7500 -8.4600 1 1077 -37.1400 6.5800
1.6712703075e+000 -5.7759066251e-001 -2.0271999872e+001
132 132 120
2 0 1151 41.6000 -8.4500 1 1078 -41.5200 6.3500
1.6712703075e+000 -5.7759066251e-001 -2.0271999872e+001
132 132 120
2 0 1152 41.6000 -8.4500 1 1079 -41.5200 6.3500
-1.6595324231e-001 -5.7664693576e-001 -1.9609236762e+001
142 139 123
2 0 1156 -2.8500 -8.6900 1 1087 -87.1800 6.6800
-1.6595324231e-001 -5.7664693576e-001 -1.9609236762e+001
142 139 123
2 0 1157 -2.8500 -8.6900 1 1088 -87.1800 6.6800
4.2602043148e+000 -5.5326987369e-001 -1.9837548889e+001
117 119 106
2 0 1158 105.8800 -8.1800 1 1070 21.7800 5.9300
4.1006260692e+000 -5.4956138254e-001 -1.9764217377e+001
115 118 104
2 0 1159 102.2900 -8.1500 1 1071 18.1500 6.0700
-2.2519909362e+000 -1.6581496102e-001 -1.9790750951e+001
159 160 117
2 0 1164 -54.0900 1.6700 1 1116 -139.2400 17.6200
-2.2519909362e+000 -1.6581496102e-001 -1.9790750951e+001
159 160 117
2 0 1166 -54.0900 1.6700 1 1118 -139.2400 17.6200
4.3753017808e-002 -1.3394826018e-001 -1.9543943896e+001
153 152 110
2 0 1169 2.3800 2.1400 1 1122 -81.8800 17.8100
-2.0043179772e+000 -1.5916696035e-001 -1.9667732419e+001
153 153 114
2 0 1172 -48.2800 1.7900 1 1115 -133.4200 17.7300
2.5410506367e+000 -9.9986693079e-002 -1.9563750286e+001
140 139 103
2 0 1174 64.4800 3.0000 1 1110 -19.4500 17.6200
-2.2397558847e+000 4.3531300522e-001 -1.9714032953e+001
54 60 60
2 0 1188 -53.9500 16.4800 1 1137 -139.1100 32.7100
2.2115574512e-001 4.6939850169e-001 -1.9478268867e+001
57 62 68
2 0 1191 6.8400 17.3600 1 1681 -77.3200 32.7400
1.9264103022e+000 5.5315043439e-001 -1.9633017064e+001
224 226 223
2 0 1195 49.1000 19.1000 1 1141 -34.5500 34.1600
4.1375158556e+000 9.6329874293e-001 -1.9442756530e+001
38 40 29
2 0 1206 104.7400 29.5500 1 1148 20.6100 43.3500
-2.8139988196e+000 9.8836620826e-001 -1.9545563069e+001
182 193 201
2 0 1207 -68.6000 30.4100 1 1707 -154.3900 47.0200
1.0631643958e+000 1.0384260704e+000 -1.9495600249e+001
221 219 209
2 0 1209 27.8800 31.3000 1 1153 -55.9200 46.8400
4.1202928363e+000 1.2670871263e+000 -1.9480396359e+001
48 51 42
2 0 1213 104.1600 36.9000 1 1713 20.1800 51.0300
-4.1342980056e+000 1.4941316189e+000 -1.9856251467e+001
156 165 149
2 0 1218 -99.8700 42.3600 1 1163 -186.5300 60.0000
2.3115099754e+000 1.6727526802e+000 -1.9443701180e+001
112 119 112
2 0 1222 59.1800 47.2200 1 1176 -24.4100 62.1300
2.1518828743e+000 1.6827585801e+000 -1.9554965436e+001
112 118 111
2 0 1223 54.9300 47.3000 1 1177 -28.5100 62.2000
1.9885603397e+000 1.6755579507e+000 -1.9544238989e+001
101 110 103
2 0 1224 50.8900 47.1700 1 1178 -32.5700 62.1100
3.3397142739e+000 1.7398300915e+000 -2.0007938783e+001
117 123 113
2 0 1226 82.8500 47.6200 1 1171 -0.0900 62.2000
2.9816693535e+000 1.6988582813e+000 -1.9534140466e+001
117 123 115
2 0 1227 75.6300 47.6600 1 1173 -7.8800 62.2300
2.8156964523e+000 1.6982571955e+000 -1.9596783769e+001
121 126 120
2 0 1228 71.3100 47.5100 1 1174 -12.1000 62.2000
3.7280140527e+000 1.6933355284e+000 -1.9321648791e+001
113 121 110
2 0 1231 95.0600 47.9800 1 1168 11.1200 62.0300
3.6105359499e+000 1.7239453363e+000 -1.9710342909e+001
108 114 105
2 0 1232 90.5800 47.9400 1 1169 7.2000 62.1100
3.4454108632e+000 1.7133793854e+000 -1.9596794643e+001
116 122 112
2 0 1233 86.9300 47.8500 1 1170 3.4300 62.2300
-3.5377581691e+000 1.8843875377e+000 -1.9605643847e+001
22 27 26
2 0 1237 -86.2500 52.5200 1 1186 -172.5600 70.0300
4.0358266888e+000 1.9821703018e+000 -1.9067661243e+001
211 214 200
2 0 1242 103.9500 55.7700 1 1185 19.6600 69.7200
-1.4381881924e+000 2.0236455701e+000 -1.9564613671e+001
182 176 160
2 0 1243 -34.3300 55.9800 1 1192 -118.8600 72.5800
-3.4337886352e+000 2.0433909107e+000 -1.9550670433e+001
213 222 226
2 0 1244 -83.8800 56.5900 1 1196 -170.1400 74.1500
-9.5525275356e+000 2.4809767507e+000 -2.3982368806e+001
93 115 107
2 0 1245 -195.6200 56.3500 1 1205 -284.8800 77.3300
-2.9289137692e+000 2.0574337757e+000 -1.9445150097e+001
175 190 197
2 0 1246 -71.7100 57.1000 1 1197 -157.6100 74.5900
2.1314120309e+000 2.2214917645e+000 -1.9329144986e+001
163 187 191
2 0 1250 54.9700 61.3300 1 1200 -28.6100 76.1900
4.1625513639e-001 2.3865017017e+000 -1.9291855716e+001
132 145 153
2 0 1252 11.9000 65.5500 1 1206 -72.0000 81.6000
-1.5429175494e+000 2.4866845344e+000 -1.9386408815e+001
65 71 68
2 0 1253 -37.2200 68.0900 1 1209 -121.9700 84.7900
-4.0255178778e-002 2.6703164062e+000 -1.9338638254e+001
114 127 122
2 0 1256 0.4300 72.6000 1 1213 -83.5100 88.9000
-3.8246108406e+000 2.8489309870e+000 -1.9639469990e+001
90 98 73
2 0 1259 -93.1200 76.3400 1 773 -179.6000 94.5500
1.9384914270e+000 3.2353178322e+000 -1.9506967854e+001
115 126 111
2 0 1270 49.7900 86.1300 1 1224 -33.2700 101.2000
1.9384914270e+000 3.2353178322e+000 -1.9506967854e+001
115 126 111
2 0 1271 49.7900 86.1300 1 1225 -33.2700 101.2000
2.5289013281e+000 3.2505582809e+000 -1.9449096359e+001
133 141 127
2 0 1272 64.6600 86.6600 1 1228 -18.4500 101.4200
2.2394170945e+000 3.2557797694e+000 -1.9544020108e+001
134 144 127
2 0 1273 57.2000 86.4400 1 1229 -25.7900 101.4100
2.1427992142e+000 3.4032412348e+000 -1.9441502710e+001
78 79 56
2 0 1274 55.0400 90.5300 1 1234 -28.0400 105.5400
1.8570509012e+000 3.3768963932e+000 -1.9263462813e+001
83 84 60
2 0 1275 48.2600 90.6200 1 1236 -35.0800 105.7500
2.8818630054e+000 3.4596864926e+000 -1.9601001755e+001
71 72 58
2 0 1277 73.0000 91.3100 1 1233 -9.8600 105.7500
-8.1147621587e-001 3.5714036363e+000 -1.9838993650e+001
210 191 150
2 0 1281 -18.4000 93.1800 1 1797 -101.8700 110.2400
-2.9316563318e+000 4.1551253995e+000 -1.9591794472e+001
32 58 71
2 0 1289 -71.1300 108.8400 1 1250 -156.5200 127.3500
-2.9316563318e+000 4.1551253995e+000 -1.9591794472e+001
32 58 71
2 0 1290 -71.1300 108.8400 1 1251 -156.5200 127.3500
-2.0510175502e+000 4.2416902084e+000 -1.9792354231e+001
57 68 63
2 0 1291 -48.8600 109.9500 1 1252 -133.1300 127.9800
-2.0510175502e+000 4.2416902084e+000 -1.9792354231e+001
57 68 63
2 0 1292 -48.8600 109.9500 1 1253 -133.1300 127.9800
3.0056838141e+000 4.3406367051e+000 -1.9321631451e+001
39 67 74
2 0 1293 77.0100 114.4800 1 1256 -5.9300 128.9300
2.1220643267e+000 4.4513696253e+000 -1.9215155066e+001
117 122 102
2 0 1295 55.0800 117.9200 1 1257 -27.9600 132.9400
-1.8373527751e+000 4.4910321966e+000 -1.9177361396e+001
34 40 31
2 0 1297 -44.8900 119.4300 1 1266 -129.7600 137.1500
-1.4298030677e+000 4.8843147702e+000 -1.9336694485e+001
29 30 23
2 0 1303 -34.3000 128.3200 1 1279 -118.5500 146.1400
8.3433602680e-001 4.8718012407e+000 -1.9170345838e+001
87 91 79
2 0 1304 22.6400 128.8900 1 1274 -60.5900 144.9000
-2.1886430645e-001 5.0127108425e+000 -1.9742439316e+001
131 125 83
2 0 1305 -3.8100 129.2400 1 1278 -86.7200 146.0300
2.3266672758e+001 1.4752687241e+001 -6.2004429890e+001
81 108 132
2 0 1306 202.0200 129.9500 1 1828 136.5000 139.6300
2.0800177326e+000 4.9063418951e+000 -1.9141695941e+001
116 120 88
2 0 1307 54.2000 129.8200 1 1271 -28.7900 144.9100
2.0800177326e+000 4.9063418951e+000 -1.9141695941e+001
116 120 88
2 0 1308 54.2000 129.8200 1 1272 -28.7900 144.9100
2.0800177326e+000 4.9063418951e+000 -1.9141695941e+001
116 120 88
2 0 1309 54.2000 129.8200 1 1273 -28.7900 144.9100
9.6377569892e-001 5.0309875602e+000 -1.9302399078e+001
26 28 25
2 0 1310 25.7800 132.1500 1 1284 -57.1900 148.0500
1.6050038161e+000 5.0376581448e+000 -1.9232160676e+001
21 22 23
2 0 1314 42.0200 132.6500 1 1282 -40.8800 148.1200
2.8805625200e+001 1.7514218828e+001 -6.8081860766e+001
33 55 40
2 0 1317 228.2900 139.7500 1 1285 162.6500 149.9700
-2.6949129855e-001 5.9386112159e+000 -1.9718268484e+001
195 172 130
2 0 1321 -5.0100 152.1000 1 1303 -87.7500 169.4400
-2.6949129855e-001 5.9386112159e+000 -1.9718268484e+001
195 172 130
2 0 1322 -5.0100 152.1000 1 1304 -87.7500 169.4400
4.0545511775e-001 6.2765610065e+000 -1.9394025234e+001
28 39 37
2 0 1326 11.7700 162.7100 1 1307 -70.9400 179.5500
2.7525525467e+001 2.4845808767e+001 -6.5279305159e+001
121 159 178
2 0 1338 227.0100 205.4000 1 1907 162.4900 214.3800
1.9094808520e+001 -9.3865312639e+000 -3.3357146789e+001
116 109 104
2 0 1469 293.4000 -140.2000 1 1472 209.3600 -121.7300
1.7967827515e+001 -8.9964127002e+000 -3.2410303268e+001
163 163 155
2 0 1472 283.5800 -137.9000 1 2090 199.8500 -119.5700
5.8281441923e+000 -4.5922535075e+000 -2.0689330247e+001
70 81 45
2 0 1519 138.7000 -102.9100 1 1526 53.7700 -88.0000
2.7808940480e+000 -5.2550882525e+000 -2.8065233239e+001
45 60 23
2 0 1527 51.5600 -90.3400 1 1545 -25.0700 -74.8300
-1.3808051999e+000 -3.3899046658e+000 -2.3402031137e+001
19 22 19
2 0 1548 -27.9500 -67.1000 1 1577 -108.8200 -51.2600
-1.3614505689e+000 -3.3406215054e+000 -2.4373503393e+001
87 90 87
2 0 1552 -26.4600 -63.3800 1 1583 -106.3900 -48.0700
4.2085994065e-001 -2.9093795054e+000 -2.4319676764e+001
112 108 99
2 0 1558 10.0400 -54.8500 1 1599 -69.3700 -39.4700
4.2085994065e-001 -2.9093795054e+000 -2.4319676764e+001
112 108 99
2 0 1559 10.0400 -54.8500 1 1600 -69.3700 -39.4700
-6.4644754849e-001 -1.9577689838e+000 -1.9408785163e+001
117 113 104
2 0 1572 -15.0000 -43.2300 1 2236 -100.0200 -28.1300
-6.5373697501e+000 -2.2999281714e+000 -2.5170366745e+001
9 10 12
2 0 1573 -128.1500 -40.7300 1 1619 -211.0200 -24.3200
-3.0550829355e+000 -6.1146349450e-001 -1.9618424050e+001
153 145 135
2 0 1602 -74.4100 -9.2500 1 1100 -160.5100 6.5900
4.8482140766e+000 -4.3416506496e-002 -1.9980813468e+001
42 55 46
2 0 1618 119.5900 4.1600 1 1662 35.5900 18.2500
1.5672496439e+000 -2.8635588833e-001 2.7802620533e+001
45 57 63
2 0 1624 -31.1400 5.3300 1 1668 -59.0900 21.2200
2.9695009656e+000 1.3163121807e-001 -1.9670916476e+001
205 199 178
2 0 1627 74.8000 8.6100 1 1669 -8.9800 23.2700
-3.7454758581e+000 4.4898980488e-001 -1.9997616875e+001
177 189 193
2 0 1638 -89.8600 16.5700 1 1684 -175.9800 33.5800
1.4915146470e+000 8.1231684257e-001 -2.0109447365e+001
209 218 223
2 0 1649 37.5900 25.3700 1 1693 -45.4100 40.0000
3.0933087971e+000 8.5682973688e-001 -1.9592907620e+001
128 141 149
2 0 1656 78.1600 26.9200 1 2366 -5.5300 40.9000
-4.1219979375e+000 1.3228179350e+000 -1.9648885414e+001
49 56 38
2 0 1665 -100.5200 38.5700 1 1720 -187.4900 55.9700
4.7025323028e-001 1.4151181527e+000 -1.9748536479e+001
187 195 202
2 0 1668 12.9900 40.4400 1 1718 -70.5300 56.0000
-3.8441658981e+000 1.5128871211e+000 -1.9919556977e+001
154 164 147
2 0 1671 -92.5200 42.7100 1 1161 -178.7500 60.2000
1.9164658037e+000 1.5224771821e+000 -1.9547780743e+001
12 21 20
2 0 1674 49.0800 43.3900 1 1722 -34.4200 58.2900
4.8476750340e+000 1.6449888505e+000 -1.9919385425e+001
58 69 62
2 0 1677 119.9900 45.3900 1 1723 36.4500 59.2400
-4.8240068788e-001 1.8410033954e+000 -1.9668508983e+001
180 180 180
2 0 1684 -10.5300 51.2000 1 1733 -94.4200 67.2200
-3.1577206668e-001 1.8667176303e+000 -1.9595162512e+001
132 139 100
2 0 1688 -6.4300 51.8300 1 1736 -90.3400 68.1000
-6.6620676561e-001 1.9758214348e+000 -1.9622533341e+001
184 191 183
2 0 1698 -15.1000 54.4500 1 1742 -99.1200 71.0000
-2.8067580673e-001 2.0826764662e+000 -1.9679597391e+001
187 187 190
2 0 1701 -5.5200 57.1400 1 1195 -89.2500 73.1400
3.9151995384e+000 2.4899563626e+000 -1.8936397166e+001
161 184 198
2 0 1711 101.5000 68.9700 1 2479 17.2300 83.1300
2.4942029567e+000 2.6651937980e+000 -1.9436089448e+001
70 82 80
2 0 1713 63.8100 72.0300 1 1767 -19.5000 86.8900
-8.5630963400e-001 2.7051188958e+000 -1.9697113239e+001
81 79 55
2 0 1715 -19.7000 72.5000 1 1773 -103.5600 89.0000
-8.5630963400e-001 2.7051188958e+000 -1.9697113239e+001
81 79 55
2 0 1716 -19.7000 72.5000 1 1774 -103.5600 89.0000
-1.2395090590e+000 3.1045556128e+000 -1.9506109469e+001
149 157 138
2 0 1726 -29.4100 83.0800 1 1220 -113.6700 99.9300
-1.0041485909e+000 3.5601245560e+000 -1.9684699130e+001
48 48 46
2 0 1735 -23.3100 93.6400 1 1237 -107.0900 110.6100
-3.0296031681e+000 3.6858393713e+000 -1.9365832763e+001
154 198 223
2 0 1741 -74.3700 98.2700 1 1802 -160.2500 116.4100
2.3826841928e+000 3.7838455099e+000 -1.9474073559e+001
70 80 72
2 0 1742 60.9600 99.8800 1 1800 -21.9500 114.7600
-8.6211999104e-001 3.8328297934e+000 -1.9548410322e+001
70 80 81
2 0 1743 -19.9200 100.9700 1 1804 -103.7300 117.9600
2.0942889310e+000 3.9690733851e+000 -1.9713144706e+001
48 62 62
2 0 1746 53.2300 103.5200 1 1808 -29.3300 118.4600
-2.4054712567e+000 3.9885743786e+000 -1.9729297934e+001
72 84 66
2 0 1747 -57.7500 104.0400 1 1246 -142.4600 122.1500
-2.6777639795e+000 3.9495858156e+000 -1.9493873332e+001
178 192 173
2 0 1748 -65.1600 104.2000 1 1247 -150.4600 122.4000
-2.6777639795e+000 3.9495858156e+000 -1.9493873332e+001
178 192 173
2 0 1749 -65.1600 104.2000 1 1248 -150.4600 122.4000
2.3689211684e+001 1.1667011680e+001 -5.9574886647e+001
88 108 81
2 0 1751 213.5300 106.1000 1 1807 146.6200 118.3400
2.3677016696e+000 4.3486807588e+000 -1.9308664894e+001
195 198 192
2 0 1754 61.0300 114.8100 1 1819 -21.9100 129.7000
-1.5918813673e+000 4.5894354906e+000 -1.9924245971e+001
60 71 61
2 0 1755 -37.3200 117.7000 1 1824 -120.9900 135.7800
2.2902147461e+000 4.4069760951e+000 -1.9001000371e+001
22 24 25
2 0 1756 59.8700 117.9600 1 1821 -23.4500 132.7300
-3.2382931633e-001 4.8281761124e+000 -1.9445927579e+001
182 184 177
2 0 1765 -6.5200 126.1900 1 1835 -89.9200 143.2800
1.4511343527e+000 4.7973621878e+000 -1.9222760080e+001
26 24 19
2 0 1767 38.1500 126.6400 1 1831 -44.8700 142.2300
-1.9915498390e+000 4.8575403287e+000 -1.9347695632e+001
37 43 30
2 0 1768 -48.3500 127.5600 1 1838 -133.0600 145.8800
7.1711124424e-001 5.0089254950e+000 -1.9321120496e+001
22 28 19
2 0 1772 19.5700 131.4300 1 2572 -63.4700 147.6600
-3.2175854528e-001 5.1737335760e+000 -1.9749410803e+001
172 172 120
2 0 1776 -6.3300 133.1100 1 1844 -89.2500 150.1500
2.7887896831e+000 5.1583995203e+000 -1.8965535528e+001
44 65 84
2 0 1779 72.6800 137.4400 1 1846 -10.4100 151.5100
-1.8636557292e-001 5.6063925671e+000 -2.0046930822e+001
38 39 24
2 0 1784 -2.9000 141.9400 1 1294 -85.2700 158.9600
-2.0292302964e+000 5.4728427894e+000 -1.9444514113e+001
34 36 32
2 0 1785 -49.0100 142.2300 1 1297 -133.5200 161.1600
-2.2107257162e+000 6.1498575270e+000 -1.9442418254e+001
63 86 91
2 0 1800 -53.4800 159.1500 1 1865 -138.0500 178.5800
-1.2720057962e+000 6.1929720856e+000 -1.9411809132e+001
131 184 223
2 0 1803 -30.1400 160.5600 1 1867 -113.8900 178.8900
2.2738162651e-001 6.8246351802e+000 -1.9459711378e+001
176 183 175
2 0 1811 7.3200 176.0000 1 1884 -75.2300 192.9800
1.6526409327e-001 6.8974675732e+000 -1.9289372508e+001
123 126 94
2 0 1813 5.8000 179.1300 1 1892 -76.9800 196.2700
1.4884691063e-001 7.3390133613e+000 -1.9665367006e+001
54 68 69
2 0 1818 5.3700 186.9800 1 1898 -76.8400 204.4700
3.9464800707e-001 7.3234426757e+000 -1.9545485182e+001
33 53 83
2 0 1819 11.4800 187.6100 1 1900 -70.7500 204.7700
-9.9450559506e+000 -7.8232067560e+000 -2.8749635018e+001
130 125 143
2 0 2080 -172.7700 -131.6600 1 2091 -256.2800 -119.4200
-1.1038980792e+001 -8.1287236218e+000 -2.9998588580e+001
78 121 121
2 0 2081 -184.4600 -131.5800 1 1474 -268.1700 -119.6200
-9.6295137400e+000 -7.4505131390e+000 -2.8360429652e+001
39 46 58
2 0 2091 -169.4000 -126.9100 1 2100 -252.8700 -114.1900
-1.0251394315e+001 -8.4341342678e+000 -3.2669704132e+001
2 3 2
2 0 2093 -158.3300 -125.8400 1 660 -238.4500 -114.5600
-3.3293168851e+000 -3.3234552693e+000 -2.3539551514e+001
52 60 58
2 0 2182 -68.8400 -64.9100 1 1580 -150.6300 -49.5700
-1.7530822229e-001 -3.0137857369e+000 -2.4326167348e+001
33 30 23
2 0 2189 -2.1900 -56.9000 1 2209 -81.7400 -41.5700
-1.9441616923e+001 1.9117905519e+001 2.1024286339e+002
149 157 164
2 0 2199 55.2900 -49.9300 1 2215 3.5300 -35.3000
-8.7745404122e+000 -2.1859103812e+000 -2.5146275172e+001
215 219 221
2 0 2227 -172.3300 -38.0100 1 2247 -258.2300 -21.9700
5.0728044268e-001 -1.4464332690e+000 -1.9597738923e+001
161 167 171
2 0 2236 13.8100 -30.4100 1 2255 -70.5100 -15.1000
5.8937723405e+001 1.6359471016e+001 4.0219122471e+002
152 149 144
2 0 2248 -79.9600 -20.9900 1 2273 -134.3900 -4.8400
3.3277236529e+000 -9.8316379934e-001 -1.9764947229e+001
126 127 119
2 0 2250 83.2400 -18.9700 1 2278 -0.7900 -4.1200
3.3277236529e+000 -9.8316379934e-001 -1.9764947229e+001
126 127 119
2 0 2251 83.2400 -18.9700 1 2279 -0.7900 -4.1200
1.6300395971e+001 -1.7598492156e+000 -5.1826746338e+001
103 112 91
2 0 2254 168.1600 -15.9500 1 2286 99.5200 0.0600
4.2082528470e+000 -2.0901830276e-001 -1.9858390571e+001
50 60 47
2 0 2279 104.5400 0.2400 1 2313 20.5900 14.3600
4.9769960533e+000 -1.0497488762e-001 -1.9915683094e+001
191 199 187
2 0 2287 123.0600 2.6900 1 2318 38.8900 16.6800
3.6581144986e+000 2.5692227140e-001 -2.1619532274e+001
159 164 148
2 0 2322 84.7500 11.4500 1 2331 3.2800 24.8700
2.1749623042e+000 3.7971401053e-001 -1.9827583388e+001
205 216 214
2 0 2340 54.8000 14.7400 1 2337 -28.6400 29.5900
-1.7367796301e+000 4.1111081989e-001 -1.9565540867e+001
77 87 96
2 0 2342 -41.8400 15.9300 1 2348 -126.8500 32.0200
3.1274235591e+000 4.9324999374e-001 -1.9855653924e+001
43 51 44
2 0 2346 78.1100 17.5000 1 2347 -5.3500 31.9300
1.2258355872e+000 9.3602515591e-001 -2.0050951425e+001
209 211 197
2 0 2370 31.2200 28.3600 1 2375 -51.8600 43.2900
-1.0410027845e+000 9.0785555713e-001 -1.9424880558e+001
181 192 197
2 0 2372 -24.7000 28.4000 1 2383 -109.3900 44.4200
3.5895482314e-001 1.4502101897e+000 -1.9725172793e+001
181 186 183
2 0 2403 10.2500 41.5100 1 2419 -73.3200 56.8100
8.2737613765e-001 1.8470178899e+000 -2.1667606677e+001
181 178 173
2 0 2416 20.3100 48.0300 1 2428 -60.7300 61.9600
-4.1550713690e+000 1.7200970291e+000 -1.9873631075e+001
125 131 125
2 0 2419 -100.2900 48.0700 1 1731 -186.9200 65.4500
4.9388666161e+000 2.4226381192e+000 -2.5679988244e+001
90 98 85
2 0 2432 98.2100 51.9200 1 2440 20.9800 66.0100
-9.3028240326e+000 2.3494195905e+000 -2.4264902975e+001
198 225 246
2 0 2440 -188.5300 53.1500 1 1746 -276.7900 73.6900
-1.4994698495e-001 2.2999512290e+000 -1.9206784554e+001
192 180 181
2 0 2456 -2.3700 63.4800 1 2473 -86.6300 80.1200
9.2930401975e-001 -9.5533666830e-001 9.8291377711e+000
89 98 96
2 0 2466 -67.4100 67.5800 1 1768 -24.2300 86.9200
-4.6197463888e+000 2.9938196946e+000 -1.9988436718e+001
119 136 122
2 0 2475 -110.9500 78.8500 1 2495 -197.9000 97.3700
-1.1378877528e+000 3.1160282514e+000 -1.9898089885e+001
51 50 37
2 0 2478 -26.3700 81.9500 1 2500 -110.0500 98.7500
-7.1056086299e-001 3.1350196502e+000 -1.9889638609e+001
199 193 155
2 0 2480 -15.9200 82.5600 1 2498 -99.3500 98.8600
-1.1918637865e+000 3.4152397965e+000 -1.9642983347e+001
161 165 143
2 0 2485 -28.0100 90.1500 1 2511 -112.0000 107.3400
-1.1918637865e+000 3.4152397965e+000 -1.9642983347e+001
161 165 143
2 0 2487 -28.0100 90.1500 1 2512 -112.0000 107.3400
3.1710519156e+000 3.4656349390e+000 -1.9686624584e+001
103 108 86
2 0 2488 79.8800 91.0200 1 2507 -2.9000 105.4400
2.0728339013e-001 3.4992126009e+000 -1.9722938106e+001
153 151 134
2 0 2489 6.6200 91.9600 1 2514 -76.5100 108.1000
-3.6806405810e-001 3.7904746045e+000 -1.9465100376e+001
172 188 188
2 0 2496 -7.6800 100.2800 1 2534 -91.3300 116.9000
2.3579192114e+000 3.9899048776e+000 -1.9117859562e+001
27 42 37
2 0 2501 61.2800 106.6300 1 2543 -22.0300 121.6200
1.6119497753e+000 4.8620924747e+000 -1.9330733288e+001
20 16 6
2 0 2528 42.0100 127.7800 1 2562 -40.8100 143.0000
-3.2688471347e-001 5.2766550725e+000 -1.9603997702e+001
91 92 63
2 0 2553 -6.5100 136.5100 1 2585 -89.5900 153.5900
-2.3299147743e-001 5.6446249416e+000 -1.9655691593e+001
202 197 163
2 0 2562 -4.1400 145.1700 1 1851 -87.0200 162.5400
-7.2744600563e-001 5.9639400189e+000 -1.8849807848e+001
83 88 66
2 0 2571 -17.0500 158.7100 1 2603 -101.2100 176.6200
5.2320102934e-001 6.4121909903e+000 -1.9535989868e+001
169 189 190
2 0 2580 14.6500 164.9700 1 1870 -67.8000 181.9100
