# Bundle file v0.3
2 241
6.4208005092e+002 -1.3650805204e-001 5.1258750885e-003
9.9979212302e-001 5.4123637161e-003 1.9657493679e-002
-5.2239218535e-003 9.9994003328e-001 -9.6249927434e-003
-1.9708408845e-002 9.5203027182e-003 9.9976044253e-001
1.8777669635e-001 -2.3705822869e-002 1.8025952540e+000
6.3663750326e+002 -1.5180895553e-001 3.7432325710e-003
9.8793172970e-001 7.8973603928e-002 1.3324438949e-001
-6.3629155482e-002 9.9124041590e-001 -1.1573144976e-001
-1.4121695373e-001 1.0585654337e-001 9.8430288235e-001
1.0386598354e+000 -2.1631606307e-001 1.8715210305e+000
1.6375460602e+000 -1.7775608612e-001 -7.0588887389e+000
185 178 160
2 0 11 201.6700 -16.2300 1 8 200.1500 36.8700
-1.2539973210e+000 1.1181796378e-001 1.4290128239e+000
185 178 160
2 0 12 201.6700 -16.2300 1 32 0.1600 35.6100
-1.7886308658e-001 -1.6943015522e-001 -3.4164335449e+000
16 17 12
2 0 17 -23.5200 -63.5900 1 28 166.9300 9.7500
-1.1504486365e+000 1.4741124990e-001 -8.2342313668e+000
195 186 169
2 0 28 -112.1300 20.8400 1 39 -123.2300 99.5600
1.7494783205e+000 1.6607215240e-001 -7.1947091360e+000
121 113 95
2 0 29 209.4400 23.6700 1 37 209.0600 76.8000
-1.4915828539e+000 -2.2013060269e-001 -8.0656267992e+000
54 52 41
2 0 37 -149.5700 -16.2000 1 35 -163.3800 63.5500
-1.4915828539e+000 -2.2013060269e-001 -8.0656267992e+000
54 52 41
2 0 38 -149.5700 -16.2000 1 36 -163.3800 63.5500
-1.2541723860e+000 -6.8184970881e-001 -7.8369062049e+000
23 25 22
2 0 49 -129.7900 -65.3700 1 47 -142.9400 9.7200
-5.3535264362e-001 -6.7420692112e-001 -7.5908341073e+000
157 153 142
2 0 75 -55.4100 -69.0200 1 84 -63.0400 3.3100
-1.7944501142e+000 -3.2041404070e-001 -8.3611464382e+000
193 179 164
2 0 102 -172.5500 -25.6800 1 87 -191.3500 56.8300
-1.7786444185e+000 -1.0059675890e-002 -8.6313956823e+000
190 181 164
2 0 103 -164.8800 5.4400 1 112 -183.7300 87.1100
-4.5510231965e-001 5.9679525327e-001 -8.2854787898e+000
172 167 143
2 0 105 -42.3000 64.8600 1 115 -47.9800 139.8500
-4.5510231965e-001 5.9679525327e-001 -8.2854787898e+000
172 167 143
2 0 106 -42.3000 64.8600 1 116 -47.9800 139.8500
-6.3007038216e-002 6.3946572423e-001 -8.1878780616e+000
176 167 153
2 0 107 -3.2900 69.8100 1 119 -6.6300 141.5900
5.2242675964e-001 7.0328343468e-001 -8.0245920737e+000
173 167 151
2 0 109 57.2000 77.4700 1 121 56.6300 144.1400
5.2242675964e-001 7.0328343468e-001 -8.0245920737e+000
173 167 151
2 0 110 57.2000 77.4700 1 122 56.6300 144.1400
9.8819271498e-001 -9.0691349883e-001 -6.9930875026e+000
62 61 43
2 0 126 126.0100 -105.8700 1 268 121.9300 -44.4900
-1.5791100581e+000 -2.7180224872e-001 -8.0485862005e+000
27 28 23
2 0 133 -158.8200 -21.3800 1 182 -173.3300 58.5200
-1.0833399560e+000 -2.2175460206e-001 -7.8985272166e+000
22 28 26
2 0 134 -110.7100 -17.2300 1 184 -120.6300 59.8900
-9.4127058036e-001 -2.0547981415e-001 -7.8921399385e+000
29 29 28
2 0 135 -95.8900 -15.7000 1 183 -104.9500 60.6100
9.1615368911e-001 -8.9800101277e-002 -7.4371584031e+000
204 194 166
2 0 138 108.3000 -5.3800 1 178 107.1400 56.4200
1.3254750440e+000 -4.2738764984e-002 -7.3240232303e+000
216 203 180
2 0 140 157.1300 -0.3100 1 177 155.9400 57.4700
-1.5055971684e+000 2.5672180259e-001 -8.4653269615e+000
198 188 174
2 0 152 -142.6600 31.5800 1 114 -156.9600 111.7800
-1.3616209787e+000 3.4954530317e-001 -8.3629331654e+000
50 52 38
2 0 157 -130.6000 40.4800 1 204 -142.7200 121.2900
2.3393377834e+000 3.2712852814e-001 -6.9563662333e+000
50 50 42
2 0 158 286.9100 42.8600 1 199 285.1500 89.1000
8.0457464903e-002 -5.0590485924e-001 -7.4637020416e+000
68 60 41
2 0 210 13.4500 -52.0300 1 278 9.6100 16.3500
-2.8226894281e+000 3.8246303409e-001 5.1387867828e+000
17 18 13
2 0 213 227.9800 -29.1500 1 281 89.1300 21.7000
1.2001353764e+001 -1.4452894092e+000 -2.8392269663e+001
152 153 144
2 0 214 270.8500 -28.8600 1 280 201.9100 19.1000
-1.1196340431e+000 -3.2647481681e-001 -7.8667704953e+000
212 199 172
2 0 215 -115.0600 -28.4100 1 282 -125.5500 48.6000
-8.7976488970e-001 -2.9268885180e-001 -7.8872167396e+000
223 210 171
2 0 216 -89.5100 -24.9900 1 283 -98.8500 50.6300
-2.4314939610e-001 -2.2642400314e-001 -7.6966087410e+000
207 192 160
2 0 217 -22.6500 -19.1500 1 284 -27.3600 52.0800
-3.7667225994e-001 -2.3541097164e-001 -7.7437383475e+000
224 207 165
2 0 218 -37.0100 -19.8900 1 285 -42.6400 52.4000
4.2735848216e-001 -1.5021887896e-001 -7.5499174650e+000
225 211 176
2 0 221 51.9200 -11.6500 1 286 49.9300 54.3800
1.4635796767e+000 -3.8401450555e-002 -7.2683533573e+000
215 201 169
2 0 223 174.4300 0.0800 1 287 173.1100 56.4300
1.8885785371e+000 7.3069782036e-003 -7.1379810444e+000
206 191 162
2 0 224 227.3000 5.0500 1 288 224.6800 57.0700
1.9609110321e+000 1.9105802719e-002 -7.1188873426e+000
213 194 163
2 0 225 236.2700 6.4000 1 289 233.3300 57.6200
-1.8808265868e+000 1.0745137359e-001 -8.7413027710e+000
61 56 44
2 0 227 -171.7600 16.4900 1 293 -191.3300 98.8200
-1.6351863699e+000 1.1521087735e-001 -8.3229375932e+000
61 56 37
2 0 228 -158.0700 17.7800 1 294 -172.9300 99.4600
2.1845467662e+000 6.7688183652e-001 -7.3047725326e+000
202 193 176
2 0 237 252.5800 80.0200 1 433 252.5700 129.3500
-1.3771240427e+000 -5.5698633098e-001 -7.8639594161e+000
80 75 66
2 0 280 -142.0900 -52.7900 1 379 -155.4900 25.4800
1.4279709744e+001 -4.0905336973e+000 -5.8975145937e+001
74 61 45
2 0 284 147.2800 -40.0800 1 372 75.4000 17.7800
1.3178035812e+001 -3.9860317260e+000 -5.8279003082e+001
150 144 125
2 0 285 137.0700 -39.4700 1 375 65.7000 19.0800
-1.3942048064e+000 -1.6623284913e-001 -7.9551683999e+000
147 145 133
2 0 294 -141.9700 -10.9800 1 386 -153.8300 68.4000
-1.2733242000e+000 -1.5250643541e-001 -7.9534583252e+000
150 146 134
2 0 295 -129.5100 -9.6700 1 389 -140.5500 69.0000
-1.0425721415e+000 -1.2726053392e-001 -7.8815387291e+000
146 143 126
2 0 296 -106.6700 -7.3600 1 387 -115.5700 69.9100
-9.2319166168e-001 -1.1420905323e-001 -7.8365441096e+000
139 136 120
2 0 297 -94.7100 -6.1600 1 390 -102.4600 70.3700
1.6379150368e+000 -3.3775749881e-002 -7.2277119154e+000
221 204 173
2 0 300 195.4800 0.5200 1 383 193.4700 55.0900
1.6379150368e+000 -3.3775749881e-002 -7.2277119154e+000
221 204 173
2 0 301 195.4800 0.5200 1 384 193.4700 55.0900
-2.0078396285e-001 -3.2566416943e-002 -7.6865206151e+000
156 150 136
2 0 303 -17.9300 1.9100 1 396 -20.9000 73.3900
8.9295657355e-001 8.5450566986e-002 -7.4272259482e+000
151 149 133
2 0 311 106.0400 14.5100 1 401 106.7600 76.4700
1.0165199378e+000 1.0166989580e-001 -7.3993541654e+000
174 170 152
2 0 312 120.5300 16.3400 1 407 121.3200 77.0600
1.2466471207e+000 1.2672835603e-001 -7.3290312472e+000
156 147 132
2 0 314 148.2500 19.1700 1 405 149.1300 77.6000
1.3685866121e+000 1.4158586322e-001 -7.3010431979e+000
158 153 134
2 0 315 162.8200 20.8700 1 408 163.5300 78.0200
1.9476566515e+000 2.0882170499e-001 -7.1029968035e+000
190 181 165
2 0 317 235.6200 28.7800 1 412 235.0500 79.5800
2.0615266233e+000 2.2043568261e-001 -7.0587865726e+000
162 155 140
2 0 318 250.4800 30.1900 1 411 249.4400 79.6700
-1.4384373697e+000 2.8369720863e-001 -8.3153858886e+000
189 180 165
2 0 321 -138.9900 34.2300 1 419 -151.5600 115.4800
2.2467395987e-001 4.7347643936e-001 -7.9851873711e+000
207 201 185
2 0 325 26.7700 54.4400 1 424 24.8000 123.3400
1.0765889058e+000 5.6611243859e-001 -7.7333902464e+000
204 196 176
2 0 329 119.6900 65.5500 1 428 120.4400 126.4100
1.4869151778e+000 6.1233887215e-001 -7.6559001403e+000
204 193 178
2 0 331 165.0700 70.8100 1 430 165.4700 127.3000
2.2735252305e+000 6.8443039639e-001 -7.1947719446e+000
201 195 174
2 0 336 267.2800 82.5700 1 296 267.7400 129.4300
9.9339424567e-001 -1.1264082588e+000 -6.8397592677e+000
25 26 19
2 0 370 130.2900 -136.8300 1 1519 125.7500 -74.1100
-1.3698602103e+000 -8.7859543666e-001 -8.0506369564e+000
65 60 40
2 0 389 -137.4500 -83.6000 1 553 -154.3900 -7.2000
-3.1770637483e+000 -1.2461989812e+000 -1.0619679496e+001
186 179 166
2 0 392 -229.9600 -82.3100 1 558 -270.3000 -1.8000
-2.8578487899e+000 -3.8227657852e+000 -3.5983948082e+001
33 26 17
2 0 401 -63.7200 -65.2800 1 562 -129.7300 6.3700
-1.4713067913e+000 -6.6787094809e-001 -7.8242866120e+000
67 61 45
2 0 405 -152.8100 -64.6100 1 569 -167.0700 13.4300
-1.4713067913e+000 -6.6787094809e-001 -7.8242866120e+000
67 61 45
2 0 406 -152.8100 -64.6100 1 570 -167.0700 13.4300
-1.5514045847e+000 -6.5836927706e-001 -7.8469509098e+000
159 154 143
2 0 407 -160.6600 -63.2100 1 579 -175.5600 15.2300
-3.2940080165e+000 -1.0029689121e+000 -1.0787399217e+001
65 71 78
2 0 410 -234.2000 -63.6200 1 583 -274.7600 18.0400
-1.2158766608e+000 -3.4397977696e+000 -3.5853822428e+001
92 89 75
2 0 415 -32.9900 -58.6100 1 564 -98.3300 11.3600
-1.2158766608e+000 -3.4397977696e+000 -3.5853822428e+001
92 89 75
2 0 416 -32.9900 -58.6100 1 565 -98.3300 11.3600
-1.8124904174e+000 -3.1958910364e+000 -3.4890216963e+001
66 55 33
2 0 417 -45.1200 -55.7800 1 578 -110.0300 15.0500
-1.1626062035e+000 -5.7556492862e-001 -7.7602960434e+000
199 196 191
2 0 418 -121.4700 -55.8400 1 590 -132.7800 20.8000
3.8787522139e-001 -4.3891575485e-001 -7.4548962306e+000
20 21 14
2 0 428 48.3000 -44.4800 1 378 44.9900 21.3300
-2.6277100423e-001 -2.3587948614e-001 -4.9870271963e+000
87 80 64
2 0 429 -35.1300 -42.6400 1 602 20.1700 30.4800
1.2593930128e+001 -4.0201886276e+000 -5.8417941269e+001
72 65 45
2 0 431 130.2600 -39.7200 1 587 59.0800 19.2600
1.2611815161e+001 -3.8555483876e+000 -6.2384525479e+001
202 198 185
2 0 435 121.3100 -35.2600 1 596 50.2100 24.6800
-1.4252057384e+000 -3.7332293257e-001 -7.9711880629e+000
210 203 177
2 0 438 -144.8500 -32.3700 1 608 -158.3400 46.1800
-1.4252057384e+000 -3.7332293257e-001 -7.9711880629e+000
210 203 177
2 0 439 -144.8500 -32.3700 1 609 -158.3400 46.1800
-1.5206974920e+000 -3.4186064229e-001 -8.0026340082e+000
186 172 149
2 0 444 -153.9400 -28.8300 1 614 -168.1000 50.3900
-1.0085312572e+000 -2.8594208757e-001 -7.8700753225e+000
181 175 149
2 0 448 -103.3100 -24.1600 1 616 -113.0000 52.1800
1.3000871435e+001 -1.1356128510e+000 -2.8396184430e+001
21 20 13
2 0 449 292.6600 -21.8400 1 595 222.8700 24.5800
1.4682514477e-001 -2.0606037645e-001 -7.6105371515e+000
216 203 165
2 0 451 20.3100 -17.4700 1 612 17.2200 50.7400
-1.6225214836e+000 -1.8965842624e-001 -8.0062595784e+000
160 158 144
2 0 454 -164.2100 -13.1100 1 622 -178.1500 67.6400
-1.6225214836e+000 -1.8965842624e-001 -8.0062595784e+000
160 158 144
2 0 455 -164.2100 -13.1100 1 623 -178.1500 67.6400
-1.5165288462e+000 -1.7896503198e-001 -7.9827487905e+000
167 163 151
2 0 456 -153.9400 -12.1700 1 385 -166.9100 68.0000
-8.0047730146e-001 -9.7997565758e-002 -7.8309341416e+000
166 164 150
2 0 459 -81.7400 -4.5200 1 392 -88.7600 71.1600
-6.8382576626e-001 -8.6846112512e-002 -7.8075980297e+000
152 150 133
2 0 460 -69.5400 -3.4700 1 391 -75.7500 71.4500
-1.3421813227e+000 -1.3680862665e-002 -8.1281620356e+000
190 179 165
2 0 465 -133.1700 4.7500 1 414 -145.3800 84.5000
-1.6481654502e+000 2.5201400348e-001 -8.5505087778e+000
86 76 65
2 0 468 -154.3300 30.1300 1 418 -170.3300 112.5600
2.2897808769e+000 2.4486715842e-001 -6.9561440206e+000
166 162 146
2 0 470 281.3400 33.1700 1 627 279.2200 80.0200
-1.1258430264e+000 3.7598238749e-001 -8.3091044683e+000
44 39 27
2 0 471 -108.4400 43.2300 1 423 -118.6300 122.6000
-5.5700674314e-001 3.8915848093e-001 -8.1447832920e+000
193 186 168
2 0 472 -53.4200 45.2400 1 632 -59.4100 120.4400
-4.1109136448e-001 4.0641373595e-001 -8.1374727256e+000
197 190 172
2 0 473 -38.6800 47.1400 1 420 -43.9700 120.8300
-3.9285164669e-002 4.4642892103e-001 -8.0276141408e+000
195 188 170
2 0 475 -0.7200 51.6100 1 634 -3.6600 122.6000
1.6424342213e+000 6.3387527188e-001 -7.5638871167e+000
186 179 158
2 0 485 184.4400 73.7700 1 639 185.2400 128.7000
-2.6726312822e+000 -1.5883179763e+000 -1.0299561654e+001
37 38 26
2 0 547 -200.9600 -111.3900 1 776 -239.3200 -33.4300
-2.6745127760e+000 -3.3287777049e+000 -3.6603227219e+001
74 63 44
2 0 575 -59.4200 -55.0000 1 803 -125.0100 16.4900
-1.9132018185e+000 -6.1348661966e-001 -8.3589821749e+000
204 199 194
2 0 577 -184.0200 -52.9500 1 826 -204.9700 26.7600
-3.7807809166e-001 -4.7836068042e-001 -7.5806105192e+000
213 210 201
2 0 579 -37.9700 -47.5200 1 820 -43.5700 24.0900
1.3827997990e+001 -4.0324400514e+000 -5.4876944305e+001
101 95 80
2 0 582 154.0000 -42.5000 1 799 82.3000 14.2000
-2.0872532043e-002 -4.2084013007e-001 -7.5286747678e+000
221 217 208
2 0 583 1.8700 -41.8400 1 828 -2.1000 27.4500
3.2770792278e-002 -4.1250666607e-001 -7.5063869231e+000
221 214 204
2 0 584 7.9600 -41.0900 1 829 4.3700 27.7600
5.9524623076e-001 -3.8490619774e-001 -7.3525415465e+000
67 60 48
2 0 586 73.2600 -39.3500 1 823 71.3400 25.0000
-1.3587648692e+000 -4.1079804099e-001 -7.9084206407e+000
49 45 36
2 0 589 -139.2900 -36.8000 1 849 -152.0500 41.3500
-1.3587648692e+000 -4.1079804099e-001 -7.9084206407e+000
49 45 36
2 0 590 -139.2900 -36.8000 1 850 -152.0500 41.3500
-1.4108403752e+000 -4.1697362408e-001 -7.9360697291e+000
45 38 28
2 0 591 -144.1100 -37.1900 1 843 -157.4700 41.2000
-1.3139144655e+000 -4.0638759405e-001 -7.9112931494e+000
48 44 34
2 0 593 -134.5700 -36.3600 1 847 -147.0700 41.5200
-1.3139144655e+000 -4.0638759405e-001 -7.9112931494e+000
48 44 34
2 0 594 -134.5700 -36.3600 1 848 -147.0700 41.5200
-1.2571901223e+000 -3.9991006992e-001 -7.8930416415e+000
40 36 25
2 0 597 -129.0100 -35.8900 1 846 -140.9800 41.7400
5.8273914988e-001 -3.4933478928e-001 -7.3645270376e+000
228 226 214
2 0 598 71.6800 -35.1500 1 833 69.9700 29.2800
-1.5960845495e+000 -4.0272140420e-001 -7.9929808498e+000
205 197 185
2 0 599 -161.8400 -35.1700 1 871 -176.7700 44.4000
-9.9866380838e-001 -3.7055308224e-001 -7.7889975184e+000
35 34 24
2 0 600 -103.4900 -33.7000 1 856 -112.8800 42.4600
-1.4495146019e+000 -3.8654093499e-001 -7.9826424519e+000
206 201 181
2 0 601 -147.1000 -33.6400 1 878 -160.9200 44.9800
-1.4495146019e+000 -3.8654093499e-001 -7.9826424519e+000
206 201 181
2 0 602 -147.1000 -33.6400 1 879 -160.9200 44.9800
-8.9548775662e-001 -3.5778445559e-001 -7.7752634705e+000
49 46 35
2 0 605 -92.6500 -32.5200 1 859 -101.3300 43.0300
-8.9548775662e-001 -3.5778445559e-001 -7.7752634705e+000
49 46 35
2 0 606 -92.6500 -32.5200 1 860 -101.3300 43.0300
1.6537208012e+000 -2.9862997519e-001 -7.0701409116e+000
231 224 197
2 0 607 202.9800 -31.1700 1 817 199.8200 23.2800
-5.8740485028e-001 -3.2467812816e-001 -7.7035310917e+000
46 42 34
2 0 614 -60.1500 -29.6200 1 865 -66.6000 43.9400
-5.8740485028e-001 -3.2467812816e-001 -7.7035310917e+000
46 42 34
2 0 615 -60.1500 -29.6200 1 866 -66.6000 43.9400
-1.5810529269e+000 -3.5314208402e-001 -8.0433015889e+000
49 44 32
2 0 620 -159.1800 -29.3200 1 931 -174.0900 49.4100
-3.1438326836e-001 -2.9485571025e-001 -7.6619882995e+000
48 45 36
2 0 629 -30.5500 -26.8000 1 875 -35.5400 44.9000
1.7104726491e+000 -2.5873376717e-001 -7.0606105386e+000
52 44 39
2 0 630 209.9600 -26.5200 1 827 206.8600 27.4000
-2.6348170409e-001 -2.8994597938e-001 -7.6595460015e+000
73 69 61
2 0 632 -24.9700 -26.3300 1 873 -29.7900 45.0500
-9.6011323629e-001 -3.0199964115e-001 -7.8402626947e+000
55 47 30
2 0 633 -98.6200 -26.1900 1 918 -107.9000 50.0600
-2.0639825826e-001 -2.8252228003e-001 -7.6301866066e+000
38 37 28
2 0 634 -18.7400 -25.6700 1 886 -23.0400 45.2300
1.1271690698e+001 -1.3056776494e+000 -2.9032964059e+001
28 31 17
2 0 637 248.8900 -25.2000 1 822 181.3000 24.8500
-1.5280034628e-001 -2.7797002337e-001 -7.6344838259e+000
47 46 38
2 0 638 -12.8300 -25.1800 1 884 -17.0600 45.3300
-1.5280034628e-001 -2.7797002337e-001 -7.6344838259e+000
47 46 38
2 0 639 -12.8300 -25.1800 1 885 -17.0600 45.3300
-1.0602334271e+000 -2.9212009706e-001 -7.8899191582e+000
56 48 34
2 0 640 -108.4400 -24.7000 1 944 -118.6300 52.0000
-1.0602334271e+000 -2.9212009706e-001 -7.8899191582e+000
56 48 34
2 0 641 -108.4400 -24.7000 1 945 -118.6300 52.0000
-4.4490961055e-002 -2.6639342015e-001 -7.6251627538e+000
38 34 33
2 0 644 -0.8800 -24.0200 1 880 -4.7700 45.7000
1.6582108438e+000 -2.2950604095e-001 -7.0537293274e+000
231 227 213
2 0 647 204.2500 -23.0400 1 834 201.9900 31.1900
1.1437288262e-001 -2.4831301021e-001 -7.5552384887e+000
35 32 21
2 0 651 16.9900 -22.4700 1 888 14.2100 46.0800
1.1437288262e-001 -2.4831301021e-001 -7.5552384887e+000
35 32 21
2 0 652 16.9900 -22.4700 1 889 14.2100 46.0800
1.6967755270e-001 -2.4331552796e-001 -7.5683687048e+000
40 41 33
2 0 653 23.0700 -21.8500 1 891 20.1800 46.2200
2.2188068232e+000 -1.9961603485e-001 -6.9001612966e+000
50 44 36
2 0 655 275.8400 -20.2600 1 830 269.9900 28.3800
2.1384568384e+000 -1.7343552376e-001 -6.9015981009e+000
224 221 208
2 0 664 266.6200 -17.0900 1 837 261.9600 32.2200
2.1935273397e+000 -1.6604540606e-001 -6.8939129436e+000
230 226 223
2 0 665 273.3400 -16.2500 1 838 268.2200 32.5400
-2.6263432740e-002 -1.6963967571e-001 -7.6569166030e+000
178 167 144
2 0 666 1.1100 -13.2300 1 950 -2.3500 56.4800
7.7969873138e-001 -1.3823485189e-001 -7.4186365432e+000
219 212 183
2 0 667 93.3000 -10.7700 1 943 92.3700 52.0100
1.3280486673e+000 -1.1362618067e-001 -7.2519443102e+000
47 44 39
2 0 672 159.5500 -8.6300 1 900 158.5000 49.0500
1.3280486673e+000 -1.1362618067e-001 -7.2519443102e+000
47 44 39
2 0 673 159.5500 -8.6300 1 901 158.5000 49.0500
1.4328436133e+000 -1.0193473986e-001 -7.2242371192e+000
44 42 29
2 0 675 172.3600 -7.3700 1 911 171.1100 49.2700
7.3681209291e-001 -8.4757099666e-002 -7.4941885029e+000
190 179 162
2 0 677 87.1900 -4.6600 1 954 85.9100 58.8500
8.1450195583e-001 -7.6609575603e-002 -7.4627274022e+000
185 176 160
2 0 678 96.4300 -3.7800 1 953 95.4100 58.9100
1.7388852063e+000 -6.7462103885e-002 -7.1369624315e+000
39 40 33
2 0 680 210.3600 -3.6200 1 915 208.2300 49.8900
1.4318254496e+000 -6.5782700874e-002 -7.2781984243e+000
215 203 177
2 0 681 170.5000 -3.0200 1 948 168.9900 53.6100
1.7869958517e+000 -6.1540100660e-002 -7.1176774051e+000
32 29 18
2 0 682 216.6100 -2.9500 1 912 214.3600 49.9900
1.0823416501e+000 -6.0913091473e-002 -7.4175031777e+000
124 114 87
2 0 684 127.3400 -2.1700 1 951 126.0500 58.0300
9.0815970936e-001 -6.5794080986e-002 -7.4420117103e+000
192 187 165
2 0 685 107.3200 -2.6200 1 956 106.3600 59.1900
9.6575082004e-001 -5.8530456175e-002 -7.4163572828e+000
166 161 140
2 0 686 114.3300 -1.8700 1 955 113.5500 59.4100
1.8872328634e+000 -5.0203232897e-002 -7.0956957334e+000
50 47 35
2 0 688 228.9200 -1.7200 1 928 226.1500 50.2500
1.3921249951e+000 -9.9024602903e-003 -7.2992903297e+000
161 156 142
2 0 693 165.4100 3.4200 1 957 164.4600 60.4800
1.8876228480e+000 4.5068379090e-002 -7.1447395565e+000
158 153 132
2 0 695 226.9300 9.5300 1 958 224.6600 61.3800
1.7157873156e+000 2.1758174430e-001 -7.1903865235e+000
25 27 18
2 0 699 205.8600 29.6200 1 961 206.3300 83.1900
-1.9084808418e+000 2.7223974291e-001 -8.7815723246e+000
54 50 55
2 0 701 -173.2400 31.3400 1 630 -192.4000 114.9400
1.8186031670e+000 2.9282278232e-001 -7.2147076040e+000
53 51 39
2 0 703 216.4200 38.3100 1 963 216.6100 90.4300
-1.1910500845e-001 6.8856710795e-001 -8.2908797657e+000
162 164 166
2 0 706 -8.9600 73.6800 1 972 -13.1800 146.0400
-2.7998480817e+000 -2.7509223789e+000 -9.4789149115e+000
117 111 99
2 0 720 -228.0200 -216.4700 1 1073 -267.5300 -138.9700
-3.2249326607e+000 -2.0284849934e+000 -1.0165474301e+001
84 76 65
2 0 775 -243.7000 -145.1600 1 1140 -285.2400 -66.0600
-3.2249326607e+000 -2.0284849934e+000 -1.0165474301e+001
84 76 65
2 0 776 -243.7000 -145.1600 1 1141 -285.2400 -66.0600
8.5515229750e-001 -1.1398579801e+000 -7.5506812408e+000
195 193 178
2 0 793 97.9500 -120.8100 1 1148 86.0400 -57.5500
8.5515229750e-001 -1.1398579801e+000 -7.5506812408e+000
195 193 178
2 0 794 97.9500 -120.8100 1 1149 86.0400 -57.5500
6.8670288973e-001 -9.6856988824e-001 -7.1443950861e+000
48 44 32
2 0 803 86.6600 -110.3800 1 1566 81.5100 -46.4200
6.8096047337e-001 -9.2237082354e-001 -7.1395938384e+000
54 52 37
2 0 812 86.1200 -104.6900 1 1157 81.5200 -41.4600
9.5680962303e-001 -8.0628030554e-001 -6.9895271765e+000
89 91 78
2 0 815 122.5100 -93.6700 1 1160 119.7000 -32.5200
-1.4094706276e+000 -7.5630397975e-001 -7.8937598968e+000
182 176 150
2 0 825 -144.7900 -73.0200 1 1188 -159.8400 4.0400
-3.0373609216e+000 -1.0317671012e+000 -1.0604114127e+001
68 67 56
2 0 830 -220.7100 -67.3900 1 796 -259.7300 13.4900
-3.0373609216e+000 -1.0317671012e+000 -1.0604114127e+001
68 67 56
2 0 831 -220.7100 -67.3900 1 797 -259.7300 13.4900
-3.0108793647e+000 -9.8635866549e-001 -1.0615365828e+001
47 58 59
2 0 832 -218.6400 -63.8600 1 1193 -257.4100 16.6300
-1.6087381181e+000 -6.6550849899e-001 -7.8688344860e+000
50 41 31
2 0 834 -166.1000 -63.4300 1 801 -181.5800 14.8700
-1.5001978513e+000 -6.0554739791e-001 -7.8227613978e+000
65 62 53
2 0 842 -155.9100 -57.8400 1 1199 -169.9400 20.3200
6.8021662469e-001 -5.2163861159e-001 -7.3462866169e+000
36 31 18
2 0 845 82.9600 -55.4400 1 1192 79.5800 8.8900
-1.5703402720e+000 -5.8090079921e-001 -7.8220239347e+000
219 219 210
2 0 846 -163.2800 -55.2200 1 819 -177.6100 23.5900
-4.4252333723e-001 -5.0014703388e-001 -7.5959572616e+000
212 206 198
2 0 852 -45.0400 -49.8700 1 1202 -51.1600 22.3800
-1.8940433551e+000 -5.1423318696e-001 -8.4140874637e+000
198 192 168
2 0 861 -180.8400 -42.8900 1 1227 -201.5300 36.9900
1.2290493901e+001 -4.1947329074e+000 -5.8955599036e+001
78 72 53
2 0 862 125.6000 -41.2300 1 1196 54.3800 18.1000
-1.5286612213e+000 -4.6286860574e-001 -7.9566343485e+000
203 201 185
2 0 864 -155.7900 -41.6600 1 1226 -170.3300 37.1600
-1.0799431553e+000 5.6887655903e-001 6.0227525286e+000
52 44 30
2 0 866 62.9000 -40.4000 1 1203 -64.9800 22.4500
-1.6086490075e+000 -4.3858596440e-001 -7.9530209413e+000
40 36 25
2 0 868 -164.0800 -39.1400 1 1233 -178.9600 40.3900
-1.5607577844e+000 -4.3362901125e-001 -7.9422185662e+000
46 43 37
2 0 870 -159.4200 -38.7800 1 842 -173.8700 40.5500
1.6058203136e+000 -3.5772748992e-001 -7.1351809792e+000
202 192 166
2 0 871 194.8800 -37.6000 1 1195 190.7500 17.3800
-1.4577183484e+000 -3.9080089557e-001 -7.9682823539e+000
218 212 197
2 0 878 -148.2500 -34.1900 1 1240 -162.0200 44.5300
-1.4742710759e+000 -3.6206117113e-001 -7.9597334686e+000
60 53 34
2 0 884 -150.1300 -31.3400 1 897 -163.7600 47.8100
-2.2597089867e-001 -3.2058859455e-001 -7.6485939169e+000
206 201 181
2 0 885 -20.8900 -29.7500 1 1235 -25.7500 41.2300
-9.4373671714e-001 -3.3257106666e-001 -7.8220493594e+000
218 212 199
2 0 886 -97.1500 -29.5200 1 1242 -106.3700 46.4500
1.7415401940e+000 -2.5959216772e-001 -7.0351828791e+000
204 201 192
2 0 891 214.5900 -26.8300 1 1216 211.4900 26.8600
-3.0169760347e-001 -1.9338503449e-001 -7.7314181192e+000
172 166 144
2 0 903 -28.9200 -15.3800 1 1252 -33.9000 56.3500
1.8476613959e-001 -1.4061551078e-001 -7.6146167274e+000
168 160 140
2 0 911 24.5200 -10.3200 1 1253 21.9300 57.8300
6.3146400008e-001 -8.9963870246e-002 -7.5199767546e+000
215 204 185
2 0 915 75.0400 -5.1000 1 1255 73.6400 59.2500
2.0450584006e+000 -1.2563821357e-003 -7.0187970181e+000
224 217 198
2 0 920 250.3600 3.9900 1 1251 247.4500 53.9600
1.9594465710e+000 8.1911239005e-002 -7.0969417183e+000
50 46 34
2 0 924 237.1300 13.9200 1 1725 235.1400 64.6900
-1.8516466950e+000 1.3471232202e-001 -8.7289450991e+000
53 47 33
2 0 927 -169.3800 19.0600 1 1271 -188.5300 101.2700
1.7376876019e+000 1.8562478405e-001 -7.1738282098e+000
163 156 148
2 0 930 208.9500 26.0600 1 1266 209.1200 79.1500
1.8464352789e+000 1.9646526498e-001 -7.1322051889e+000
164 161 145
2 0 931 222.9300 27.3700 1 1264 222.8000 79.2200
1.8464352789e+000 1.9646526498e-001 -7.1322051889e+000
164 161 145
2 0 932 222.9300 27.3700 1 1265 222.8000 79.2200
-1.5855650123e+000 3.3928744788e-001 -8.3893555164e+000
25 25 20
2 0 934 -151.7300 39.4800 1 965 -165.4700 121.6900
-1.5855650123e+000 3.3928744788e-001 -8.3893555164e+000
25 25 20
2 0 935 -151.7300 39.4800 1 966 -165.4700 121.6900
1.7038310432e+000 8.3502011804e-001 -8.2157587930e+000
145 143 130
2 0 938 170.8300 86.8300 1 1275 166.1300 142.6500
1.9842879641e+000 8.1234637383e-001 -7.5188863918e+000
141 137 126
2 0 939 222.1500 92.9400 1 1277 222.8900 144.3500
2.0015620766e+000 8.4561129728e-001 -7.4907397309e+000
125 116 104
2 0 941 225.0600 96.9100 1 1279 226.3100 148.0600
2.2092000847e+000 9.0574704445e-001 -7.4154876158e+000
213 220 228
2 0 942 250.0300 103.9900 1 1280 251.0000 152.7900
-2.9054288920e+000 -2.6379517654e+000 -9.5771341648e+000
149 153 134
2 0 969 -233.9700 -204.7400 1 1452 -273.9500 -126.9800
-2.9667405702e+000 -2.6070336934e+000 -9.7051360675e+000
45 40 25
2 0 978 -235.3800 -199.1400 1 1468 -275.9600 -120.9400
-2.7506723349e+000 -2.3327079413e+000 -9.6724852167e+000
146 144 123
2 0 991 -220.2400 -180.0800 1 1115 -259.0200 -100.4800
-1.3806088211e+000 -7.8742364295e-001 -8.0534811270e+000
176 168 148
2 0 1111 -138.5300 -74.1400 1 1614 -155.0000 2.3500
-2.7632433010e+000 -1.0761758185e+000 -1.0522927953e+001
137 133 124
2 0 1112 -203.1200 -71.3900 1 1618 -240.8600 8.0900
-1.9244689119e+000 -6.5006422053e-001 -8.3091496792e+000
60 63 58
2 0 1128 -186.3600 -57.1200 1 1637 -207.2400 22.8800
-1.0778654050e+000 -5.6246504875e-001 -7.7389112285e+000
65 59 46
2 0 1135 -112.7800 -54.6100 1 1200 -123.3400 21.3200
-1.4309194041e+000 -5.2048616818e-001 -7.8807439996e+000
213 205 192
2 0 1143 -147.3700 -48.4800 1 1654 -160.9900 29.7400
-4.3796107691e-002 -4.5621049863e-001 -7.5076398653e+000
51 49 37
2 0 1144 -0.6700 -46.0400 1 1639 -4.7000 23.4900
-1.5958831630e+000 -4.7289885680e-001 -8.0016820267e+000
206 203 186
2 0 1153 -161.6100 -42.2600 1 1662 -177.0200 36.8200
7.5506992852e-002 -4.0293844469e-001 -7.5234273687e+000
216 210 198
2 0 1155 12.6900 -39.8600 1 1650 8.9900 28.6100
-1.4967026084e+000 -3.7899739685e-001 -7.9256111764e+000
68 63 48
2 0 1168 -153.2100 -33.2400 1 1675 -166.7700 45.9200
-9.1913882692e-001 -2.6275095092e-001 -7.9001323995e+000
159 149 121
2 0 1184 -93.4800 -21.6700 1 1691 -102.9100 54.1700
3.1567953587e-002 -1.9095275438e-001 -7.6363041045e+000
202 188 156
2 0 1194 7.5200 -15.8000 1 1687 4.1700 53.6600
1.4347766840e-001 -1.8449895758e-001 -7.5944416322e+000
188 173 140
2 0 1197 20.0300 -14.9900 1 1684 17.3400 52.9700
3.3196367816e-002 -1.5349383895e-001 -7.6494111268e+000
145 139 123
2 0 1205 7.6700 -11.5700 1 1700 4.4800 57.8100
-2.2243589121e-001 -1.4049296043e-001 -7.7837897560e+000
72 73 63
2 0 1209 -20.2400 -9.5000 1 1718 -25.2500 61.6200
2.4854604124e-001 -1.3022284736e-001 -7.6030599027e+000
167 162 141
2 0 1212 31.6400 -9.2100 1 1702 29.2800 58.3800
-8.6286702233e-001 -1.1024908183e-001 -7.8647307195e+000
119 116 99
2 0 1217 -87.9600 -5.6800 1 1735 -95.7000 70.3000
-6.3344889115e-001 -4.1586692898e-002 -4.2410942869e+000
42 43 34
2 0 1218 -139.1700 -5.5700 1 1750 -44.5100 78.3000
6.7591266747e-001 -8.1899276394e-002 -7.5012593661e+000
162 152 137
2 0 1219 80.2800 -4.1900 1 1707 79.1000 59.6400
1.0119076515e+000 -4.5094152835e-002 -7.4135824562e+000
157 149 135
2 0 1224 119.5700 -0.3200 1 1713 118.7800 60.4400
1.0529869667e+000 -4.1019545088e-002 -7.3984860286e+000
140 133 115
2 0 1226 124.5400 0.0400 1 1712 123.8000 60.5400
1.1027513348e+000 -3.6191051755e-002 -7.3905325273e+000
136 130 114
2 0 1227 130.3000 0.7300 1 1711 129.5100 60.4200
1.2855601283e+000 -1.5681860947e-002 -7.3487201892e+000
196 189 170
2 0 1231 151.9500 2.7900 1 1714 150.9500 61.0400
1.5254555848e+000 1.0593457704e-002 -7.2743692842e+000
180 173 156
2 0 1241 181.2200 5.7600 1 1717 179.9300 61.3800
1.5619421129e+000 1.6603153461e-002 -7.2599930494e+000
156 149 132
2 0 1243 185.8300 6.3400 1 1716 184.5100 61.7600
1.5992125824e+000 2.1600834564e-002 -7.2376687922e+000
159 154 135
2 0 1245 190.8200 6.9000 1 1720 189.5500 61.9000
9.5584990556e-001 9.0479407108e-002 -7.4180454817e+000
113 111 96
2 0 1255 113.3000 14.9900 1 1746 113.9600 76.4800
1.0370448203e-001 3.8345723729e-002 -4.0977430712e+000
45 45 33
2 0 1256 58.9300 15.2100 1 1762 172.7900 83.3400
2.2445787595e+000 1.1501249136e-001 -7.0251759379e+000
70 64 51
2 0 1259 272.6000 17.5300 1 1728 268.8300 65.5100
-1.9131907881e+000 1.6348899487e-001 -8.7989538135e+000
167 160 148
2 0 1263 -173.3600 21.5800 1 1773 -193.2100 104.1800
2.0235937426e+000 1.6133398394e-001 -7.1093973844e+000
34 31 15
2 0 1266 243.8300 23.0800 1 1741 241.9600 73.2800
1.8112480763e+000 1.9259934972e-001 -7.1480662084e+000
167 165 149
2 0 1271 218.2900 26.9400 1 1752 218.2400 79.1100
2.0057479640e+000 2.1458373000e-001 -7.0891418510e+000
140 134 117
2 0 1275 242.7900 29.4100 1 1755 241.8900 79.6400
-1.3505588030e+000 4.0401295346e-001 -8.3334761224e+000
63 60 51
2 0 1286 -130.0200 46.0300 1 1790 -141.4600 126.9800
2.8628074722e-001 3.1014665898e-001 -5.5083573595e+000
203 195 182
2 0 1292 63.4600 58.4200 1 1785 108.3500 125.7400
1.7059313452e+000 7.7558607514e-001 -7.5769442506e+000
139 136 124
2 0 1315 190.7100 88.7900 1 1812 192.3300 143.2600
2.2011069600e+000 9.3218994237e-001 -7.4824554487e+000
131 132 139
2 0 1322 246.2400 105.8100 1 1283 246.8300 154.9400
